info: ::1 - - [21/Feb/2023:05:33:46 +0000] "GET /api/v1/notes/Allnotes HTTP/1.1" 400 56 "-" "PostmanRuntime/7.31.0"

info: ::1 - - [21/Feb/2023:05:34:08 +0000] "POST /api/v1/users/login HTTP/1.1" 200 271 "-" "PostmanRuntime/7.31.0"

info: ::1 - - [21/Feb/2023:05:38:53 +0000] "POST /api/v1/login HTTP/1.1" 404 47 "-" "PostmanRuntime/7.31.0"

info: ::1 - - [21/Feb/2023:05:39:17 +0000] "POST /api/v1/login HTTP/1.1" 404 47 "-" "PostmanRuntime/7.31.0"

info: ::1 - - [21/Feb/2023:05:40:31 +0000] "GET /api/v1/ HTTP/1.1" 200 9 "-" "PostmanRuntime/7.31.0"

info: ::1 - - [21/Feb/2023:05:41:44 +0000] "POST /api/v1/users/login HTTP/1.1" 500 199 "-" "PostmanRuntime/7.31.0"

info: ::1 - - [21/Feb/2023:05:42:03 +0000] "GET /api/v1/users/resetpwd HTTP/1.1" 404 47 "-" "PostmanRuntime/7.31.0"

info: ::1 - - [21/Feb/2023:05:42:57 +0000] "PUT /api/v1/users/resetpwd HTTP/1.1" 400 56 "-" "PostmanRuntime/7.31.0"

info: ::1 - - [21/Feb/2023:05:43:47 +0000] "GET /api/v1/ HTTP/1.1" 200 9 "-" "PostmanRuntime/7.31.0"

info: ::1 - - [21/Feb/2023:05:45:37 +0000] "POST /api/v1/users/Register HTTP/1.1" 201 324 "-" "PostmanRuntime/7.31.0"

info: ::1 - - [21/Feb/2023:05:46:40 +0000] "POST /api/v1/users/login HTTP/1.1" 200 275 "-" "PostmanRuntime/7.31.0"

info: ::1 - - [21/Feb/2023:05:47:33 +0000] "GET /api/v1/notes HTTP/1.1" 404 47 "-" "PostmanRuntime/7.31.0"

info: ::1 - - [21/Feb/2023:05:47:42 +0000] "GET /api/v1/ HTTP/1.1" 200 9 "-" "PostmanRuntime/7.31.0"

info: ::1 - - [21/Feb/2023:05:49:16 +0000] "POST /api/v1/notes/create HTTP/1.1" 500 61 "-" "PostmanRuntime/7.31.0"

info: ::1 - - [21/Feb/2023:05:50:45 +0000] "POST /api/v1/notes/create HTTP/1.1" 500 86 "-" "PostmanRuntime/7.31.0"

info: ::1 - - [21/Feb/2023:05:51:56 +0000] "POST /api/v1/notes/create HTTP/1.1" 500 86 "-" "PostmanRuntime/7.31.0"

info: ::1 - - [21/Feb/2023:06:11:16 +0000] "POST /api/v1/notes/create HTTP/1.1" 500 86 "-" "PostmanRuntime/7.31.0"

info: ::1 - - [21/Feb/2023:06:11:22 +0000] "POST /api/v1/notes/create HTTP/1.1" 500 86 "-" "PostmanRuntime/7.31.0"

info: ::1 - - [21/Feb/2023:06:11:27 +0000] "POST /api/v1/notes/create HTTP/1.1" 500 86 "-" "PostmanRuntime/7.31.0"

info: ::1 - - [21/Feb/2023:06:17:38 +0000] "POST /api/v1/notes/create HTTP/1.1" 500 86 "-" "PostmanRuntime/7.31.0"

info: ::1 - - [21/Feb/2023:06:21:41 +0000] "POST /api/v1/notes/create HTTP/1.1" 500 55 "-" "PostmanRuntime/7.31.0"

info: ::1 - - [21/Feb/2023:06:21:51 +0000] "POST /api/v1/notes/create HTTP/1.1" 500 55 "-" "PostmanRuntime/7.31.0"

info: ::1 - - [21/Feb/2023:06:23:46 +0000] "POST /api/v1/notes/create HTTP/1.1" 500 55 "-" "PostmanRuntime/7.31.0"

info: ::1 - - [21/Feb/2023:06:25:22 +0000] "POST /api/v1/notes/create HTTP/1.1" 500 55 "-" "PostmanRuntime/7.31.0"

info: ::1 - - [21/Feb/2023:06:28:12 +0000] "POST /api/v1/notes/create HTTP/1.1" 500 55 "-" "PostmanRuntime/7.31.0"

info: ::1 - - [21/Feb/2023:06:34:28 +0000] "POST /api/v1/notes/create HTTP/1.1" 500 55 "-" "PostmanRuntime/7.31.0"

info: ::1 - - [21/Feb/2023:06:34:55 +0000] "POST /api/v1/notes/create HTTP/1.1" 500 55 "-" "PostmanRuntime/7.31.0"

info: ::1 - - [21/Feb/2023:06:34:56 +0000] "POST /api/v1/notes/create HTTP/1.1" 500 55 "-" "PostmanRuntime/7.31.0"

info: ::1 - - [21/Feb/2023:06:34:58 +0000] "POST /api/v1/notes/create HTTP/1.1" 500 55 "-" "PostmanRuntime/7.31.0"

info: ::1 - - [21/Feb/2023:06:39:52 +0000] "POST /api/v1/notes/create HTTP/1.1" 500 55 "-" "PostmanRuntime/7.31.0"

info: ::1 - - [21/Feb/2023:06:50:43 +0000] "POST /api/v1/notes/create HTTP/1.1" 500 55 "-" "PostmanRuntime/7.31.0"

info: ::1 - - [21/Feb/2023:06:57:47 +0000] "POST /api/v1/notes/create HTTP/1.1" 500 55 "-" "PostmanRuntime/7.31.0"

info: ::1 - - [21/Feb/2023:06:57:54 +0000] "POST /api/v1/notes/create HTTP/1.1" 500 86 "-" "PostmanRuntime/7.31.0"

info: ::1 - - [21/Feb/2023:06:58:05 +0000] "POST /api/v1/notes/create HTTP/1.1" 500 86 "-" "PostmanRuntime/7.31.0"

info: ::1 - - [21/Feb/2023:06:58:06 +0000] "POST /api/v1/notes/create HTTP/1.1" 500 86 "-" "PostmanRuntime/7.31.0"

info: ::1 - - [21/Feb/2023:06:58:45 +0000] "POST /api/v1/notes/create HTTP/1.1" 500 55 "-" "PostmanRuntime/7.31.0"

info: ::1 - - [21/Feb/2023:07:02:15 +0000] "POST /api/v1/notes/create HTTP/1.1" 500 55 "-" "PostmanRuntime/7.31.0"

info: ::1 - - [21/Feb/2023:07:02:30 +0000] "POST /api/v1/notes/create HTTP/1.1" 500 55 "-" "PostmanRuntime/7.31.0"

info: ::1 - - [21/Feb/2023:07:03:55 +0000] "POST /api/v1/notes/create HTTP/1.1" 500 86 "-" "PostmanRuntime/7.31.0"

info: ::1 - - [21/Feb/2023:07:04:02 +0000] "POST /api/v1/notes/create HTTP/1.1" 500 86 "-" "PostmanRuntime/7.31.0"

info: ::1 - - [21/Feb/2023:07:04:05 +0000] "POST /api/v1/notes/create HTTP/1.1" 500 86 "-" "PostmanRuntime/7.31.0"

info: ::1 - - [21/Feb/2023:07:06:54 +0000] "POST /api/v1/notes/create HTTP/1.1" 500 86 "-" "PostmanRuntime/7.31.0"

info: ::1 - - [21/Feb/2023:07:14:22 +0000] "POST /api/v1/notes/create HTTP/1.1" 500 86 "-" "PostmanRuntime/7.31.0"

info: ::1 - - [21/Feb/2023:07:14:37 +0000] "POST /api/v1/notes/create HTTP/1.1" 500 86 "-" "PostmanRuntime/7.31.0"

info: ::1 - - [21/Feb/2023:07:19:49 +0000] "POST /api/v1/notes/create HTTP/1.1" 500 55 "-" "PostmanRuntime/7.31.0"

info: ::1 - - [21/Feb/2023:07:23:37 +0000] "POST /api/v1/notes/create HTTP/1.1" 500 55 "-" "PostmanRuntime/7.31.0"

info: ::1 - - [21/Feb/2023:08:31:21 +0000] "POST /api/v1/notes/create HTTP/1.1" 500 55 "-" "PostmanRuntime/7.31.0"

info: ::1 - - [21/Feb/2023:08:31:25 +0000] "POST /api/v1/notes/create HTTP/1.1" 500 55 "-" "PostmanRuntime/7.31.0"

info: ::1 - - [21/Feb/2023:08:34:24 +0000] "POST /api/v1/users/Register HTTP/1.1" 500 56 "-" "PostmanRuntime/7.31.0"

info: ::1 - - [21/Feb/2023:08:34:49 +0000] "POST /api/v1/users/login HTTP/1.1" 200 275 "-" "PostmanRuntime/7.31.0"

info: ::1 - - [21/Feb/2023:08:34:55 +0000] "POST /api/v1/notes/create HTTP/1.1" 500 55 "-" "PostmanRuntime/7.31.0"

info: ::1 - - [21/Feb/2023:08:35:37 +0000] "POST /api/v1/notes/create HTTP/1.1" 500 55 "-" "PostmanRuntime/7.31.0"

info: ::1 - - [21/Feb/2023:08:37:03 +0000] "POST /api/v1/notes/create HTTP/1.1" 500 55 "-" "PostmanRuntime/7.31.0"

info: ::1 - - [21/Feb/2023:08:37:36 +0000] "POST /api/v1/notes/create HTTP/1.1" 500 55 "-" "PostmanRuntime/7.31.0"

info: ::1 - - [21/Feb/2023:08:39:46 +0000] "POST /api/v1/notes/create HTTP/1.1" 500 55 "-" "PostmanRuntime/7.31.0"

info: ::1 - - [21/Feb/2023:08:39:49 +0000] "POST /api/v1/notes/create HTTP/1.1" 500 55 "-" "PostmanRuntime/7.31.0"

info: ::1 - - [21/Feb/2023:08:39:51 +0000] "POST /api/v1/notes/create HTTP/1.1" 500 55 "-" "PostmanRuntime/7.31.0"

info: ::1 - - [21/Feb/2023:08:39:55 +0000] "POST /api/v1/notes/create HTTP/1.1" 500 55 "-" "PostmanRuntime/7.31.0"

info: ::1 - - [21/Feb/2023:08:39:58 +0000] "POST /api/v1/notes/create HTTP/1.1" 500 55 "-" "PostmanRuntime/7.31.0"

info: ::1 - - [21/Feb/2023:08:40:03 +0000] "POST /api/v1/notes/create HTTP/1.1" 500 55 "-" "PostmanRuntime/7.31.0"

info: ::1 - - [21/Feb/2023:08:41:42 +0000] "POST /api/v1/notes/create HTTP/1.1" 500 55 "-" "PostmanRuntime/7.31.0"

info: ::1 - - [21/Feb/2023:08:45:33 +0000] "POST /api/v1/notes/create HTTP/1.1" 500 55 "-" "PostmanRuntime/7.31.0"

info: ::1 - - [21/Feb/2023:08:45:38 +0000] "POST /api/v1/users/login HTTP/1.1" 200 275 "-" "PostmanRuntime/7.31.0"

info: ::1 - - [21/Feb/2023:08:45:44 +0000] "POST /api/v1/notes/create HTTP/1.1" 500 55 "-" "PostmanRuntime/7.31.0"

info: ::1 - - [21/Feb/2023:08:45:46 +0000] "POST /api/v1/notes/create HTTP/1.1" 500 55 "-" "PostmanRuntime/7.31.0"

info: ::1 - - [21/Feb/2023:08:51:40 +0000] "POST /api/v1/notes/create HTTP/1.1" 201 299 "-" "PostmanRuntime/7.31.0"

info: ::1 - - [21/Feb/2023:08:53:01 +0000] "POST /api/v1/notes/create HTTP/1.1" 201 299 "-" "PostmanRuntime/7.31.0"

info: ::1 - - [21/Feb/2023:08:54:22 +0000] "POST /api/v1/notes/create HTTP/1.1" 201 303 "-" "PostmanRuntime/7.31.0"

info: ::1 - - [21/Feb/2023:08:56:11 +0000] "POST /api/v1/notes/create HTTP/1.1" 500 55 "-" "PostmanRuntime/7.31.0"

info: ::1 - - [21/Feb/2023:08:56:52 +0000] "POST /api/v1/notes/create HTTP/1.1" 500 55 "-" "PostmanRuntime/7.31.0"

info: ::1 - - [21/Feb/2023:09:09:45 +0000] "POST /api/v1/notes/create HTTP/1.1" 201 296 "-" "PostmanRuntime/7.31.0"

info: ::1 - - [21/Feb/2023:09:10:58 +0000] "GET /api/v1/notes/allNote HTTP/1.1" 400 56 "-" "PostmanRuntime/7.31.0"

info: ::1 - - [21/Feb/2023:09:39:23 +0000] "POST /api/v1/notes/create HTTP/1.1" 500 55 "-" "PostmanRuntime/7.31.0"

info: ::1 - - [21/Feb/2023:09:48:15 +0000] "POST /api/v1/users/login HTTP/1.1" 200 275 "-" "PostmanRuntime/7.31.0"

info: ::1 - - [21/Feb/2023:09:48:24 +0000] "POST /api/v1/notes/create HTTP/1.1" 201 296 "-" "PostmanRuntime/7.31.0"

info: ::1 - - [21/Feb/2023:09:49:01 +0000] "POST /api/v1/notes/create HTTP/1.1" 500 55 "-" "PostmanRuntime/7.31.0"

info: ::1 - - [21/Feb/2023:09:59:38 +0000] "POST /api/v1/notes/create HTTP/1.1" 500 55 "-" "PostmanRuntime/7.31.0"

info: ::1 - - [21/Feb/2023:09:59:53 +0000] "POST /api/v1/notes/create HTTP/1.1" 500 55 "-" "PostmanRuntime/7.31.0"

info: ::1 - - [21/Feb/2023:09:59:56 +0000] "POST /api/v1/notes/create HTTP/1.1" 500 55 "-" "PostmanRuntime/7.31.0"

info: ::1 - - [21/Feb/2023:10:11:18 +0000] "POST /api/v1/notes/create HTTP/1.1" 500 55 "-" "PostmanRuntime/7.31.0"

info: ::1 - - [21/Feb/2023:10:21:45 +0000] "POST /api/v1/notes/create HTTP/1.1" 500 55 "-" "PostmanRuntime/7.31.0"

info: ::1 - - [21/Feb/2023:10:21:50 +0000] "POST /api/v1/notes/create HTTP/1.1" 500 55 "-" "PostmanRuntime/7.31.0"

info: ::1 - - [21/Feb/2023:10:24:43 +0000] "POST /api/v1/notes/create HTTP/1.1" 201 296 "-" "PostmanRuntime/7.31.0"

info: ::1 - - [21/Feb/2023:11:19:15 +0000] "POST /api/v1/notes/create HTTP/1.1" 500 55 "-" "PostmanRuntime/7.31.0"

info: ::1 - - [21/Feb/2023:11:19:21 +0000] "POST /api/v1/notes/create HTTP/1.1" 500 55 "-" "PostmanRuntime/7.31.0"

info: ::1 - - [21/Feb/2023:11:20:08 +0000] "POST /api/v1/notes/create HTTP/1.1" 500 55 "-" "PostmanRuntime/7.31.0"

info: ::1 - - [21/Feb/2023:11:21:55 +0000] "POST /api/v1/notes/create HTTP/1.1" 500 55 "-" "PostmanRuntime/7.31.0"

info: ::1 - - [21/Feb/2023:11:39:35 +0000] "POST /api/v1/notes/create HTTP/1.1" 201 300 "-" "PostmanRuntime/7.31.0"

info: ::1 - - [21/Feb/2023:11:53:49 +0000] "GET /api/v1/notes/allNote HTTP/1.1" 201 16482 "-" "PostmanRuntime/7.31.0"

info: ::1 - - [21/Feb/2023:11:55:13 +0000] "GET /api/v1/notes/allNote HTTP/1.1" 201 16482 "-" "PostmanRuntime/7.31.0"

info: ::1 - - [21/Feb/2023:11:55:19 +0000] "GET /api/v1/notes/allNote HTTP/1.1" 201 16482 "-" "PostmanRuntime/7.31.0"

info: ::1 - - [21/Feb/2023:11:55:22 +0000] "GET /api/v1/notes/allNote HTTP/1.1" 201 16482 "-" "PostmanRuntime/7.31.0"

info: ::1 - - [21/Feb/2023:11:55:32 +0000] "GET /api/v1/notes/allNote HTTP/1.1" 201 16482 "-" "PostmanRuntime/7.31.0"

info: ::1 - - [21/Feb/2023:11:57:59 +0000] "GET /api/v1/notes/allNote HTTP/1.1" 201 16482 "-" "PostmanRuntime/7.31.0"

info: ::1 - - [21/Feb/2023:11:58:05 +0000] "GET /api/v1/notes/allNote HTTP/1.1" 201 16482 "-" "PostmanRuntime/7.31.0"

info: ::1 - - [21/Feb/2023:11:58:12 +0000] "GET /api/v1/notes/allNote HTTP/1.1" 201 16482 "-" "PostmanRuntime/7.31.0"

info: ::1 - - [21/Feb/2023:11:58:18 +0000] "GET /api/v1/notes/allNote HTTP/1.1" 201 16482 "-" "PostmanRuntime/7.31.0"

info: ::1 - - [21/Feb/2023:15:40:02 +0000] "GET /api/v1/notes/allNote HTTP/1.1" 201 16482 "-" "PostmanRuntime/7.31.0"

info: ::1 - - [21/Feb/2023:15:40:11 +0000] "GET /api/v1/notes/allNote HTTP/1.1" 201 16482 "-" "PostmanRuntime/7.31.0"

info: ::1 - - [21/Feb/2023:15:40:13 +0000] "GET /api/v1/notes/allNote HTTP/1.1" 201 16482 "-" "PostmanRuntime/7.31.0"

info: ::1 - - [21/Feb/2023:15:40:14 +0000] "GET /api/v1/notes/allNote HTTP/1.1" 201 16482 "-" "PostmanRuntime/7.31.0"

