info: ::1 - - [09/Feb/2023:02:07:53 +0000] "POST /api/v1/users/login HTTP/1.1" 200 48 "-" "PostmanRuntime/7.30.1"

info: ::1 - - [09/Feb/2023:02:08:56 +0000] "POST /api/v1/users/login HTTP/1.1" 200 270 "-" "PostmanRuntime/7.30.1"

info: ::1 - - [09/Feb/2023:02:10:23 +0000] "POST /api/v1/users/login HTTP/1.1" 200 270 "-" "PostmanRuntime/7.30.1"

info: ::1 - - [09/Feb/2023:02:15:08 +0000] "GET /api/v1/ HTTP/1.1" 200 9 "-" "PostmanRuntime/7.30.1"

info: ::1 - - [09/Feb/2023:02:15:27 +0000] "GET /api/v1/users HTTP/1.1" 404 47 "-" "PostmanRuntime/7.30.1"

info: ::1 - - [09/Feb/2023:02:15:39 +0000] "GET /api/v1/users/ HTTP/1.1" 404 47 "-" "PostmanRuntime/7.30.1"

info: ::1 - - [09/Feb/2023:02:15:50 +0000] "GET /api/v1/ HTTP/1.1" 200 9 "-" "PostmanRuntime/7.30.1"

info: ::1 - - [09/Feb/2023:03:25:04 +0000] "POST /api/v1/users/login HTTP/1.1" 500 66 "-" "PostmanRuntime/7.30.1"

info: ::1 - - [09/Feb/2023:03:26:43 +0000] "POST /api/v1/users/login HTTP/1.1" 200 270 "-" "PostmanRuntime/7.30.1"

info: ::1 - - [09/Feb/2023:03:30:43 +0000] "POST /api/v1/users/login HTTP/1.1" 200 484 "-" "PostmanRuntime/7.30.1"

info: ::1 - - [09/Feb/2023:03:31:23 +0000] "POST /api/v1/users/login HTTP/1.1" 200 275 "-" "PostmanRuntime/7.30.1"

info: ::1 - - [09/Feb/2023:03:40:37 +0000] "POST /api/v1/users/login HTTP/1.1" 500 83 "-" "PostmanRuntime/7.30.1"

info: ::1 - - [09/Feb/2023:03:40:59 +0000] "POST /api/v1/users/login HTTP/1.1" 200 275 "-" "PostmanRuntime/7.30.1"

info: ::1 - - [09/Feb/2023:03:41:37 +0000] "POST /api/v1/users/login HTTP/1.1" 200 275 "-" "PostmanRuntime/7.30.1"

info: ::1 - - [09/Feb/2023:03:41:46 +0000] "POST /api/v1/users/login HTTP/1.1" 500 83 "-" "PostmanRuntime/7.30.1"

info: ::1 - - [09/Feb/2023:06:34:20 +0000] "GET /api/v1/ HTTP/1.1" 200 9 "-" "PostmanRuntime/7.30.1"

info: ::1 - - [09/Feb/2023:06:35:01 +0000] "GET /api/v1/get HTTP/1.1" 404 47 "-" "PostmanRuntime/7.30.1"

info: ::1 - - [09/Feb/2023:06:35:23 +0000] "GET /api/v1/ HTTP/1.1" 200 9 "-" "PostmanRuntime/7.30.1"

info: ::1 - - [09/Feb/2023:06:39:50 +0000] "POST /api/v1/ HTTP/1.1" 404 47 "-" "PostmanRuntime/7.30.1"

info: ::1 - - [09/Feb/2023:06:40:22 +0000] "POST /api/v1/notes HTTP/1.1" 400 56 "-" "PostmanRuntime/7.30.1"

info: ::1 - - [09/Feb/2023:06:42:07 +0000] "POST /api/v1/ HTTP/1.1" 404 47 "-" "PostmanRuntime/7.30.1"

info: ::1 - - [09/Feb/2023:06:43:36 +0000] "POST /api/v1/users HTTP/1.1" 404 47 "-" "PostmanRuntime/7.30.1"

info: ::1 - - [09/Feb/2023:06:43:47 +0000] "POST /api/v1/users/ HTTP/1.1" 404 47 "-" "PostmanRuntime/7.30.1"

info: ::1 - - [09/Feb/2023:06:43:54 +0000] "POST /api/v1/user/ HTTP/1.1" 404 47 "-" "PostmanRuntime/7.30.1"

info: ::1 - - [09/Feb/2023:06:44:06 +0000] "POST /api/v1/users/ HTTP/1.1" 404 47 "-" "PostmanRuntime/7.30.1"

info: ::1 - - [09/Feb/2023:06:44:22 +0000] "POST /api/v1/users HTTP/1.1" 404 47 "-" "PostmanRuntime/7.30.1"

info: ::1 - - [09/Feb/2023:06:44:56 +0000] "POST /api/v1/users/Register HTTP/1.1" 500 60 "-" "PostmanRuntime/7.30.1"

info: ::1 - - [09/Feb/2023:06:45:28 +0000] "POST /api/v1/users/Register HTTP/1.1" 500 59 "-" "PostmanRuntime/7.30.1"

info: ::1 - - [09/Feb/2023:06:45:47 +0000] "POST /api/v1/users/Register HTTP/1.1" 201 332 "-" "PostmanRuntime/7.30.1"

info: ::1 - - [09/Feb/2023:06:46:38 +0000] "POST /api/v1/users/Register HTTP/1.1" 500 61 "-" "PostmanRuntime/7.30.1"

info: ::1 - - [09/Feb/2023:06:46:57 +0000] "GET /api/v1/users/Register HTTP/1.1" 404 47 "-" "PostmanRuntime/7.30.1"

info: ::1 - - [09/Feb/2023:06:47:03 +0000] "POST /api/v1/users/Register HTTP/1.1" 500 61 "-" "PostmanRuntime/7.30.1"

info: ::1 - - [09/Feb/2023:06:47:18 +0000] "POST /api/v1/users/Register HTTP/1.1" 500 61 "-" "PostmanRuntime/7.30.1"

info: ::1 - - [09/Feb/2023:06:47:40 +0000] "POST /api/v1/users/Register HTTP/1.1" 500 61 "-" "PostmanRuntime/7.30.1"

info: ::1 - - [09/Feb/2023:06:48:02 +0000] "POST /api/v1/users/Register HTTP/1.1" 500 61 "-" "PostmanRuntime/7.30.1"

info: ::1 - - [09/Feb/2023:06:48:18 +0000] "POST /api/v1/ HTTP/1.1" 404 47 "-" "PostmanRuntime/7.30.1"

info: ::1 - - [09/Feb/2023:06:48:24 +0000] "GET /api/v1/ HTTP/1.1" 200 9 "-" "PostmanRuntime/7.30.1"

info: ::1 - - [09/Feb/2023:06:48:39 +0000] "POST /api/v1/users/ HTTP/1.1" 404 47 "-" "PostmanRuntime/7.30.1"

info: ::1 - - [09/Feb/2023:06:48:49 +0000] "POST /api/v1/users/Register HTTP/1.1" 500 61 "-" "PostmanRuntime/7.30.1"

info: ::1 - - [09/Feb/2023:06:49:55 +0000] "GET /api/v1/ HTTP/1.1" 200 9 "-" "PostmanRuntime/7.30.1"

info: ::1 - - [09/Feb/2023:06:50:57 +0000] "POST /api/v1/users/Registor HTTP/1.1" 404 47 "-" "PostmanRuntime/7.30.1"

info: ::1 - - [09/Feb/2023:06:51:22 +0000] "POST /api/v1/users/Register HTTP/1.1" 500 61 "-" "PostmanRuntime/7.30.1"

info: ::1 - - [09/Feb/2023:06:51:37 +0000] "PUT /api/v1/users/Register HTTP/1.1" 404 47 "-" "PostmanRuntime/7.30.1"

info: ::1 - - [09/Feb/2023:06:51:56 +0000] "PUT /api/v1/notes/ HTTP/1.1" 404 47 "-" "PostmanRuntime/7.30.1"

info: ::1 - - [09/Feb/2023:06:52:21 +0000] "POST /api/v1/notes/ HTTP/1.1" 400 56 "-" "PostmanRuntime/7.30.1"

info: ::1 - - [09/Feb/2023:06:54:44 +0000] "POST /api/v1/users/login HTTP/1.1" 200 270 "-" "PostmanRuntime/7.30.1"

info: ::1 - - [09/Feb/2023:06:56:27 +0000] "GET /api/v1/notes HTTP/1.1" 400 56 "-" "PostmanRuntime/7.30.1"

info: ::1 - - [09/Feb/2023:06:59:09 +0000] "GET /api/v1/ HTTP/1.1" 200 9 "-" "PostmanRuntime/7.30.1"

info: ::1 - - [09/Feb/2023:07:01:12 +0000] "POST /api/v1/users/Register HTTP/1.1" 201 324 "-" "PostmanRuntime/7.30.1"

info: ::1 - - [09/Feb/2023:07:03:34 +0000] "POST /api/v1/users/login HTTP/1.1" 200 275 "-" "PostmanRuntime/7.30.1"

info: ::1 - - [09/Feb/2023:07:04:11 +0000] "GET /api/v1/ HTTP/1.1" 200 9 "-" "PostmanRuntime/7.30.1"

info: ::1 - - [09/Feb/2023:07:07:55 +0000] "POST /api/v1/notes/ HTTP/1.1" 400 56 "-" "PostmanRuntime/7.30.1"

info: ::1 - - [09/Feb/2023:07:11:44 +0000] "POST /api/v1/notes/ HTTP/1.1" 500 72 "-" "PostmanRuntime/7.30.1"

info: ::1 - - [09/Feb/2023:07:14:48 +0000] "POST /api/v1/notes/ HTTP/1.1" 500 72 "-" "PostmanRuntime/7.30.1"

info: ::1 - - [09/Feb/2023:07:15:46 +0000] "POST /api/v1/notes/ HTTP/1.1" 500 72 "-" "PostmanRuntime/7.30.1"

info: ::1 - - [09/Feb/2023:07:22:55 +0000] "PUT /api/v1/notes/ HTTP/1.1" 404 47 "-" "PostmanRuntime/7.30.1"

info: ::1 - - [09/Feb/2023:07:25:05 +0000] "GET /api/v1/notes/ HTTP/1.1" 500 72 "-" "PostmanRuntime/7.30.1"

info: ::1 - - [09/Feb/2023:08:28:29 +0000] "GET /api/v1/notes/ HTTP/1.1" 404 47 "-" "PostmanRuntime/7.30.1"

info: ::1 - - [09/Feb/2023:08:28:42 +0000] "GET /api/v1/ HTTP/1.1" 200 9 "-" "PostmanRuntime/7.30.1"

info: ::1 - - [09/Feb/2023:08:29:45 +0000] "GET /api/v1/ HTTP/1.1" 200 9 "-" "PostmanRuntime/7.30.1"

info: ::1 - - [09/Feb/2023:08:33:00 +0000] "POST /api/v1/notes/create HTTP/1.1" 400 56 "-" "PostmanRuntime/7.30.1"

info: ::1 - - [09/Feb/2023:08:33:33 +0000] "GET /api/v1/ HTTP/1.1" 200 9 "-" "PostmanRuntime/7.30.1"

info: ::1 - - [09/Feb/2023:08:35:36 +0000] "POST /api/v1/users/Register HTTP/1.1" 500 90 "-" "PostmanRuntime/7.30.1"

info: ::1 - - [09/Feb/2023:08:35:50 +0000] "POST /api/v1/users/Register HTTP/1.1" 500 89 "-" "PostmanRuntime/7.30.1"

info: ::1 - - [09/Feb/2023:08:36:12 +0000] "POST /api/v1/users/Register HTTP/1.1" 201 315 "-" "PostmanRuntime/7.30.1"

info: ::1 - - [09/Feb/2023:08:36:48 +0000] "POST /api/v1/users/login HTTP/1.1" 200 263 "-" "PostmanRuntime/7.30.1"

info: ::1 - - [09/Feb/2023:08:37:59 +0000] "POST /api/v1/notes/create HTTP/1.1" 201 315 "-" "PostmanRuntime/7.30.1"

info: ::1 - - [09/Feb/2023:08:40:20 +0000] "POST /api/v1/notes/create HTTP/1.1" 201 322 "-" "PostmanRuntime/7.30.1"

info: ::1 - - [09/Feb/2023:08:41:01 +0000] "GET /api/v1/notes/allNote HTTP/1.1" 201 577 "-" "PostmanRuntime/7.30.1"

info: ::1 - - [09/Feb/2023:08:43:40 +0000] "GET /api/v1/notes/63e4b0e770869004446121e5 HTTP/1.1" 400 56 "-" "PostmanRuntime/7.30.1"

info: ::1 - - [09/Feb/2023:08:44:10 +0000] "GET /api/v1/notes/63e4b0e770869004446121e5 HTTP/1.1" 201 319 "-" "PostmanRuntime/7.30.1"

info: ::1 - - [09/Feb/2023:11:16:28 +0000] "POST /api/v1/users/login HTTP/1.1" 200 263 "-" "PostmanRuntime/7.30.1"

info: ::1 - - [09/Feb/2023:11:16:38 +0000] "GET /api/v1/notes/allNote HTTP/1.1" 201 577 "-" "PostmanRuntime/7.30.1"

info: ::1 - - [09/Feb/2023:11:17:03 +0000] "GET /api/v1/notes/63e4b0e770869004446121e5 HTTP/1.1" 201 320 "-" "PostmanRuntime/7.30.1"

info: ::1 - - [09/Feb/2023:11:34:59 +0000] "GET /api/v1/notes/allNote HTTP/1.1" 201 577 "-" "PostmanRuntime/7.30.1"

info: ::1 - - [09/Feb/2023:11:51:56 +0000] "GET /api/v1/notes/63e4b0e770869004446121e5 HTTP/1.1" 201 320 "-" "PostmanRuntime/7.30.1"

info: ::1 - - [09/Feb/2023:11:51:59 +0000] "GET /api/v1/notes/63e4b0e770869004446121e5 HTTP/1.1" 201 320 "-" "PostmanRuntime/7.30.1"

info: ::1 - - [09/Feb/2023:11:52:06 +0000] "GET /api/v1/notes/63e4b0e770869004446121e5 HTTP/1.1" 201 320 "-" "PostmanRuntime/7.30.1"

info: ::1 - - [09/Feb/2023:11:52:17 +0000] "GET /api/v1/notes/allNote HTTP/1.1" 201 577 "-" "PostmanRuntime/7.30.1"

info: ::1 - - [09/Feb/2023:13:14:32 +0000] "GET /api/v1/ HTTP/1.1" 200 9 "-" "PostmanRuntime/7.30.1"

info: ::1 - - [09/Feb/2023:13:16:26 +0000] "POST /api/v1/Register HTTP/1.1" 404 47 "-" "PostmanRuntime/7.30.1"

info: ::1 - - [09/Feb/2023:13:16:42 +0000] "POST /api/v1/users/Register HTTP/1.1" 201 328 "-" "PostmanRuntime/7.30.1"

info: ::1 - - [09/Feb/2023:13:18:51 +0000] "POST /api/v1/users/login HTTP/1.1" 200 281 "-" "PostmanRuntime/7.30.1"

info: ::1 - - [09/Feb/2023:13:19:56 +0000] "GET /api/v1/notes HTTP/1.1" 404 47 "-" "PostmanRuntime/7.30.1"

info: ::1 - - [09/Feb/2023:13:22:58 +0000] "POST /api/v1/notes/ HTTP/1.1" 404 47 "-" "PostmanRuntime/7.30.1"

info: ::1 - - [09/Feb/2023:13:23:26 +0000] "GET /api/v1/notes/cr HTTP/1.1" 500 124 "-" "PostmanRuntime/7.30.1"

info: ::1 - - [09/Feb/2023:13:23:35 +0000] "GET /api/v1/notes/create HTTP/1.1" 500 128 "-" "PostmanRuntime/7.30.1"

info: ::1 - - [09/Feb/2023:13:24:17 +0000] "GET /api/v1/notes/create/ HTTP/1.1" 500 128 "-" "PostmanRuntime/7.30.1"

info: ::1 - - [09/Feb/2023:13:24:45 +0000] "POST /api/v1/notes/create/ HTTP/1.1" 201 322 "-" "PostmanRuntime/7.30.1"

info: ::1 - - [09/Feb/2023:13:26:09 +0000] "POST /api/v1/notes/create HTTP/1.1" 400 56 "-" "PostmanRuntime/7.30.1"

info: ::1 - - [09/Feb/2023:13:26:43 +0000] "POST /api/v1/notes/create HTTP/1.1" 201 332 "-" "PostmanRuntime/7.30.1"

info: ::1 - - [09/Feb/2023:13:27:42 +0000] "GET /api/v1/notes/allNote HTTP/1.1" 201 336 "-" "PostmanRuntime/7.30.1"

