info: ::1 - - [07/Feb/2023:03:16:34 +0000] "GET /api/v1/ HTTP/1.1" 200 9 "-" "PostmanRuntime/7.30.1"

info: ::1 - - [07/Feb/2023:03:16:59 +0000] "POST /api/v1/users/Register HTTP/1.1" 500 56 "-" "PostmanRuntime/7.30.1"

info: ::1 - - [07/Feb/2023:03:17:17 +0000] "POST /api/v1/users/Register HTTP/1.1" 201 274 "-" "PostmanRuntime/7.30.1"

info: ::1 - - [07/Feb/2023:03:34:51 +0000] "POST /api/v1/user/Register HTTP/1.1" 404 47 "-" "PostmanRuntime/7.30.1"

info: ::1 - - [07/Feb/2023:03:34:59 +0000] "POST /api/v1/users/Register HTTP/1.1" 500 56 "-" "PostmanRuntime/7.30.1"

info: ::1 - - [07/Feb/2023:05:48:25 +0000] "GET /api/v1/ HTTP/1.1" 200 9 "-" "PostmanRuntime/7.30.1"

info: ::1 - - [07/Feb/2023:05:48:55 +0000] "POST /api/v1/users/registor HTTP/1.1" 404 47 "-" "PostmanRuntime/7.30.1"

info: ::1 - - [07/Feb/2023:05:49:01 +0000] "POST /api/v1/users/registor/ HTTP/1.1" 404 47 "-" "PostmanRuntime/7.30.1"

info: ::1 - - [07/Feb/2023:05:49:10 +0000] "POST /api/v1/users/ HTTP/1.1" 404 47 "-" "PostmanRuntime/7.30.1"

info: ::1 - - [07/Feb/2023:05:49:23 +0000] "POST /api/v1/user/registor HTTP/1.1" 404 47 "-" "PostmanRuntime/7.30.1"

info: ::1 - - [07/Feb/2023:05:49:31 +0000] "POST /api/v1/user/Registor HTTP/1.1" 404 47 "-" "PostmanRuntime/7.30.1"

info: ::1 - - [07/Feb/2023:06:23:56 +0000] "POST /api/v1/user/login HTTP/1.1" 404 47 "-" "PostmanRuntime/7.30.1"

info: ::1 - - [07/Feb/2023:06:24:29 +0000] "POST /api/v1/login HTTP/1.1" 404 47 "-" "PostmanRuntime/7.30.1"

info: ::1 - - [07/Feb/2023:06:24:43 +0000] "POST /api/v1/user/login HTTP/1.1" 404 47 "-" "PostmanRuntime/7.30.1"

info: ::1 - - [07/Feb/2023:06:25:31 +0000] "POST /api/v1/users/login HTTP/1.1" 500 48 "-" "PostmanRuntime/7.30.1"

info: ::1 - - [07/Feb/2023:06:27:30 +0000] "POST /api/v1/users/login HTTP/1.1" 500 48 "-" "PostmanRuntime/7.30.1"

info: ::1 - - [07/Feb/2023:06:28:56 +0000] "POST /api/v1/users/Registor HTTP/1.1" 404 47 "-" "PostmanRuntime/7.30.1"

info: ::1 - - [07/Feb/2023:06:29:28 +0000] "POST /api/v1/users/Register HTTP/1.1" 500 80 "-" "PostmanRuntime/7.30.1"

info: ::1 - - [07/Feb/2023:06:30:18 +0000] "POST /api/v1/users/login HTTP/1.1" 500 48 "-" "PostmanRuntime/7.30.1"

info: ::1 - - [07/Feb/2023:08:23:15 +0000] "POST /api/v1/users/login HTTP/1.1" 500 48 "-" "PostmanRuntime/7.30.1"

info: ::1 - - [07/Feb/2023:08:24:26 +0000] "POST /api/v1/users/register HTTP/1.1" 500 80 "-" "PostmanRuntime/7.30.1"

info: ::1 - - [07/Feb/2023:08:25:54 +0000] "POST /api/v1/users/register HTTP/1.1" 201 323 "-" "PostmanRuntime/7.30.1"

info: ::1 - - [07/Feb/2023:08:26:27 +0000] "POST /api/v1/users/login HTTP/1.1" 200 320 "-" "PostmanRuntime/7.30.1"

info: ::1 - - [07/Feb/2023:08:28:00 +0000] "POST /api/v1/users/Registor HTTP/1.1" 404 47 "-" "PostmanRuntime/7.30.1"

info: ::1 - - [07/Feb/2023:08:28:14 +0000] "POST /api/v1/users/Register HTTP/1.1" 201 320 "-" "PostmanRuntime/7.30.1"

info: ::1 - - [07/Feb/2023:08:28:36 +0000] "POST /api/v1/users/login HTTP/1.1" 200 317 "-" "PostmanRuntime/7.30.1"

info: ::1 - - [07/Feb/2023:08:28:49 +0000] "POST /api/v1/users/login HTTP/1.1" 500 48 "-" "PostmanRuntime/7.30.1"

info: ::1 - - [07/Feb/2023:08:29:03 +0000] "POST /api/v1/users/login HTTP/1.1" 500 51 "-" "PostmanRuntime/7.30.1"

info: ::1 - - [07/Feb/2023:08:29:13 +0000] "POST /api/v1/users/login HTTP/1.1" 200 317 "-" "PostmanRuntime/7.30.1"

