info: ::1 - - [13/Feb/2023:04:22:06 +0000] "POST /api/v1/users/login HTTP/1.1" 500 51 "-" "PostmanRuntime/7.30.1"

info: ::1 - - [13/Feb/2023:04:22:29 +0000] "POST /api/v1/users/Register HTTP/1.1" 500 56 "-" "PostmanRuntime/7.30.1"

info: ::1 - - [13/Feb/2023:04:23:29 +0000] "POST /api/v1/users/Register HTTP/1.1" 201 326 "-" "PostmanRuntime/7.30.1"

info: ::1 - - [13/Feb/2023:04:24:51 +0000] "GET /api/v1/users/login HTTP/1.1" 404 47 "-" "PostmanRuntime/7.30.1"

info: ::1 - - [13/Feb/2023:04:25:04 +0000] "GET /api/v1/users/Login HTTP/1.1" 404 47 "-" "PostmanRuntime/7.30.1"

info: ::1 - - [13/Feb/2023:04:25:37 +0000] "POST /api/v1/users/Login HTTP/1.1" 200 278 "-" "PostmanRuntime/7.30.1"

info: ::1 - - [13/Feb/2023:04:27:17 +0000] "POST /api/v1/users/forgotpwd HTTP/1.1" 500 79 "-" "PostmanRuntime/7.30.1"

info: ::1 - - [13/Feb/2023:04:32:43 +0000] "POST /api/v1/users/forgotpwd HTTP/1.1" 500 79 "-" "PostmanRuntime/7.30.1"

info: ::1 - - [13/Feb/2023:04:33:03 +0000] "POST /api/v1/users/forgotpwd HTTP/1.1" 500 53 "-" "PostmanRuntime/7.30.1"

info: ::1 - - [13/Feb/2023:04:36:37 +0000] "POST /api/v1/users/forgotpwd HTTP/1.1" 202 259 "-" "PostmanRuntime/7.30.1"

info: ::1 - - [13/Feb/2023:04:37:48 +0000] "POST /api/v1/users/forgotpwd HTTP/1.1" 202 259 "-" "PostmanRuntime/7.30.1"

info: ::1 - - [13/Feb/2023:04:39:19 +0000] "POST /api/v1/users/forgotpwd HTTP/1.1" 202 259 "-" "PostmanRuntime/7.30.1"

info: ::1 - - [13/Feb/2023:05:04:23 +0000] "PUT /api/v1/users/forgotpwd HTTP/1.1" 404 47 "-" "PostmanRuntime/7.30.1"

info: ::1 - - [13/Feb/2023:05:04:42 +0000] "PUT /api/v1/users/resetpwd HTTP/1.1" 400 56 "-" "PostmanRuntime/7.30.1"

info: ::1 - - [13/Feb/2023:05:05:17 +0000] "PUT /api/v1/users/resetpwd HTTP/1.1" 500 126 "-" "PostmanRuntime/7.30.1"

info: ::1 - - [13/Feb/2023:05:08:47 +0000] "PUT /api/v1/users/resetpwd HTTP/1.1" 202 335 "-" "PostmanRuntime/7.30.1"

info: ::1 - - [13/Feb/2023:05:09:10 +0000] "POST /api/v1/users/Login HTTP/1.1" 500 51 "-" "PostmanRuntime/7.30.1"

info: ::1 - - [13/Feb/2023:05:09:38 +0000] "POST /api/v1/users/Login HTTP/1.1" 200 278 "-" "PostmanRuntime/7.30.1"

info: ::1 - - [13/Feb/2023:05:11:36 +0000] "GET /api/v1/users/resetpwd HTTP/1.1" 404 47 "-" "Mozilla/5.0 (Windows NT 10.0; Win64; x64) AppleWebKit/537.36 (KHTML, like Gecko) Chrome/110.0.0.0 Safari/537.36 Edg/110.0.1587.41"

info: ::1 - - [13/Feb/2023:05:11:37 +0000] "GET /favicon.ico HTTP/1.1" 404 47 "-" "Mozilla/5.0 (Windows NT 10.0; Win64; x64) AppleWebKit/537.36 (KHTML, like Gecko) Chrome/110.0.0.0 Safari/537.36 Edg/110.0.1587.41"

info: ::1 - - [13/Feb/2023:05:11:58 +0000] "PUT /api/v1/users/resetpwd HTTP/1.1" 202 335 "-" "PostmanRuntime/7.30.1"

info: ::1 - - [13/Feb/2023:05:12:35 +0000] "GET /api/v1/users/resetpwd HTTP/1.1" 404 47 "-" "Mozilla/5.0 (Windows NT 10.0; Win64; x64) AppleWebKit/537.36 (KHTML, like Gecko) Chrome/110.0.0.0 Safari/537.36 Edg/110.0.1587.41"

