info: ::1 - - [06/Feb/2023:06:00:13 +0000] "GET /api/v1/ HTTP/1.1" 200 9 "-" "PostmanRuntime/7.30.1"

info: ::1 - - [06/Feb/2023:06:01:26 +0000] "POST /api/v1/ HTTP/1.1" 404 47 "-" "PostmanRuntime/7.30.1"

info: ::1 - - [06/Feb/2023:06:01:39 +0000] "POST /api/v1/users/ HTTP/1.1" 500 60 "-" "PostmanRuntime/7.30.1"

info: ::1 - - [06/Feb/2023:06:02:33 +0000] "POST /api/v1/users/ HTTP/1.1" 500 60 "-" "PostmanRuntime/7.30.1"

info: ::1 - - [06/Feb/2023:06:04:24 +0000] "POST /api/v1/users/ HTTP/1.1" 201 277 "-" "PostmanRuntime/7.30.1"

info: ::1 - - [06/Feb/2023:07:18:15 +0000] "POST /api/v1/users/ HTTP/1.1" 201 277 "-" "PostmanRuntime/7.30.1"

info: ::1 - - [06/Feb/2023:11:14:42 +0000] "PUT /api/v1/users/ HTTP/1.1" 404 47 "-" "PostmanRuntime/7.30.1"

info: ::1 - - [06/Feb/2023:11:14:51 +0000] "GET /api/v1/users/ HTTP/1.1" 200 63892 "-" "PostmanRuntime/7.30.1"

info: ::1 - - [06/Feb/2023:11:15:47 +0000] "GET /api/v1/users/62245d1d6de1962078d2799b/ HTTP/1.1" 400 56 "-" "PostmanRuntime/7.30.1"

info: ::1 - - [06/Feb/2023:11:16:03 +0000] "GET /api/v1/users/62245d1d6de1962078d2799b HTTP/1.1" 400 56 "-" "PostmanRuntime/7.30.1"

info: ::1 - - [06/Feb/2023:11:16:14 +0000] "GET /api/v1/users/ HTTP/1.1" 200 63892 "-" "PostmanRuntime/7.30.1"

info: ::1 - - [06/Feb/2023:11:16:44 +0000] "POST /api/v1/users/ HTTP/1.1" 201 277 "-" "PostmanRuntime/7.30.1"

info: ::1 - - [06/Feb/2023:11:17:04 +0000] "PUT /api/v1/users/3e0e19cd6637d1dec3f5df4/ HTTP/1.1" 500 156 "-" "PostmanRuntime/7.30.1"

info: ::1 - - [06/Feb/2023:11:17:27 +0000] "PUT /api/v1/users/ HTTP/1.1" 404 47 "-" "PostmanRuntime/7.30.1"

info: ::1 - - [06/Feb/2023:11:17:36 +0000] "POST /api/v1/users/ HTTP/1.1" 201 277 "-" "PostmanRuntime/7.30.1"

info: ::1 - - [06/Feb/2023:11:17:55 +0000] "PUT /api/v1/users/63e0e1d0d6637d1dec3f5df6/ HTTP/1.1" 202 277 "-" "PostmanRuntime/7.30.1"

info: ::1 - - [06/Feb/2023:13:17:05 +0000] "GET /api/v1/ HTTP/1.1" 200 9 "-" "PostmanRuntime/7.30.1"

info: ::1 - - [06/Feb/2023:13:17:16 +0000] "POST /api/v1/ HTTP/1.1" 404 47 "-" "PostmanRuntime/7.30.1"

info: ::1 - - [06/Feb/2023:13:17:26 +0000] "POST /api/v1/users/ HTTP/1.1" 404 47 "-" "PostmanRuntime/7.30.1"

info: ::1 - - [06/Feb/2023:13:18:07 +0000] "POST /api/v1/users HTTP/1.1" 404 47 "-" "PostmanRuntime/7.30.1"

info: ::1 - - [06/Feb/2023:13:21:07 +0000] "PUT /api/v1/users HTTP/1.1" 404 47 "-" "PostmanRuntime/7.30.1"

info: ::1 - - [06/Feb/2023:13:21:27 +0000] "POST /api/v1/users/ HTTP/1.1" 404 47 "-" "PostmanRuntime/7.30.1"

info: ::1 - - [06/Feb/2023:13:23:17 +0000] "POST /api/v1/Register HTTP/1.1" 404 47 "-" "PostmanRuntime/7.30.1"

info: ::1 - - [06/Feb/2023:13:23:25 +0000] "POST /api/v1/Register/ HTTP/1.1" 404 47 "-" "PostmanRuntime/7.30.1"

info: ::1 - - [06/Feb/2023:13:24:56 +0000] "GET /api/v1/Register HTTP/1.1" 404 47 "-" "PostmanRuntime/7.30.1"

info: ::1 - - [06/Feb/2023:13:25:13 +0000] "GET /api/v1/ HTTP/1.1" 200 9 "-" "PostmanRuntime/7.30.1"

info: ::1 - - [06/Feb/2023:13:35:22 +0000] "GET /api/v1/users/Register HTTP/1.1" 404 47 "-" "PostmanRuntime/7.30.1"

info: ::1 - - [06/Feb/2023:13:35:28 +0000] "POST /api/v1/users/Register HTTP/1.1" 500 56 "-" "PostmanRuntime/7.30.1"

info: ::1 - - [06/Feb/2023:13:37:15 +0000] "POST /api/v1/users/Register HTTP/1.1" 500 56 "-" "PostmanRuntime/7.30.1"

info: ::1 - - [06/Feb/2023:13:37:43 +0000] "POST /api/v1/users/Register HTTP/1.1" 500 56 "-" "PostmanRuntime/7.30.1"

info: ::1 - - [06/Feb/2023:13:37:57 +0000] "PUT /api/v1/users/Register HTTP/1.1" 404 47 "-" "PostmanRuntime/7.30.1"

info: ::1 - - [06/Feb/2023:13:38:28 +0000] "PUT /api/v1/users/Register/ HTTP/1.1" 404 47 "-" "PostmanRuntime/7.30.1"

info: ::1 - - [06/Feb/2023:13:38:39 +0000] "PUT /api/v1/users/Login HTTP/1.1" 404 47 "-" "PostmanRuntime/7.30.1"

info: ::1 - - [06/Feb/2023:13:39:26 +0000] "POST /api/v1/users/Login HTTP/1.1" 500 70 "-" "PostmanRuntime/7.30.1"

info: ::1 - - [06/Feb/2023:13:39:52 +0000] "POST /api/v1/users/Register HTTP/1.1" 500 73 "-" "PostmanRuntime/7.30.1"

info: ::1 - - [06/Feb/2023:13:40:03 +0000] "POST /api/v1/users/Register HTTP/1.1" 500 88 "-" "PostmanRuntime/7.30.1"

info: ::1 - - [06/Feb/2023:13:40:11 +0000] "POST /api/v1/users/Register HTTP/1.1" 500 56 "-" "PostmanRuntime/7.30.1"

info: ::1 - - [06/Feb/2023:13:42:43 +0000] "GET /api/v1/users/ HTTP/1.1" 404 47 "-" "PostmanRuntime/7.30.1"

info: ::1 - - [06/Feb/2023:13:42:49 +0000] "POST /api/v1/users/ HTTP/1.1" 404 47 "-" "PostmanRuntime/7.30.1"

info: ::1 - - [06/Feb/2023:13:42:58 +0000] "POST /api/v1/users/Register HTTP/1.1" 500 56 "-" "PostmanRuntime/7.30.1"

info: ::1 - - [06/Feb/2023:13:44:07 +0000] "POST /api/v1/users/Register HTTP/1.1" 500 56 "-" "PostmanRuntime/7.30.1"

info: ::1 - - [06/Feb/2023:13:44:24 +0000] "POST /api/v1/users/Register/ HTTP/1.1" 500 56 "-" "PostmanRuntime/7.30.1"

info: ::1 - - [06/Feb/2023:13:45:23 +0000] "POST /api/v1/users/login/ HTTP/1.1" 500 70 "-" "PostmanRuntime/7.30.1"

info: ::1 - - [06/Feb/2023:13:48:23 +0000] "POST /api/v1/users/login HTTP/1.1" 500 70 "-" "PostmanRuntime/7.30.1"

info: ::1 - - [06/Feb/2023:13:48:45 +0000] "PUT /api/v1/users/login HTTP/1.1" 404 47 "-" "PostmanRuntime/7.30.1"

info: ::1 - - [06/Feb/2023:13:48:52 +0000] "PUT /api/v1/users/login/ HTTP/1.1" 404 47 "-" "PostmanRuntime/7.30.1"

info: ::1 - - [06/Feb/2023:14:04:06 +0000] "PUT /api/v1/users/ HTTP/1.1" 404 47 "-" "PostmanRuntime/7.30.1"

info: ::1 - - [06/Feb/2023:14:04:14 +0000] "GET /api/v1/users/ HTTP/1.1" 404 47 "-" "PostmanRuntime/7.30.1"

info: ::1 - - [06/Feb/2023:14:04:20 +0000] "GET /api/v1/ HTTP/1.1" 200 9 "-" "PostmanRuntime/7.30.1"

info: ::1 - - [06/Feb/2023:14:04:56 +0000] "GET /api/v1/Register HTTP/1.1" 404 47 "-" "PostmanRuntime/7.30.1"

info: ::1 - - [06/Feb/2023:14:05:02 +0000] "POST /api/v1/Register HTTP/1.1" 404 47 "-" "PostmanRuntime/7.30.1"

info: ::1 - - [06/Feb/2023:14:05:24 +0000] "POST /api/v1/users/Register HTTP/1.1" 500 56 "-" "PostmanRuntime/7.30.1"

info: ::1 - - [06/Feb/2023:14:05:39 +0000] "POST /api/v1/users/Register HTTP/1.1" 500 56 "-" "PostmanRuntime/7.30.1"

info: ::1 - - [06/Feb/2023:14:08:29 +0000] "POST /api/v1/users/Register HTTP/1.1" 500 56 "-" "PostmanRuntime/7.30.1"

info: ::1 - - [06/Feb/2023:15:35:32 +0000] "GET /api/v1/ HTTP/1.1" 200 9 "-" "PostmanRuntime/7.30.1"

info: ::1 - - [06/Feb/2023:15:36:14 +0000] "POST /api/v1/users/Register HTTP/1.1" 500 60 "-" "PostmanRuntime/7.30.1"

info: ::1 - - [06/Feb/2023:15:38:33 +0000] "POST /api/v1/users/Register HTTP/1.1" 500 66 "-" "PostmanRuntime/7.30.1"

info: ::1 - - [06/Feb/2023:15:39:13 +0000] "POST /api/v1/users/Register HTTP/1.1" 500 66 "-" "PostmanRuntime/7.30.1"

info: ::1 - - [06/Feb/2023:15:39:38 +0000] "POST /api/v1/users/Register HTTP/1.1" 201 279 "-" "PostmanRuntime/7.30.1"

info: ::1 - - [06/Feb/2023:15:40:42 +0000] "PUT /api/v1/users/Register/63e11f3a5418d60c146ad775 HTTP/1.1" 404 47 "-" "PostmanRuntime/7.30.1"

info: ::1 - - [06/Feb/2023:15:41:08 +0000] "PUT /api/v1/users/Register HTTP/1.1" 404 47 "-" "PostmanRuntime/7.30.1"

info: ::1 - - [06/Feb/2023:15:41:24 +0000] "POST /api/v1/users/Register HTTP/1.1" 500 56 "-" "PostmanRuntime/7.30.1"

info: ::1 - - [06/Feb/2023:15:41:44 +0000] "POST /api/v1/users/Register HTTP/1.1" 201 276 "-" "PostmanRuntime/7.30.1"

