info: Server started at http://localhost:3000/api/v1/ {"timestamp":"2023-02-15T03:21:20.413Z"}
info: Connected to the database. {"timestamp":"2023-02-15T03:21:28.455Z"}
error: 
    status - 500 
    message - ValidationError: "firstname" is required 
    url - /api/v1/users/Register 
    method - POST 
    IP - ::ffff:127.0.0.1
   {"timestamp":"2023-02-15T03:21:29.717Z"}
error: 
    status - 500 
    message - ValidationError: "firstname" is required 
    url - /api/v1/users/Register 
    method - POST 
    IP - ::ffff:127.0.0.1
   {"timestamp":"2023-02-15T03:21:29.736Z"}
error: 
    status - 500 
    message - ValidationError: "firstname" is required 
    url - /api/v1/users/Register 
    method - POST 
    IP - ::ffff:127.0.0.1
   {"timestamp":"2023-02-15T03:21:29.758Z"}
error: 
    status - 500 
    message - ValidationError: "firstname" is required 
    url - /api/v1/users/Register 
    method - POST 
    IP - ::ffff:127.0.0.1
   {"timestamp":"2023-02-15T03:21:29.778Z"}
error: 
    status - 500 
    message - Error: Please enter email and password
    at _callee2$ (C:\Users\srikanth naidu\Fundoo-Notes\src\services\/user.service.js:40:11)
    at tryCatch (C:\Users\srikanth naidu\Fundoo-Notes\node_modules\@babel\runtime\helpers\regeneratorRuntime.js:44:17)
    at Generator.<anonymous> (C:\Users\srikanth naidu\Fundoo-Notes\node_modules\@babel\runtime\helpers\regeneratorRuntime.js:125:22)
    at Generator.next (C:\Users\srikanth naidu\Fundoo-Notes\node_modules\@babel\runtime\helpers\regeneratorRuntime.js:69:21)
    at asyncGeneratorStep (C:\Users\srikanth naidu\Fundoo-Notes\node_modules\@babel\runtime\helpers\asyncToGenerator.js:3:24)
    at _next (C:\Users\srikanth naidu\Fundoo-Notes\node_modules\@babel\runtime\helpers\asyncToGenerator.js:22:9)
    at processTicksAndRejections (node:internal/process/task_queues:96:5) 
    url - /api/v1/users/login 
    method - POST 
    IP - ::ffff:127.0.0.1
   {"timestamp":"2023-02-15T03:21:30.333Z"}
error: 
    status - 500 
    message - Error: Invalid Password please select forgot password http://localhost:3000/api/v1/users/forgotpwd or reset passwor click here http://localhost:3000/api/v1/users/resetpwd 
    at _callee2$ (C:\Users\srikanth naidu\Fundoo-Notes\src\services\/user.service.js:36:13)
    at tryCatch (C:\Users\srikanth naidu\Fundoo-Notes\node_modules\@babel\runtime\helpers\regeneratorRuntime.js:44:17)
    at Generator.<anonymous> (C:\Users\srikanth naidu\Fundoo-Notes\node_modules\@babel\runtime\helpers\regeneratorRuntime.js:125:22)
    at Generator.next (C:\Users\srikanth naidu\Fundoo-Notes\node_modules\@babel\runtime\helpers\regeneratorRuntime.js:69:21)
    at asyncGeneratorStep (C:\Users\srikanth naidu\Fundoo-Notes\node_modules\@babel\runtime\helpers\asyncToGenerator.js:3:24)
    at _next (C:\Users\srikanth naidu\Fundoo-Notes\node_modules\@babel\runtime\helpers\asyncToGenerator.js:22:9) 
    url - /api/v1/users/login 
    method - POST 
    IP - ::ffff:127.0.0.1
   {"timestamp":"2023-02-15T03:21:30.654Z"}
info: Server started at http://localhost:3000/api/v1/ {"timestamp":"2023-02-15T03:22:31.704Z"}
info: Connected to the database. {"timestamp":"2023-02-15T03:22:39.421Z"}
error: 
    status - 500 
    message - ValidationError: "firstname" is required 
    url - /api/v1/users/Register 
    method - POST 
    IP - ::ffff:127.0.0.1
   {"timestamp":"2023-02-15T03:22:40.749Z"}
error: 
    status - 500 
    message - ValidationError: "firstname" is required 
    url - /api/v1/users/Register 
    method - POST 
    IP - ::ffff:127.0.0.1
   {"timestamp":"2023-02-15T03:22:40.784Z"}
error: 
    status - 500 
    message - ValidationError: "firstname" is required 
    url - /api/v1/users/Register 
    method - POST 
    IP - ::ffff:127.0.0.1
   {"timestamp":"2023-02-15T03:22:40.815Z"}
error: 
    status - 500 
    message - ValidationError: "firstname" is required 
    url - /api/v1/users/Register 
    method - POST 
    IP - ::ffff:127.0.0.1
   {"timestamp":"2023-02-15T03:22:40.836Z"}
error: 
    status - 500 
    message - Error: Please enter email and password
    at _callee2$ (C:\Users\srikanth naidu\Fundoo-Notes\src\services\/user.service.js:40:11)
    at tryCatch (C:\Users\srikanth naidu\Fundoo-Notes\node_modules\@babel\runtime\helpers\regeneratorRuntime.js:44:17)
    at Generator.<anonymous> (C:\Users\srikanth naidu\Fundoo-Notes\node_modules\@babel\runtime\helpers\regeneratorRuntime.js:125:22)
    at Generator.next (C:\Users\srikanth naidu\Fundoo-Notes\node_modules\@babel\runtime\helpers\regeneratorRuntime.js:69:21)
    at asyncGeneratorStep (C:\Users\srikanth naidu\Fundoo-Notes\node_modules\@babel\runtime\helpers\asyncToGenerator.js:3:24)
    at _next (C:\Users\srikanth naidu\Fundoo-Notes\node_modules\@babel\runtime\helpers\asyncToGenerator.js:22:9)
    at processTicksAndRejections (node:internal/process/task_queues:96:5) 
    url - /api/v1/users/login 
    method - POST 
    IP - ::ffff:127.0.0.1
   {"timestamp":"2023-02-15T03:22:41.509Z"}
error: 
    status - 500 
    message - Error: Invalid Password please select forgot password http://localhost:3000/api/v1/users/forgotpwd or reset passwor click here http://localhost:3000/api/v1/users/resetpwd 
    at _callee2$ (C:\Users\srikanth naidu\Fundoo-Notes\src\services\/user.service.js:36:13)
    at tryCatch (C:\Users\srikanth naidu\Fundoo-Notes\node_modules\@babel\runtime\helpers\regeneratorRuntime.js:44:17)
    at Generator.<anonymous> (C:\Users\srikanth naidu\Fundoo-Notes\node_modules\@babel\runtime\helpers\regeneratorRuntime.js:125:22)
    at Generator.next (C:\Users\srikanth naidu\Fundoo-Notes\node_modules\@babel\runtime\helpers\regeneratorRuntime.js:69:21)
    at asyncGeneratorStep (C:\Users\srikanth naidu\Fundoo-Notes\node_modules\@babel\runtime\helpers\asyncToGenerator.js:3:24)
    at _next (C:\Users\srikanth naidu\Fundoo-Notes\node_modules\@babel\runtime\helpers\asyncToGenerator.js:22:9) 
    url - /api/v1/users/login 
    method - POST 
    IP - ::ffff:127.0.0.1
   {"timestamp":"2023-02-15T03:22:41.876Z"}
info: Server started at http://localhost:3000/api/v1/ {"timestamp":"2023-02-15T03:23:44.812Z"}
info: Connected to the database. {"timestamp":"2023-02-15T03:23:52.368Z"}
error: 
    status - 500 
    message - ValidationError: "firstname" is required 
    url - /api/v1/users/Register 
    method - POST 
    IP - ::ffff:127.0.0.1
   {"timestamp":"2023-02-15T03:23:53.583Z"}
error: 
    status - 500 
    message - ValidationError: "firstname" is required 
    url - /api/v1/users/Register 
    method - POST 
    IP - ::ffff:127.0.0.1
   {"timestamp":"2023-02-15T03:23:53.595Z"}
error: 
    status - 500 
    message - ValidationError: "firstname" is required 
    url - /api/v1/users/Register 
    method - POST 
    IP - ::ffff:127.0.0.1
   {"timestamp":"2023-02-15T03:23:53.604Z"}
error: 
    status - 500 
    message - ValidationError: "firstname" is required 
    url - /api/v1/users/Register 
    method - POST 
    IP - ::ffff:127.0.0.1
   {"timestamp":"2023-02-15T03:23:53.622Z"}
error: 
    status - 500 
    message - Error: Please enter email and password
    at _callee2$ (C:\Users\srikanth naidu\Fundoo-Notes\src\services\/user.service.js:40:11)
    at tryCatch (C:\Users\srikanth naidu\Fundoo-Notes\node_modules\@babel\runtime\helpers\regeneratorRuntime.js:44:17)
    at Generator.<anonymous> (C:\Users\srikanth naidu\Fundoo-Notes\node_modules\@babel\runtime\helpers\regeneratorRuntime.js:125:22)
    at Generator.next (C:\Users\srikanth naidu\Fundoo-Notes\node_modules\@babel\runtime\helpers\regeneratorRuntime.js:69:21)
    at asyncGeneratorStep (C:\Users\srikanth naidu\Fundoo-Notes\node_modules\@babel\runtime\helpers\asyncToGenerator.js:3:24)
    at _next (C:\Users\srikanth naidu\Fundoo-Notes\node_modules\@babel\runtime\helpers\asyncToGenerator.js:22:9)
    at processTicksAndRejections (node:internal/process/task_queues:96:5) 
    url - /api/v1/users/login 
    method - POST 
    IP - ::ffff:127.0.0.1
   {"timestamp":"2023-02-15T03:23:54.241Z"}
error: 
    status - 500 
    message - Error: Invalid Password please select forgot password http://localhost:3000/api/v1/users/forgotpwd or reset passwor click here http://localhost:3000/api/v1/users/resetpwd 
    at _callee2$ (C:\Users\srikanth naidu\Fundoo-Notes\src\services\/user.service.js:36:13)
    at tryCatch (C:\Users\srikanth naidu\Fundoo-Notes\node_modules\@babel\runtime\helpers\regeneratorRuntime.js:44:17)
    at Generator.<anonymous> (C:\Users\srikanth naidu\Fundoo-Notes\node_modules\@babel\runtime\helpers\regeneratorRuntime.js:125:22)
    at Generator.next (C:\Users\srikanth naidu\Fundoo-Notes\node_modules\@babel\runtime\helpers\regeneratorRuntime.js:69:21)
    at asyncGeneratorStep (C:\Users\srikanth naidu\Fundoo-Notes\node_modules\@babel\runtime\helpers\asyncToGenerator.js:3:24)
    at _next (C:\Users\srikanth naidu\Fundoo-Notes\node_modules\@babel\runtime\helpers\asyncToGenerator.js:22:9) 
    url - /api/v1/users/login 
    method - POST 
    IP - ::ffff:127.0.0.1
   {"timestamp":"2023-02-15T03:23:54.550Z"}
info: Server started at http://localhost:3000/api/v1/ {"timestamp":"2023-02-15T04:07:35.524Z"}
info: Connected to the database. {"timestamp":"2023-02-15T04:07:44.152Z"}
error: 
    status - 500 
    message - ValidationError: "firstname" is required 
    url - /api/v1/users/Register 
    method - POST 
    IP - ::ffff:127.0.0.1
   {"timestamp":"2023-02-15T04:07:45.469Z"}
error: 
    status - 500 
    message - ValidationError: "firstname" is required 
    url - /api/v1/users/Register 
    method - POST 
    IP - ::ffff:127.0.0.1
   {"timestamp":"2023-02-15T04:07:45.487Z"}
error: 
    status - 500 
    message - ValidationError: "firstname" is required 
    url - /api/v1/users/Register 
    method - POST 
    IP - ::ffff:127.0.0.1
   {"timestamp":"2023-02-15T04:07:45.498Z"}
error: 
    status - 500 
    message - ValidationError: "firstname" is required 
    url - /api/v1/users/Register 
    method - POST 
    IP - ::ffff:127.0.0.1
   {"timestamp":"2023-02-15T04:07:45.510Z"}
error: 
    status - 500 
    message - Error: Please enter email and password
    at _callee2$ (C:\Users\srikanth naidu\Fundoo-Notes\src\services\/user.service.js:40:11)
    at tryCatch (C:\Users\srikanth naidu\Fundoo-Notes\node_modules\@babel\runtime\helpers\regeneratorRuntime.js:44:17)
    at Generator.<anonymous> (C:\Users\srikanth naidu\Fundoo-Notes\node_modules\@babel\runtime\helpers\regeneratorRuntime.js:125:22)
    at Generator.next (C:\Users\srikanth naidu\Fundoo-Notes\node_modules\@babel\runtime\helpers\regeneratorRuntime.js:69:21)
    at asyncGeneratorStep (C:\Users\srikanth naidu\Fundoo-Notes\node_modules\@babel\runtime\helpers\asyncToGenerator.js:3:24)
    at _next (C:\Users\srikanth naidu\Fundoo-Notes\node_modules\@babel\runtime\helpers\asyncToGenerator.js:22:9)
    at processTicksAndRejections (node:internal/process/task_queues:96:5) 
    url - /api/v1/users/login 
    method - POST 
    IP - ::ffff:127.0.0.1
   {"timestamp":"2023-02-15T04:07:46.061Z"}
error: 
    status - 500 
    message - Error: Invalid Password please select forgot password http://localhost:3000/api/v1/users/forgotpwd or reset passwor click here http://localhost:3000/api/v1/users/resetpwd 
    at _callee2$ (C:\Users\srikanth naidu\Fundoo-Notes\src\services\/user.service.js:36:13)
    at tryCatch (C:\Users\srikanth naidu\Fundoo-Notes\node_modules\@babel\runtime\helpers\regeneratorRuntime.js:44:17)
    at Generator.<anonymous> (C:\Users\srikanth naidu\Fundoo-Notes\node_modules\@babel\runtime\helpers\regeneratorRuntime.js:125:22)
    at Generator.next (C:\Users\srikanth naidu\Fundoo-Notes\node_modules\@babel\runtime\helpers\regeneratorRuntime.js:69:21)
    at asyncGeneratorStep (C:\Users\srikanth naidu\Fundoo-Notes\node_modules\@babel\runtime\helpers\asyncToGenerator.js:3:24)
    at _next (C:\Users\srikanth naidu\Fundoo-Notes\node_modules\@babel\runtime\helpers\asyncToGenerator.js:22:9) 
    url - /api/v1/users/login 
    method - POST 
    IP - ::ffff:127.0.0.1
   {"timestamp":"2023-02-15T04:07:46.387Z"}
info: Server started at http://localhost:3000/api/v1/ {"timestamp":"2023-02-15T04:10:28.919Z"}
info: Connected to the database. {"timestamp":"2023-02-15T04:10:36.536Z"}
error: 
    status - 500 
    message - ValidationError: "firstname" is required 
    url - /api/v1/users/Register 
    method - POST 
    IP - ::ffff:127.0.0.1
   {"timestamp":"2023-02-15T04:10:37.776Z"}
error: 
    status - 500 
    message - ValidationError: "firstname" is required 
    url - /api/v1/users/Register 
    method - POST 
    IP - ::ffff:127.0.0.1
   {"timestamp":"2023-02-15T04:10:37.789Z"}
error: 
    status - 500 
    message - ValidationError: "firstname" is required 
    url - /api/v1/users/Register 
    method - POST 
    IP - ::ffff:127.0.0.1
   {"timestamp":"2023-02-15T04:10:37.797Z"}
error: 
    status - 500 
    message - ValidationError: "firstname" is required 
    url - /api/v1/users/Register 
    method - POST 
    IP - ::ffff:127.0.0.1
   {"timestamp":"2023-02-15T04:10:37.806Z"}
error: 
    status - 500 
    message - Error: Please enter email and password
    at _callee2$ (C:\Users\srikanth naidu\Fundoo-Notes\src\services\/user.service.js:40:11)
    at tryCatch (C:\Users\srikanth naidu\Fundoo-Notes\node_modules\@babel\runtime\helpers\regeneratorRuntime.js:44:17)
    at Generator.<anonymous> (C:\Users\srikanth naidu\Fundoo-Notes\node_modules\@babel\runtime\helpers\regeneratorRuntime.js:125:22)
    at Generator.next (C:\Users\srikanth naidu\Fundoo-Notes\node_modules\@babel\runtime\helpers\regeneratorRuntime.js:69:21)
    at asyncGeneratorStep (C:\Users\srikanth naidu\Fundoo-Notes\node_modules\@babel\runtime\helpers\asyncToGenerator.js:3:24)
    at _next (C:\Users\srikanth naidu\Fundoo-Notes\node_modules\@babel\runtime\helpers\asyncToGenerator.js:22:9)
    at processTicksAndRejections (node:internal/process/task_queues:96:5) 
    url - /api/v1/users/login 
    method - POST 
    IP - ::ffff:127.0.0.1
   {"timestamp":"2023-02-15T04:10:38.393Z"}
error: 
    status - 500 
    message - Error: Invalid Password please select forgot password http://localhost:3000/api/v1/users/forgotpwd or reset passwor click here http://localhost:3000/api/v1/users/resetpwd 
    at _callee2$ (C:\Users\srikanth naidu\Fundoo-Notes\src\services\/user.service.js:36:13)
    at tryCatch (C:\Users\srikanth naidu\Fundoo-Notes\node_modules\@babel\runtime\helpers\regeneratorRuntime.js:44:17)
    at Generator.<anonymous> (C:\Users\srikanth naidu\Fundoo-Notes\node_modules\@babel\runtime\helpers\regeneratorRuntime.js:125:22)
    at Generator.next (C:\Users\srikanth naidu\Fundoo-Notes\node_modules\@babel\runtime\helpers\regeneratorRuntime.js:69:21)
    at asyncGeneratorStep (C:\Users\srikanth naidu\Fundoo-Notes\node_modules\@babel\runtime\helpers\asyncToGenerator.js:3:24)
    at _next (C:\Users\srikanth naidu\Fundoo-Notes\node_modules\@babel\runtime\helpers\asyncToGenerator.js:22:9) 
    url - /api/v1/users/login 
    method - POST 
    IP - ::ffff:127.0.0.1
   {"timestamp":"2023-02-15T04:10:38.756Z"}
info: Server started at http://localhost:3000/api/v1/ {"timestamp":"2023-02-15T04:13:02.277Z"}
info: Connected to the database. {"timestamp":"2023-02-15T04:13:09.763Z"}
error: 
    status - 500 
    message - ValidationError: "firstname" is required 
    url - /api/v1/users/Register 
    method - POST 
    IP - ::ffff:127.0.0.1
   {"timestamp":"2023-02-15T04:13:11.002Z"}
error: 
    status - 500 
    message - ValidationError: "firstname" is required 
    url - /api/v1/users/Register 
    method - POST 
    IP - ::ffff:127.0.0.1
   {"timestamp":"2023-02-15T04:13:11.018Z"}
error: 
    status - 500 
    message - ValidationError: "firstname" is required 
    url - /api/v1/users/Register 
    method - POST 
    IP - ::ffff:127.0.0.1
   {"timestamp":"2023-02-15T04:13:11.031Z"}
error: 
    status - 500 
    message - ValidationError: "firstname" is required 
    url - /api/v1/users/Register 
    method - POST 
    IP - ::ffff:127.0.0.1
   {"timestamp":"2023-02-15T04:13:11.040Z"}
error: 
    status - 500 
    message - Error: Please enter email and password
    at _callee2$ (C:\Users\srikanth naidu\Fundoo-Notes\src\services\/user.service.js:40:11)
    at tryCatch (C:\Users\srikanth naidu\Fundoo-Notes\node_modules\@babel\runtime\helpers\regeneratorRuntime.js:44:17)
    at Generator.<anonymous> (C:\Users\srikanth naidu\Fundoo-Notes\node_modules\@babel\runtime\helpers\regeneratorRuntime.js:125:22)
    at Generator.next (C:\Users\srikanth naidu\Fundoo-Notes\node_modules\@babel\runtime\helpers\regeneratorRuntime.js:69:21)
    at asyncGeneratorStep (C:\Users\srikanth naidu\Fundoo-Notes\node_modules\@babel\runtime\helpers\asyncToGenerator.js:3:24)
    at _next (C:\Users\srikanth naidu\Fundoo-Notes\node_modules\@babel\runtime\helpers\asyncToGenerator.js:22:9)
    at processTicksAndRejections (node:internal/process/task_queues:96:5) 
    url - /api/v1/users/login 
    method - POST 
    IP - ::ffff:127.0.0.1
   {"timestamp":"2023-02-15T04:13:11.619Z"}
error: 
    status - 500 
    message - Error: Invalid Password please select forgot password http://localhost:3000/api/v1/users/forgotpwd or reset passwor click here http://localhost:3000/api/v1/users/resetpwd 
    at _callee2$ (C:\Users\srikanth naidu\Fundoo-Notes\src\services\/user.service.js:36:13)
    at tryCatch (C:\Users\srikanth naidu\Fundoo-Notes\node_modules\@babel\runtime\helpers\regeneratorRuntime.js:44:17)
    at Generator.<anonymous> (C:\Users\srikanth naidu\Fundoo-Notes\node_modules\@babel\runtime\helpers\regeneratorRuntime.js:125:22)
    at Generator.next (C:\Users\srikanth naidu\Fundoo-Notes\node_modules\@babel\runtime\helpers\regeneratorRuntime.js:69:21)
    at asyncGeneratorStep (C:\Users\srikanth naidu\Fundoo-Notes\node_modules\@babel\runtime\helpers\asyncToGenerator.js:3:24)
    at _next (C:\Users\srikanth naidu\Fundoo-Notes\node_modules\@babel\runtime\helpers\asyncToGenerator.js:22:9) 
    url - /api/v1/users/login 
    method - POST 
    IP - ::ffff:127.0.0.1
   {"timestamp":"2023-02-15T04:13:11.960Z"}
