info: Server started at http://localhost:2000/api/v1/ {"timestamp":"2023-02-10T04:41:40.908Z"}
info: Connected to the database. {"timestamp":"2023-02-10T04:41:40.968Z"}
info: Connected to the database. {"timestamp":"2023-02-10T05:10:41.796Z"}
error: 
      status - 11000
      message - E11000 duplicate key error collection: Fundoo-Notes.users index: email_1 dup key: { email: "sai@gmail.com" } 
      url - /api/v1/users/Register 
      method - POST 
      IP - ::1
     {"timestamp":"2023-02-10T05:12:22.575Z"}
error: 
    status - 500 
    message - RangeError: Invalid status code: 11000
    at new NodeError (node:internal/errors:387:5)
    at ServerResponse.writeHead (node:_http_server:297:11)
    at ServerResponse.writeHead (C:\Users\srikanth naidu\Fundoo-Notes\node_modules\on-headers\index.js:44:26)
    at ServerResponse._implicitHeader (node:_http_server:288:8)
    at write_ (node:_http_outgoing:826:9)
    at ServerResponse.end (node:_http_outgoing:934:5)
    at ServerResponse.send (C:\Users\srikanth naidu\Fundoo-Notes\node_modules\express\lib\response.js:232:10)
    at ServerResponse.json (C:\Users\srikanth naidu\Fundoo-Notes\node_modules\express\lib\response.js:278:15)
    at appErrorHandler (C:\Users\srikanth naidu\Fundoo-Notes\src\middlewares\/error.middleware.js:36:26)
    at Layer.handle_error (C:\Users\srikanth naidu\Fundoo-Notes\node_modules\express\lib\router\layer.js:71:5)
    at trim_prefix (C:\Users\srikanth naidu\Fundoo-Notes\node_modules\express\lib\router\index.js:326:13)
    at C:\Users\srikanth naidu\Fundoo-Notes\node_modules\express\lib\router\index.js:286:9
    at Function.process_params (C:\Users\srikanth naidu\Fundoo-Notes\node_modules\express\lib\router\index.js:346:12)
    at next (C:\Users\srikanth naidu\Fundoo-Notes\node_modules\express\lib\router\index.js:280:10)
    at C:\Users\srikanth naidu\Fundoo-Notes\node_modules\express\lib\router\index.js:646:15
    at next (C:\Users\srikanth naidu\Fundoo-Notes\node_modules\express\lib\router\index.js:265:14) 
    url - /api/v1/users/Register 
    method - POST 
    IP - ::1
   {"timestamp":"2023-02-10T05:12:22.598Z"}
error: 
      status - 11000
      message - E11000 duplicate key error collection: Fundoo-Notes.users index: email_1 dup key: { email: "sai@gmail.com" } 
      url - /api/v1/users/Register 
      method - POST 
      IP - ::1
     {"timestamp":"2023-02-10T05:12:57.846Z"}
error: 
    status - 500 
    message - RangeError: Invalid status code: 11000
    at new NodeError (node:internal/errors:387:5)
    at ServerResponse.writeHead (node:_http_server:297:11)
    at ServerResponse.writeHead (C:\Users\srikanth naidu\Fundoo-Notes\node_modules\on-headers\index.js:44:26)
    at ServerResponse._implicitHeader (node:_http_server:288:8)
    at write_ (node:_http_outgoing:826:9)
    at ServerResponse.end (node:_http_outgoing:934:5)
    at ServerResponse.send (C:\Users\srikanth naidu\Fundoo-Notes\node_modules\express\lib\response.js:232:10)
    at ServerResponse.json (C:\Users\srikanth naidu\Fundoo-Notes\node_modules\express\lib\response.js:278:15)
    at appErrorHandler (C:\Users\srikanth naidu\Fundoo-Notes\src\middlewares\/error.middleware.js:36:26)
    at Layer.handle_error (C:\Users\srikanth naidu\Fundoo-Notes\node_modules\express\lib\router\layer.js:71:5)
    at trim_prefix (C:\Users\srikanth naidu\Fundoo-Notes\node_modules\express\lib\router\index.js:326:13)
    at C:\Users\srikanth naidu\Fundoo-Notes\node_modules\express\lib\router\index.js:286:9
    at Function.process_params (C:\Users\srikanth naidu\Fundoo-Notes\node_modules\express\lib\router\index.js:346:12)
    at next (C:\Users\srikanth naidu\Fundoo-Notes\node_modules\express\lib\router\index.js:280:10)
    at C:\Users\srikanth naidu\Fundoo-Notes\node_modules\express\lib\router\index.js:646:15
    at next (C:\Users\srikanth naidu\Fundoo-Notes\node_modules\express\lib\router\index.js:265:14) 
    url - /api/v1/users/Register 
    method - POST 
    IP - ::1
   {"timestamp":"2023-02-10T05:12:57.849Z"}
error: 
      status - 11000
      message - E11000 duplicate key error collection: Fundoo-Notes.users index: email_1 dup key: { email: "srikanth9640@gmail.com" } 
      url - /api/v1/users/Register 
      method - POST 
      IP - ::1
     {"timestamp":"2023-02-10T05:13:15.967Z"}
error: 
    status - 500 
    message - RangeError: Invalid status code: 11000
    at new NodeError (node:internal/errors:387:5)
    at ServerResponse.writeHead (node:_http_server:297:11)
    at ServerResponse.writeHead (C:\Users\srikanth naidu\Fundoo-Notes\node_modules\on-headers\index.js:44:26)
    at ServerResponse._implicitHeader (node:_http_server:288:8)
    at write_ (node:_http_outgoing:826:9)
    at ServerResponse.end (node:_http_outgoing:934:5)
    at ServerResponse.send (C:\Users\srikanth naidu\Fundoo-Notes\node_modules\express\lib\response.js:232:10)
    at ServerResponse.json (C:\Users\srikanth naidu\Fundoo-Notes\node_modules\express\lib\response.js:278:15)
    at appErrorHandler (C:\Users\srikanth naidu\Fundoo-Notes\src\middlewares\/error.middleware.js:36:26)
    at Layer.handle_error (C:\Users\srikanth naidu\Fundoo-Notes\node_modules\express\lib\router\layer.js:71:5)
    at trim_prefix (C:\Users\srikanth naidu\Fundoo-Notes\node_modules\express\lib\router\index.js:326:13)
    at C:\Users\srikanth naidu\Fundoo-Notes\node_modules\express\lib\router\index.js:286:9
    at Function.process_params (C:\Users\srikanth naidu\Fundoo-Notes\node_modules\express\lib\router\index.js:346:12)
    at next (C:\Users\srikanth naidu\Fundoo-Notes\node_modules\express\lib\router\index.js:280:10)
    at C:\Users\srikanth naidu\Fundoo-Notes\node_modules\express\lib\router\index.js:646:15
    at next (C:\Users\srikanth naidu\Fundoo-Notes\node_modules\express\lib\router\index.js:265:14) 
    url - /api/v1/users/Register 
    method - POST 
    IP - ::1
   {"timestamp":"2023-02-10T05:13:15.972Z"}
info: Connected to the database. {"timestamp":"2023-02-10T05:13:51.105Z"}
info: Connected to the database. {"timestamp":"2023-02-10T05:14:59.992Z"}
info: Connected to the database. {"timestamp":"2023-02-10T05:16:02.341Z"}
error: 
      status - 11000
      message - E11000 duplicate key error collection: Fundoo-Notes.users index: email_1 dup key: { email: "srikanth9640@gmail.com" } 
      url - /api/v1/users/Register 
      method - POST 
      IP - ::1
     {"timestamp":"2023-02-10T05:16:56.073Z"}
error: 
    status - 500 
    message - RangeError: Invalid status code: 11000
    at new NodeError (node:internal/errors:387:5)
    at ServerResponse.writeHead (node:_http_server:297:11)
    at ServerResponse.writeHead (C:\Users\srikanth naidu\Fundoo-Notes\node_modules\on-headers\index.js:44:26)
    at ServerResponse._implicitHeader (node:_http_server:288:8)
    at write_ (node:_http_outgoing:826:9)
    at ServerResponse.end (node:_http_outgoing:934:5)
    at ServerResponse.send (C:\Users\srikanth naidu\Fundoo-Notes\node_modules\express\lib\response.js:232:10)
    at ServerResponse.json (C:\Users\srikanth naidu\Fundoo-Notes\node_modules\express\lib\response.js:278:15)
    at appErrorHandler (C:\Users\srikanth naidu\Fundoo-Notes\src\middlewares\/error.middleware.js:36:26)
    at Layer.handle_error (C:\Users\srikanth naidu\Fundoo-Notes\node_modules\express\lib\router\layer.js:71:5)
    at trim_prefix (C:\Users\srikanth naidu\Fundoo-Notes\node_modules\express\lib\router\index.js:326:13)
    at C:\Users\srikanth naidu\Fundoo-Notes\node_modules\express\lib\router\index.js:286:9
    at Function.process_params (C:\Users\srikanth naidu\Fundoo-Notes\node_modules\express\lib\router\index.js:346:12)
    at next (C:\Users\srikanth naidu\Fundoo-Notes\node_modules\express\lib\router\index.js:280:10)
    at C:\Users\srikanth naidu\Fundoo-Notes\node_modules\express\lib\router\index.js:646:15
    at next (C:\Users\srikanth naidu\Fundoo-Notes\node_modules\express\lib\router\index.js:265:14) 
    url - /api/v1/users/Register 
    method - POST 
    IP - ::1
   {"timestamp":"2023-02-10T05:16:56.077Z"}
error: 
      status - 11000
      message - E11000 duplicate key error collection: Fundoo-Notes.users index: email_1 dup key: { email: "ksru044@gmail.com" } 
      url - /api/v1/users/Register 
      method - POST 
      IP - ::1
     {"timestamp":"2023-02-10T05:19:19.543Z"}
error: 
    status - 500 
    message - RangeError: Invalid status code: 11000
    at new NodeError (node:internal/errors:387:5)
    at ServerResponse.writeHead (node:_http_server:297:11)
    at ServerResponse.writeHead (C:\Users\srikanth naidu\Fundoo-Notes\node_modules\on-headers\index.js:44:26)
    at ServerResponse._implicitHeader (node:_http_server:288:8)
    at write_ (node:_http_outgoing:826:9)
    at ServerResponse.end (node:_http_outgoing:934:5)
    at ServerResponse.send (C:\Users\srikanth naidu\Fundoo-Notes\node_modules\express\lib\response.js:232:10)
    at ServerResponse.json (C:\Users\srikanth naidu\Fundoo-Notes\node_modules\express\lib\response.js:278:15)
    at appErrorHandler (C:\Users\srikanth naidu\Fundoo-Notes\src\middlewares\/error.middleware.js:36:26)
    at Layer.handle_error (C:\Users\srikanth naidu\Fundoo-Notes\node_modules\express\lib\router\layer.js:71:5)
    at trim_prefix (C:\Users\srikanth naidu\Fundoo-Notes\node_modules\express\lib\router\index.js:326:13)
    at C:\Users\srikanth naidu\Fundoo-Notes\node_modules\express\lib\router\index.js:286:9
    at Function.process_params (C:\Users\srikanth naidu\Fundoo-Notes\node_modules\express\lib\router\index.js:346:12)
    at next (C:\Users\srikanth naidu\Fundoo-Notes\node_modules\express\lib\router\index.js:280:10)
    at C:\Users\srikanth naidu\Fundoo-Notes\node_modules\express\lib\router\index.js:646:15
    at next (C:\Users\srikanth naidu\Fundoo-Notes\node_modules\express\lib\router\index.js:265:14) 
    url - /api/v1/users/Register 
    method - POST 
    IP - ::1
   {"timestamp":"2023-02-10T05:19:19.548Z"}
info: Connected to the database. {"timestamp":"2023-02-10T05:23:43.184Z"}
error: 
      status - 11000
      message - E11000 duplicate key error collection: Fundoo-Notes.users index: email_1 dup key: { email: "ksru044@gmail.com" } 
      url - /api/v1/users/Register 
      method - POST 
      IP - ::1
     {"timestamp":"2023-02-10T05:23:44.997Z"}
error: 
    status - 500 
    message - RangeError: Invalid status code: 11000
    at new NodeError (node:internal/errors:387:5)
    at ServerResponse.writeHead (node:_http_server:297:11)
    at ServerResponse.writeHead (C:\Users\srikanth naidu\Fundoo-Notes\node_modules\on-headers\index.js:44:26)
    at ServerResponse._implicitHeader (node:_http_server:288:8)
    at write_ (node:_http_outgoing:826:9)
    at ServerResponse.end (node:_http_outgoing:934:5)
    at ServerResponse.send (C:\Users\srikanth naidu\Fundoo-Notes\node_modules\express\lib\response.js:232:10)
    at ServerResponse.json (C:\Users\srikanth naidu\Fundoo-Notes\node_modules\express\lib\response.js:278:15)
    at appErrorHandler (C:\Users\srikanth naidu\Fundoo-Notes\src\middlewares\/error.middleware.js:36:26)
    at Layer.handle_error (C:\Users\srikanth naidu\Fundoo-Notes\node_modules\express\lib\router\layer.js:71:5)
    at trim_prefix (C:\Users\srikanth naidu\Fundoo-Notes\node_modules\express\lib\router\index.js:326:13)
    at C:\Users\srikanth naidu\Fundoo-Notes\node_modules\express\lib\router\index.js:286:9
    at Function.process_params (C:\Users\srikanth naidu\Fundoo-Notes\node_modules\express\lib\router\index.js:346:12)
    at next (C:\Users\srikanth naidu\Fundoo-Notes\node_modules\express\lib\router\index.js:280:10)
    at C:\Users\srikanth naidu\Fundoo-Notes\node_modules\express\lib\router\index.js:646:15
    at next (C:\Users\srikanth naidu\Fundoo-Notes\node_modules\express\lib\router\index.js:265:14) 
    url - /api/v1/users/Register 
    method - POST 
    IP - ::1
   {"timestamp":"2023-02-10T05:23:44.999Z"}
info: Connected to the database. {"timestamp":"2023-02-10T05:24:30.838Z"}
info: Connected to the database. {"timestamp":"2023-02-10T05:25:15.375Z"}
info: Connected to the database. {"timestamp":"2023-02-10T05:25:41.268Z"}
info: Connected to the database. {"timestamp":"2023-02-10T05:25:41.684Z"}
info: Connected to the database. {"timestamp":"2023-02-10T05:30:30.139Z"}
info: Connected to the database. {"timestamp":"2023-02-10T05:30:51.886Z"}
info: Connected to the database. {"timestamp":"2023-02-10T05:30:57.639Z"}
info: Server started at http://localhost:3000/api/v1/ {"timestamp":"2023-02-10T05:31:39.227Z"}
info: Connected to the database. {"timestamp":"2023-02-10T05:31:39.285Z"}
error: 
      status - 11000
      message - E11000 duplicate key error collection: Fundoo-Notes.users index: email_1 dup key: { email: "ksru044@gmail.com" } 
      url - /api/v1/users/Register 
      method - POST 
      IP - ::1
     {"timestamp":"2023-02-10T05:34:19.693Z"}
error: 
    status - 500 
    message - RangeError: Invalid status code: 11000
    at new NodeError (node:internal/errors:387:5)
    at ServerResponse.writeHead (node:_http_server:297:11)
    at ServerResponse.writeHead (C:\Users\srikanth naidu\Fundoo-Notes\node_modules\on-headers\index.js:44:26)
    at ServerResponse._implicitHeader (node:_http_server:288:8)
    at write_ (node:_http_outgoing:826:9)
    at ServerResponse.end (node:_http_outgoing:934:5)
    at ServerResponse.send (C:\Users\srikanth naidu\Fundoo-Notes\node_modules\express\lib\response.js:232:10)
    at ServerResponse.json (C:\Users\srikanth naidu\Fundoo-Notes\node_modules\express\lib\response.js:278:15)
    at appErrorHandler (C:\Users\srikanth naidu\Fundoo-Notes\src\middlewares\/error.middleware.js:36:26)
    at Layer.handle_error (C:\Users\srikanth naidu\Fundoo-Notes\node_modules\express\lib\router\layer.js:71:5)
    at trim_prefix (C:\Users\srikanth naidu\Fundoo-Notes\node_modules\express\lib\router\index.js:326:13)
    at C:\Users\srikanth naidu\Fundoo-Notes\node_modules\express\lib\router\index.js:286:9
    at Function.process_params (C:\Users\srikanth naidu\Fundoo-Notes\node_modules\express\lib\router\index.js:346:12)
    at next (C:\Users\srikanth naidu\Fundoo-Notes\node_modules\express\lib\router\index.js:280:10)
    at C:\Users\srikanth naidu\Fundoo-Notes\node_modules\express\lib\router\index.js:646:15
    at next (C:\Users\srikanth naidu\Fundoo-Notes\node_modules\express\lib\router\index.js:265:14) 
    url - /api/v1/users/Register 
    method - POST 
    IP - ::1
   {"timestamp":"2023-02-10T05:34:19.729Z"}
info: Server started at http://localhost:3000/api/v1/ {"timestamp":"2023-02-10T05:36:40.017Z"}
info: Connected to the database. {"timestamp":"2023-02-10T05:36:40.073Z"}
info: Server started at http://localhost:3000/api/v1/ {"timestamp":"2023-02-10T05:36:46.374Z"}
info: Connected to the database. {"timestamp":"2023-02-10T05:36:46.414Z"}
info: Server started at http://localhost:3000/api/v1/ {"timestamp":"2023-02-10T05:39:52.810Z"}
info: Connected to the database. {"timestamp":"2023-02-10T05:39:52.847Z"}
info: Server started at http://localhost:3000/api/v1/ {"timestamp":"2023-02-10T05:40:05.947Z"}
info: Connected to the database. {"timestamp":"2023-02-10T05:40:06.028Z"}
info: Server started at http://localhost:3000/api/v1/ {"timestamp":"2023-02-10T05:40:13.797Z"}
info: Connected to the database. {"timestamp":"2023-02-10T05:40:13.836Z"}
info: Server started at http://localhost:3000/api/v1/ {"timestamp":"2023-02-10T05:40:22.836Z"}
info: Connected to the database. {"timestamp":"2023-02-10T05:40:22.883Z"}
info: Server started at http://localhost:3000/api/v1/ {"timestamp":"2023-02-10T05:40:37.105Z"}
info: Connected to the database. {"timestamp":"2023-02-10T05:40:37.151Z"}
info: Server started at http://localhost:3000/api/v1/ {"timestamp":"2023-02-10T05:40:48.793Z"}
info: Connected to the database. {"timestamp":"2023-02-10T05:40:48.844Z"}
info: Server started at http://localhost:3000/api/v1/ {"timestamp":"2023-02-10T05:41:07.324Z"}
info: Connected to the database. {"timestamp":"2023-02-10T05:41:07.365Z"}
info: Server started at http://localhost:3000/api/v1/ {"timestamp":"2023-02-10T05:41:17.540Z"}
info: Connected to the database. {"timestamp":"2023-02-10T05:41:17.578Z"}
error: 
      status - 11000
      message - E11000 duplicate key error collection: Fundoo-Notes.users index: email_1 dup key: { email: "ksru044@gmail.com" } 
      url - /api/v1/users/Register 
      method - POST 
      IP - ::1
     {"timestamp":"2023-02-10T05:41:20.804Z"}
error: 
    status - 500 
    message - RangeError: Invalid status code: 11000
    at new NodeError (node:internal/errors:387:5)
    at ServerResponse.writeHead (node:_http_server:297:11)
    at ServerResponse.writeHead (C:\Users\srikanth naidu\Fundoo-Notes\node_modules\on-headers\index.js:44:26)
    at ServerResponse._implicitHeader (node:_http_server:288:8)
    at write_ (node:_http_outgoing:826:9)
    at ServerResponse.end (node:_http_outgoing:934:5)
    at ServerResponse.send (C:\Users\srikanth naidu\Fundoo-Notes\node_modules\express\lib\response.js:232:10)
    at ServerResponse.json (C:\Users\srikanth naidu\Fundoo-Notes\node_modules\express\lib\response.js:278:15)
    at appErrorHandler (C:\Users\srikanth naidu\Fundoo-Notes\src\middlewares\/error.middleware.js:36:26)
    at Layer.handle_error (C:\Users\srikanth naidu\Fundoo-Notes\node_modules\express\lib\router\layer.js:71:5)
    at trim_prefix (C:\Users\srikanth naidu\Fundoo-Notes\node_modules\express\lib\router\index.js:326:13)
    at C:\Users\srikanth naidu\Fundoo-Notes\node_modules\express\lib\router\index.js:286:9
    at Function.process_params (C:\Users\srikanth naidu\Fundoo-Notes\node_modules\express\lib\router\index.js:346:12)
    at next (C:\Users\srikanth naidu\Fundoo-Notes\node_modules\express\lib\router\index.js:280:10)
    at C:\Users\srikanth naidu\Fundoo-Notes\node_modules\express\lib\router\index.js:646:15
    at next (C:\Users\srikanth naidu\Fundoo-Notes\node_modules\express\lib\router\index.js:265:14)
    at C:\Users\srikanth naidu\Fundoo-Notes\node_modules\express\lib\router\index.js:646:15
    at next (C:\Users\srikanth naidu\Fundoo-Notes\node_modules\express\lib\router\index.js:265:14)
    at next (C:\Users\srikanth naidu\Fundoo-Notes\node_modules\express\lib\router\route.js:136:14)
    at _callee$ (C:\Users\srikanth naidu\Fundoo-Notes\src\controllers\/user.controller.js:20:5)
    at tryCatch (C:\Users\srikanth naidu\Fundoo-Notes\node_modules\@babel\runtime\helpers\regeneratorRuntime.js:44:17)
    at Generator.<anonymous> (C:\Users\srikanth naidu\Fundoo-Notes\node_modules\@babel\runtime\helpers\regeneratorRuntime.js:125:22)
    at Generator.throw (C:\Users\srikanth naidu\Fundoo-Notes\node_modules\@babel\runtime\helpers\regeneratorRuntime.js:69:21)
    at asyncGeneratorStep (C:\Users\srikanth naidu\Fundoo-Notes\node_modules\@babel\runtime\helpers\asyncToGenerator.js:3:24)
    at _throw (C:\Users\srikanth naidu\Fundoo-Notes\node_modules\@babel\runtime\helpers\asyncToGenerator.js:25:9)
    at processTicksAndRejections (node:internal/process/task_queues:96:5) 
    url - /api/v1/users/Register 
    method - POST 
    IP - ::1
   {"timestamp":"2023-02-10T05:41:20.816Z"}
info: Server started at http://localhost:3000/api/v1/ {"timestamp":"2023-02-10T05:41:45.804Z"}
info: Connected to the database. {"timestamp":"2023-02-10T05:41:45.840Z"}
error: 
      status - 11000
      message - E11000 duplicate key error collection: Fundoo-Notes.users index: email_1 dup key: { email: "ksru044@gmail.com" } 
      url - /api/v1/users/Register 
      method - POST 
      IP - ::1
     {"timestamp":"2023-02-10T05:41:53.220Z"}
error: 
    status - 500 
    message - RangeError: Invalid status code: 11000
    at new NodeError (node:internal/errors:387:5)
    at ServerResponse.writeHead (node:_http_server:297:11)
    at ServerResponse.writeHead (C:\Users\srikanth naidu\Fundoo-Notes\node_modules\on-headers\index.js:44:26)
    at ServerResponse._implicitHeader (node:_http_server:288:8)
    at write_ (node:_http_outgoing:826:9)
    at ServerResponse.end (node:_http_outgoing:934:5)
    at ServerResponse.send (C:\Users\srikanth naidu\Fundoo-Notes\node_modules\express\lib\response.js:232:10)
    at ServerResponse.json (C:\Users\srikanth naidu\Fundoo-Notes\node_modules\express\lib\response.js:278:15)
    at appErrorHandler (C:\Users\srikanth naidu\Fundoo-Notes\src\middlewares\/error.middleware.js:36:26)
    at Layer.handle_error (C:\Users\srikanth naidu\Fundoo-Notes\node_modules\express\lib\router\layer.js:71:5)
    at trim_prefix (C:\Users\srikanth naidu\Fundoo-Notes\node_modules\express\lib\router\index.js:326:13)
    at C:\Users\srikanth naidu\Fundoo-Notes\node_modules\express\lib\router\index.js:286:9
    at Function.process_params (C:\Users\srikanth naidu\Fundoo-Notes\node_modules\express\lib\router\index.js:346:12)
    at next (C:\Users\srikanth naidu\Fundoo-Notes\node_modules\express\lib\router\index.js:280:10)
    at C:\Users\srikanth naidu\Fundoo-Notes\node_modules\express\lib\router\index.js:646:15
    at next (C:\Users\srikanth naidu\Fundoo-Notes\node_modules\express\lib\router\index.js:265:14) 
    url - /api/v1/users/Register 
    method - POST 
    IP - ::1
   {"timestamp":"2023-02-10T05:41:53.234Z"}
info: Server started at http://localhost:3000/api/v1/ {"timestamp":"2023-02-10T05:56:06.622Z"}
info: Connected to the database. {"timestamp":"2023-02-10T05:56:06.711Z"}
info: Server started at http://localhost:3000/api/v1/ {"timestamp":"2023-02-10T05:56:21.787Z"}
info: Connected to the database. {"timestamp":"2023-02-10T05:56:21.837Z"}
info: Server started at http://localhost:3000/api/v1/ {"timestamp":"2023-02-10T05:56:59.119Z"}
info: Connected to the database. {"timestamp":"2023-02-10T05:56:59.169Z"}
info: Server started at http://localhost:3000/api/v1/ {"timestamp":"2023-02-10T05:57:08.713Z"}
info: Connected to the database. {"timestamp":"2023-02-10T05:57:08.747Z"}
info: Server started at http://localhost:3000/api/v1/ {"timestamp":"2023-02-10T05:57:15.032Z"}
info: Connected to the database. {"timestamp":"2023-02-10T05:57:15.122Z"}
info: Server started at http://localhost:3000/api/v1/ {"timestamp":"2023-02-10T05:57:38.078Z"}
info: Connected to the database. {"timestamp":"2023-02-10T05:57:38.125Z"}
error: 
    status - 500 
    message - Error: Already Exist EmailId
                    please try different one!..
    at _callee$ (C:\Users\srikanth naidu\Fundoo-Notes\src\services\/user.service.js:16:11)
    at tryCatch (C:\Users\srikanth naidu\Fundoo-Notes\node_modules\@babel\runtime\helpers\regeneratorRuntime.js:44:17)
    at Generator.<anonymous> (C:\Users\srikanth naidu\Fundoo-Notes\node_modules\@babel\runtime\helpers\regeneratorRuntime.js:125:22)
    at Generator.next (C:\Users\srikanth naidu\Fundoo-Notes\node_modules\@babel\runtime\helpers\regeneratorRuntime.js:69:21)
    at asyncGeneratorStep (C:\Users\srikanth naidu\Fundoo-Notes\node_modules\@babel\runtime\helpers\asyncToGenerator.js:3:24)
    at _next (C:\Users\srikanth naidu\Fundoo-Notes\node_modules\@babel\runtime\helpers\asyncToGenerator.js:22:9)
    at processTicksAndRejections (node:internal/process/task_queues:96:5) 
    url - /api/v1/users/Register 
    method - POST 
    IP - ::1
   {"timestamp":"2023-02-10T05:57:44.455Z"}
info: Server started at http://localhost:3000/api/v1/ {"timestamp":"2023-02-10T05:58:49.859Z"}
info: Connected to the database. {"timestamp":"2023-02-10T05:58:49.929Z"}
info: Server started at http://localhost:3000/api/v1/ {"timestamp":"2023-02-10T05:58:55.410Z"}
info: Connected to the database. {"timestamp":"2023-02-10T05:58:55.457Z"}
info: Server started at http://localhost:3000/api/v1/ {"timestamp":"2023-02-10T05:59:04.195Z"}
info: Connected to the database. {"timestamp":"2023-02-10T05:59:04.233Z"}
info: Server started at http://localhost:3000/api/v1/ {"timestamp":"2023-02-10T05:59:10.162Z"}
info: Connected to the database. {"timestamp":"2023-02-10T05:59:10.209Z"}
error: 
    status - 500 
    message - Error: Already Exist this E-mailId Please try different one!..
    at _callee$ (C:\Users\srikanth naidu\Fundoo-Notes\src\services\/user.service.js:16:11)
    at tryCatch (C:\Users\srikanth naidu\Fundoo-Notes\node_modules\@babel\runtime\helpers\regeneratorRuntime.js:44:17)
    at Generator.<anonymous> (C:\Users\srikanth naidu\Fundoo-Notes\node_modules\@babel\runtime\helpers\regeneratorRuntime.js:125:22)
    at Generator.next (C:\Users\srikanth naidu\Fundoo-Notes\node_modules\@babel\runtime\helpers\regeneratorRuntime.js:69:21)
    at asyncGeneratorStep (C:\Users\srikanth naidu\Fundoo-Notes\node_modules\@babel\runtime\helpers\asyncToGenerator.js:3:24)
    at _next (C:\Users\srikanth naidu\Fundoo-Notes\node_modules\@babel\runtime\helpers\asyncToGenerator.js:22:9)
    at processTicksAndRejections (node:internal/process/task_queues:96:5) 
    url - /api/v1/users/Register 
    method - POST 
    IP - ::1
   {"timestamp":"2023-02-10T05:59:13.446Z"}
info: Server started at http://localhost:3000/api/v1/ {"timestamp":"2023-02-10T06:54:54.672Z"}
info: Connected to the database. {"timestamp":"2023-02-10T06:54:54.703Z"}
info: Server started at http://localhost:3000/api/v1/ {"timestamp":"2023-02-10T06:55:44.049Z"}
info: Connected to the database. {"timestamp":"2023-02-10T06:55:44.082Z"}
error: 
    status - 500 
    message - ReferenceError: google is not defined
    at _callee3$ (C:\Users\srikanth naidu\Fundoo-Notes\src\controllers\/user.controller.js:45:9)
    at tryCatch (C:\Users\srikanth naidu\Fundoo-Notes\node_modules\@babel\runtime\helpers\regeneratorRuntime.js:44:17)
    at Generator.<anonymous> (C:\Users\srikanth naidu\Fundoo-Notes\node_modules\@babel\runtime\helpers\regeneratorRuntime.js:125:22)
    at Generator.next (C:\Users\srikanth naidu\Fundoo-Notes\node_modules\@babel\runtime\helpers\regeneratorRuntime.js:69:21)
    at asyncGeneratorStep (C:\Users\srikanth naidu\Fundoo-Notes\node_modules\@babel\runtime\helpers\asyncToGenerator.js:3:24)
    at _next (C:\Users\srikanth naidu\Fundoo-Notes\node_modules\@babel\runtime\helpers\asyncToGenerator.js:22:9)
    at C:\Users\srikanth naidu\Fundoo-Notes\node_modules\@babel\runtime\helpers\asyncToGenerator.js:27:7
    at new Promise (<anonymous>)
    at C:\Users\srikanth naidu\Fundoo-Notes\node_modules\@babel\runtime\helpers\asyncToGenerator.js:19:12
    at sendMail (C:\Users\srikanth naidu\Fundoo-Notes\src\controllers\/user.controller.js:43:22)
    at Layer.handle [as handle_request] (C:\Users\srikanth naidu\Fundoo-Notes\node_modules\express\lib\router\layer.js:95:5)
    at next (C:\Users\srikanth naidu\Fundoo-Notes\node_modules\express\lib\router\route.js:144:13)
    at Route.dispatch (C:\Users\srikanth naidu\Fundoo-Notes\node_modules\express\lib\router\route.js:114:3)
    at Layer.handle [as handle_request] (C:\Users\srikanth naidu\Fundoo-Notes\node_modules\express\lib\router\layer.js:95:5)
    at C:\Users\srikanth naidu\Fundoo-Notes\node_modules\express\lib\router\index.js:284:15
    at Function.process_params (C:\Users\srikanth naidu\Fundoo-Notes\node_modules\express\lib\router\index.js:346:12)
    at next (C:\Users\srikanth naidu\Fundoo-Notes\node_modules\express\lib\router\index.js:280:10)
    at Function.handle (C:\Users\srikanth naidu\Fundoo-Notes\node_modules\express\lib\router\index.js:175:3)
    at router (C:\Users\srikanth naidu\Fundoo-Notes\node_modules\express\lib\router\index.js:47:12)
    at Layer.handle [as handle_request] (C:\Users\srikanth naidu\Fundoo-Notes\node_modules\express\lib\router\layer.js:95:5)
    at trim_prefix (C:\Users\srikanth naidu\Fundoo-Notes\node_modules\express\lib\router\index.js:328:13)
    at C:\Users\srikanth naidu\Fundoo-Notes\node_modules\express\lib\router\index.js:286:9
    at Function.process_params (C:\Users\srikanth naidu\Fundoo-Notes\node_modules\express\lib\router\index.js:346:12)
    at next (C:\Users\srikanth naidu\Fundoo-Notes\node_modules\express\lib\router\index.js:280:10)
    at Function.handle (C:\Users\srikanth naidu\Fundoo-Notes\node_modules\express\lib\router\index.js:175:3)
    at router (C:\Users\srikanth naidu\Fundoo-Notes\node_modules\express\lib\router\index.js:47:12)
    at Layer.handle [as handle_request] (C:\Users\srikanth naidu\Fundoo-Notes\node_modules\express\lib\router\layer.js:95:5)
    at trim_prefix (C:\Users\srikanth naidu\Fundoo-Notes\node_modules\express\lib\router\index.js:328:13)
    at C:\Users\srikanth naidu\Fundoo-Notes\node_modules\express\lib\router\index.js:286:9
    at Function.process_params (C:\Users\srikanth naidu\Fundoo-Notes\node_modules\express\lib\router\index.js:346:12)
    at next (C:\Users\srikanth naidu\Fundoo-Notes\node_modules\express\lib\router\index.js:280:10)
    at logger (C:\Users\srikanth naidu\Fundoo-Notes\node_modules\morgan\index.js:144:5)
    at Layer.handle [as handle_request] (C:\Users\srikanth naidu\Fundoo-Notes\node_modules\express\lib\router\layer.js:95:5)
    at trim_prefix (C:\Users\srikanth naidu\Fundoo-Notes\node_modules\express\lib\router\index.js:328:13)
    at C:\Users\srikanth naidu\Fundoo-Notes\node_modules\express\lib\router\index.js:286:9
    at Function.process_params (C:\Users\srikanth naidu\Fundoo-Notes\node_modules\express\lib\router\index.js:346:12)
    at next (C:\Users\srikanth naidu\Fundoo-Notes\node_modules\express\lib\router\index.js:280:10)
    at C:\Users\srikanth naidu\Fundoo-Notes\node_modules\body-parser\lib\read.js:137:5
    at AsyncResource.runInAsyncScope (node:async_hooks:203:9)
    at invokeCallback (C:\Users\srikanth naidu\Fundoo-Notes\node_modules\raw-body\index.js:231:16)
    at done (C:\Users\srikanth naidu\Fundoo-Notes\node_modules\raw-body\index.js:220:7)
    at IncomingMessage.onEnd (C:\Users\srikanth naidu\Fundoo-Notes\node_modules\raw-body\index.js:280:7)
    at IncomingMessage.emit (node:events:525:35)
    at IncomingMessage.emit (node:domain:489:12)
    at endReadableNT (node:internal/streams/readable:1358:12)
    at processTicksAndRejections (node:internal/process/task_queues:83:21) 
    url - /api/v1/users/send_mail 
    method - POST 
    IP - ::1
   {"timestamp":"2023-02-10T06:56:41.531Z"}
info: Server started at http://localhost:3000/api/v1/ {"timestamp":"2023-02-10T09:00:33.736Z"}
info: Connected to the database. {"timestamp":"2023-02-10T09:00:33.769Z"}
error: 
    status - 500 
    message - ReferenceError: google is not defined
    at _callee3$ (C:\Users\srikanth naidu\Fundoo-Notes\src\controllers\/user.controller.js:45:9)
    at tryCatch (C:\Users\srikanth naidu\Fundoo-Notes\node_modules\@babel\runtime\helpers\regeneratorRuntime.js:44:17)
    at Generator.<anonymous> (C:\Users\srikanth naidu\Fundoo-Notes\node_modules\@babel\runtime\helpers\regeneratorRuntime.js:125:22)
    at Generator.next (C:\Users\srikanth naidu\Fundoo-Notes\node_modules\@babel\runtime\helpers\regeneratorRuntime.js:69:21)
    at asyncGeneratorStep (C:\Users\srikanth naidu\Fundoo-Notes\node_modules\@babel\runtime\helpers\asyncToGenerator.js:3:24)
    at _next (C:\Users\srikanth naidu\Fundoo-Notes\node_modules\@babel\runtime\helpers\asyncToGenerator.js:22:9)
    at C:\Users\srikanth naidu\Fundoo-Notes\node_modules\@babel\runtime\helpers\asyncToGenerator.js:27:7
    at new Promise (<anonymous>)
    at C:\Users\srikanth naidu\Fundoo-Notes\node_modules\@babel\runtime\helpers\asyncToGenerator.js:19:12
    at sendMail (C:\Users\srikanth naidu\Fundoo-Notes\src\controllers\/user.controller.js:43:22)
    at Layer.handle [as handle_request] (C:\Users\srikanth naidu\Fundoo-Notes\node_modules\express\lib\router\layer.js:95:5)
    at next (C:\Users\srikanth naidu\Fundoo-Notes\node_modules\express\lib\router\route.js:144:13)
    at Route.dispatch (C:\Users\srikanth naidu\Fundoo-Notes\node_modules\express\lib\router\route.js:114:3)
    at Layer.handle [as handle_request] (C:\Users\srikanth naidu\Fundoo-Notes\node_modules\express\lib\router\layer.js:95:5)
    at C:\Users\srikanth naidu\Fundoo-Notes\node_modules\express\lib\router\index.js:284:15
    at Function.process_params (C:\Users\srikanth naidu\Fundoo-Notes\node_modules\express\lib\router\index.js:346:12)
    at next (C:\Users\srikanth naidu\Fundoo-Notes\node_modules\express\lib\router\index.js:280:10)
    at Function.handle (C:\Users\srikanth naidu\Fundoo-Notes\node_modules\express\lib\router\index.js:175:3)
    at router (C:\Users\srikanth naidu\Fundoo-Notes\node_modules\express\lib\router\index.js:47:12)
    at Layer.handle [as handle_request] (C:\Users\srikanth naidu\Fundoo-Notes\node_modules\express\lib\router\layer.js:95:5)
    at trim_prefix (C:\Users\srikanth naidu\Fundoo-Notes\node_modules\express\lib\router\index.js:328:13)
    at C:\Users\srikanth naidu\Fundoo-Notes\node_modules\express\lib\router\index.js:286:9
    at Function.process_params (C:\Users\srikanth naidu\Fundoo-Notes\node_modules\express\lib\router\index.js:346:12)
    at next (C:\Users\srikanth naidu\Fundoo-Notes\node_modules\express\lib\router\index.js:280:10)
    at Function.handle (C:\Users\srikanth naidu\Fundoo-Notes\node_modules\express\lib\router\index.js:175:3)
    at router (C:\Users\srikanth naidu\Fundoo-Notes\node_modules\express\lib\router\index.js:47:12)
    at Layer.handle [as handle_request] (C:\Users\srikanth naidu\Fundoo-Notes\node_modules\express\lib\router\layer.js:95:5)
    at trim_prefix (C:\Users\srikanth naidu\Fundoo-Notes\node_modules\express\lib\router\index.js:328:13)
    at C:\Users\srikanth naidu\Fundoo-Notes\node_modules\express\lib\router\index.js:286:9
    at Function.process_params (C:\Users\srikanth naidu\Fundoo-Notes\node_modules\express\lib\router\index.js:346:12)
    at next (C:\Users\srikanth naidu\Fundoo-Notes\node_modules\express\lib\router\index.js:280:10)
    at logger (C:\Users\srikanth naidu\Fundoo-Notes\node_modules\morgan\index.js:144:5)
    at Layer.handle [as handle_request] (C:\Users\srikanth naidu\Fundoo-Notes\node_modules\express\lib\router\layer.js:95:5)
    at trim_prefix (C:\Users\srikanth naidu\Fundoo-Notes\node_modules\express\lib\router\index.js:328:13)
    at C:\Users\srikanth naidu\Fundoo-Notes\node_modules\express\lib\router\index.js:286:9
    at Function.process_params (C:\Users\srikanth naidu\Fundoo-Notes\node_modules\express\lib\router\index.js:346:12)
    at next (C:\Users\srikanth naidu\Fundoo-Notes\node_modules\express\lib\router\index.js:280:10)
    at C:\Users\srikanth naidu\Fundoo-Notes\node_modules\body-parser\lib\read.js:137:5
    at AsyncResource.runInAsyncScope (node:async_hooks:203:9)
    at invokeCallback (C:\Users\srikanth naidu\Fundoo-Notes\node_modules\raw-body\index.js:231:16)
    at done (C:\Users\srikanth naidu\Fundoo-Notes\node_modules\raw-body\index.js:220:7)
    at IncomingMessage.onEnd (C:\Users\srikanth naidu\Fundoo-Notes\node_modules\raw-body\index.js:280:7)
    at IncomingMessage.emit (node:events:525:35)
    at IncomingMessage.emit (node:domain:489:12)
    at endReadableNT (node:internal/streams/readable:1358:12)
    at processTicksAndRejections (node:internal/process/task_queues:83:21) 
    url - /api/v1/users/send_mail 
    method - POST 
    IP - ::1
   {"timestamp":"2023-02-10T09:01:11.296Z"}
info: Server started at http://localhost:3000/api/v1/ {"timestamp":"2023-02-10T09:09:55.810Z"}
info: Connected to the database. {"timestamp":"2023-02-10T09:09:55.852Z"}
info: Server started at http://localhost:3000/api/v1/ {"timestamp":"2023-02-10T09:13:30.773Z"}
info: Connected to the database. {"timestamp":"2023-02-10T09:13:30.819Z"}
info: Server started at http://localhost:3000/api/v1/ {"timestamp":"2023-02-10T09:13:36.089Z"}
info: Connected to the database. {"timestamp":"2023-02-10T09:13:36.123Z"}
info: Server started at http://localhost:3000/api/v1/ {"timestamp":"2023-02-10T09:13:42.360Z"}
info: Connected to the database. {"timestamp":"2023-02-10T09:13:42.397Z"}
info: Server started at http://localhost:3000/api/v1/ {"timestamp":"2023-02-10T09:13:57.446Z"}
info: Connected to the database. {"timestamp":"2023-02-10T09:13:57.476Z"}
info: Server started at http://localhost:3000/api/v1/ {"timestamp":"2023-02-10T09:14:05.250Z"}
info: Connected to the database. {"timestamp":"2023-02-10T09:14:05.289Z"}
info: Server started at http://localhost:3000/api/v1/ {"timestamp":"2023-02-10T09:23:02.154Z"}
info: Connected to the database. {"timestamp":"2023-02-10T09:23:02.186Z"}
info: Server started at http://localhost:3000/api/v1/ {"timestamp":"2023-02-10T09:26:27.540Z"}
info: Connected to the database. {"timestamp":"2023-02-10T09:26:27.577Z"}
error: 
    status - 500 
    message - ReferenceError: google is not defined
    at _callee3$ (C:\Users\srikanth naidu\Fundoo-Notes\src\controllers\/user.controller.js:45:9)
    at tryCatch (C:\Users\srikanth naidu\Fundoo-Notes\node_modules\@babel\runtime\helpers\regeneratorRuntime.js:44:17)
    at Generator.<anonymous> (C:\Users\srikanth naidu\Fundoo-Notes\node_modules\@babel\runtime\helpers\regeneratorRuntime.js:125:22)
    at Generator.next (C:\Users\srikanth naidu\Fundoo-Notes\node_modules\@babel\runtime\helpers\regeneratorRuntime.js:69:21)
    at asyncGeneratorStep (C:\Users\srikanth naidu\Fundoo-Notes\node_modules\@babel\runtime\helpers\asyncToGenerator.js:3:24)
    at _next (C:\Users\srikanth naidu\Fundoo-Notes\node_modules\@babel\runtime\helpers\asyncToGenerator.js:22:9)
    at C:\Users\srikanth naidu\Fundoo-Notes\node_modules\@babel\runtime\helpers\asyncToGenerator.js:27:7
    at new Promise (<anonymous>)
    at C:\Users\srikanth naidu\Fundoo-Notes\node_modules\@babel\runtime\helpers\asyncToGenerator.js:19:12
    at sendMail (C:\Users\srikanth naidu\Fundoo-Notes\src\controllers\/user.controller.js:43:22)
    at Layer.handle [as handle_request] (C:\Users\srikanth naidu\Fundoo-Notes\node_modules\express\lib\router\layer.js:95:5)
    at next (C:\Users\srikanth naidu\Fundoo-Notes\node_modules\express\lib\router\route.js:144:13)
    at Route.dispatch (C:\Users\srikanth naidu\Fundoo-Notes\node_modules\express\lib\router\route.js:114:3)
    at Layer.handle [as handle_request] (C:\Users\srikanth naidu\Fundoo-Notes\node_modules\express\lib\router\layer.js:95:5)
    at C:\Users\srikanth naidu\Fundoo-Notes\node_modules\express\lib\router\index.js:284:15
    at Function.process_params (C:\Users\srikanth naidu\Fundoo-Notes\node_modules\express\lib\router\index.js:346:12) 
    url - /api/v1/users/send_mail 
    method - POST 
    IP - ::1
   {"timestamp":"2023-02-10T09:26:36.425Z"}
info: Server started at http://localhost:3000/api/v1/ {"timestamp":"2023-02-10T09:29:41.408Z"}
info: Connected to the database. {"timestamp":"2023-02-10T09:29:41.430Z"}
error: 
    status - 500 
    message - ReferenceError: window is not defined
    at _callee3$ (C:\Users\srikanth naidu\Fundoo-Notes\src\controllers\/user.controller.js:45:9)
    at tryCatch (C:\Users\srikanth naidu\Fundoo-Notes\node_modules\@babel\runtime\helpers\regeneratorRuntime.js:44:17)
    at Generator.<anonymous> (C:\Users\srikanth naidu\Fundoo-Notes\node_modules\@babel\runtime\helpers\regeneratorRuntime.js:125:22)
    at Generator.next (C:\Users\srikanth naidu\Fundoo-Notes\node_modules\@babel\runtime\helpers\regeneratorRuntime.js:69:21)
    at asyncGeneratorStep (C:\Users\srikanth naidu\Fundoo-Notes\node_modules\@babel\runtime\helpers\asyncToGenerator.js:3:24)
    at _next (C:\Users\srikanth naidu\Fundoo-Notes\node_modules\@babel\runtime\helpers\asyncToGenerator.js:22:9)
    at C:\Users\srikanth naidu\Fundoo-Notes\node_modules\@babel\runtime\helpers\asyncToGenerator.js:27:7
    at new Promise (<anonymous>)
    at C:\Users\srikanth naidu\Fundoo-Notes\node_modules\@babel\runtime\helpers\asyncToGenerator.js:19:12
    at sendMail (C:\Users\srikanth naidu\Fundoo-Notes\src\controllers\/user.controller.js:43:22)
    at Layer.handle [as handle_request] (C:\Users\srikanth naidu\Fundoo-Notes\node_modules\express\lib\router\layer.js:95:5)
    at next (C:\Users\srikanth naidu\Fundoo-Notes\node_modules\express\lib\router\route.js:144:13)
    at Route.dispatch (C:\Users\srikanth naidu\Fundoo-Notes\node_modules\express\lib\router\route.js:114:3)
    at Layer.handle [as handle_request] (C:\Users\srikanth naidu\Fundoo-Notes\node_modules\express\lib\router\layer.js:95:5)
    at C:\Users\srikanth naidu\Fundoo-Notes\node_modules\express\lib\router\index.js:284:15
    at Function.process_params (C:\Users\srikanth naidu\Fundoo-Notes\node_modules\express\lib\router\index.js:346:12)
    at next (C:\Users\srikanth naidu\Fundoo-Notes\node_modules\express\lib\router\index.js:280:10)
    at Function.handle (C:\Users\srikanth naidu\Fundoo-Notes\node_modules\express\lib\router\index.js:175:3)
    at router (C:\Users\srikanth naidu\Fundoo-Notes\node_modules\express\lib\router\index.js:47:12)
    at Layer.handle [as handle_request] (C:\Users\srikanth naidu\Fundoo-Notes\node_modules\express\lib\router\layer.js:95:5)
    at trim_prefix (C:\Users\srikanth naidu\Fundoo-Notes\node_modules\express\lib\router\index.js:328:13)
    at C:\Users\srikanth naidu\Fundoo-Notes\node_modules\express\lib\router\index.js:286:9
    at Function.process_params (C:\Users\srikanth naidu\Fundoo-Notes\node_modules\express\lib\router\index.js:346:12)
    at next (C:\Users\srikanth naidu\Fundoo-Notes\node_modules\express\lib\router\index.js:280:10)
    at Function.handle (C:\Users\srikanth naidu\Fundoo-Notes\node_modules\express\lib\router\index.js:175:3)
    at router (C:\Users\srikanth naidu\Fundoo-Notes\node_modules\express\lib\router\index.js:47:12)
    at Layer.handle [as handle_request] (C:\Users\srikanth naidu\Fundoo-Notes\node_modules\express\lib\router\layer.js:95:5)
    at trim_prefix (C:\Users\srikanth naidu\Fundoo-Notes\node_modules\express\lib\router\index.js:328:13)
    at C:\Users\srikanth naidu\Fundoo-Notes\node_modules\express\lib\router\index.js:286:9
    at Function.process_params (C:\Users\srikanth naidu\Fundoo-Notes\node_modules\express\lib\router\index.js:346:12)
    at next (C:\Users\srikanth naidu\Fundoo-Notes\node_modules\express\lib\router\index.js:280:10)
    at logger (C:\Users\srikanth naidu\Fundoo-Notes\node_modules\morgan\index.js:144:5)
    at Layer.handle [as handle_request] (C:\Users\srikanth naidu\Fundoo-Notes\node_modules\express\lib\router\layer.js:95:5)
    at trim_prefix (C:\Users\srikanth naidu\Fundoo-Notes\node_modules\express\lib\router\index.js:328:13)
    at C:\Users\srikanth naidu\Fundoo-Notes\node_modules\express\lib\router\index.js:286:9
    at Function.process_params (C:\Users\srikanth naidu\Fundoo-Notes\node_modules\express\lib\router\index.js:346:12)
    at next (C:\Users\srikanth naidu\Fundoo-Notes\node_modules\express\lib\router\index.js:280:10)
    at C:\Users\srikanth naidu\Fundoo-Notes\node_modules\body-parser\lib\read.js:137:5
    at AsyncResource.runInAsyncScope (node:async_hooks:203:9)
    at invokeCallback (C:\Users\srikanth naidu\Fundoo-Notes\node_modules\raw-body\index.js:231:16)
    at done (C:\Users\srikanth naidu\Fundoo-Notes\node_modules\raw-body\index.js:220:7)
    at IncomingMessage.onEnd (C:\Users\srikanth naidu\Fundoo-Notes\node_modules\raw-body\index.js:280:7)
    at IncomingMessage.emit (node:events:525:35)
    at IncomingMessage.emit (node:domain:489:12)
    at endReadableNT (node:internal/streams/readable:1358:12)
    at processTicksAndRejections (node:internal/process/task_queues:83:21) 
    url - /api/v1/users/send_mail 
    method - POST 
    IP - ::1
   {"timestamp":"2023-02-10T09:29:51.508Z"}
info: Server started at http://localhost:3000/api/v1/ {"timestamp":"2023-02-10T09:30:42.770Z"}
info: Connected to the database. {"timestamp":"2023-02-10T09:30:42.806Z"}
error: 
    status - 500 
    message - ReferenceError: window is not defined
    at _callee3$ (C:\Users\srikanth naidu\Fundoo-Notes\src\controllers\/user.controller.js:45:9)
    at tryCatch (C:\Users\srikanth naidu\Fundoo-Notes\node_modules\@babel\runtime\helpers\regeneratorRuntime.js:44:17)
    at Generator.<anonymous> (C:\Users\srikanth naidu\Fundoo-Notes\node_modules\@babel\runtime\helpers\regeneratorRuntime.js:125:22)
    at Generator.next (C:\Users\srikanth naidu\Fundoo-Notes\node_modules\@babel\runtime\helpers\regeneratorRuntime.js:69:21)
    at asyncGeneratorStep (C:\Users\srikanth naidu\Fundoo-Notes\node_modules\@babel\runtime\helpers\asyncToGenerator.js:3:24)
    at _next (C:\Users\srikanth naidu\Fundoo-Notes\node_modules\@babel\runtime\helpers\asyncToGenerator.js:22:9)
    at C:\Users\srikanth naidu\Fundoo-Notes\node_modules\@babel\runtime\helpers\asyncToGenerator.js:27:7
    at new Promise (<anonymous>)
    at C:\Users\srikanth naidu\Fundoo-Notes\node_modules\@babel\runtime\helpers\asyncToGenerator.js:19:12
    at sendMail (C:\Users\srikanth naidu\Fundoo-Notes\src\controllers\/user.controller.js:43:22)
    at Layer.handle [as handle_request] (C:\Users\srikanth naidu\Fundoo-Notes\node_modules\express\lib\router\layer.js:95:5)
    at next (C:\Users\srikanth naidu\Fundoo-Notes\node_modules\express\lib\router\route.js:144:13)
    at Route.dispatch (C:\Users\srikanth naidu\Fundoo-Notes\node_modules\express\lib\router\route.js:114:3)
    at Layer.handle [as handle_request] (C:\Users\srikanth naidu\Fundoo-Notes\node_modules\express\lib\router\layer.js:95:5)
    at C:\Users\srikanth naidu\Fundoo-Notes\node_modules\express\lib\router\index.js:284:15
    at Function.process_params (C:\Users\srikanth naidu\Fundoo-Notes\node_modules\express\lib\router\index.js:346:12)
    at next (C:\Users\srikanth naidu\Fundoo-Notes\node_modules\express\lib\router\index.js:280:10)
    at Function.handle (C:\Users\srikanth naidu\Fundoo-Notes\node_modules\express\lib\router\index.js:175:3)
    at router (C:\Users\srikanth naidu\Fundoo-Notes\node_modules\express\lib\router\index.js:47:12)
    at Layer.handle [as handle_request] (C:\Users\srikanth naidu\Fundoo-Notes\node_modules\express\lib\router\layer.js:95:5)
    at trim_prefix (C:\Users\srikanth naidu\Fundoo-Notes\node_modules\express\lib\router\index.js:328:13)
    at C:\Users\srikanth naidu\Fundoo-Notes\node_modules\express\lib\router\index.js:286:9
    at Function.process_params (C:\Users\srikanth naidu\Fundoo-Notes\node_modules\express\lib\router\index.js:346:12)
    at next (C:\Users\srikanth naidu\Fundoo-Notes\node_modules\express\lib\router\index.js:280:10)
    at Function.handle (C:\Users\srikanth naidu\Fundoo-Notes\node_modules\express\lib\router\index.js:175:3)
    at router (C:\Users\srikanth naidu\Fundoo-Notes\node_modules\express\lib\router\index.js:47:12)
    at Layer.handle [as handle_request] (C:\Users\srikanth naidu\Fundoo-Notes\node_modules\express\lib\router\layer.js:95:5)
    at trim_prefix (C:\Users\srikanth naidu\Fundoo-Notes\node_modules\express\lib\router\index.js:328:13)
    at C:\Users\srikanth naidu\Fundoo-Notes\node_modules\express\lib\router\index.js:286:9
    at Function.process_params (C:\Users\srikanth naidu\Fundoo-Notes\node_modules\express\lib\router\index.js:346:12)
    at next (C:\Users\srikanth naidu\Fundoo-Notes\node_modules\express\lib\router\index.js:280:10)
    at logger (C:\Users\srikanth naidu\Fundoo-Notes\node_modules\morgan\index.js:144:5)
    at Layer.handle [as handle_request] (C:\Users\srikanth naidu\Fundoo-Notes\node_modules\express\lib\router\layer.js:95:5)
    at trim_prefix (C:\Users\srikanth naidu\Fundoo-Notes\node_modules\express\lib\router\index.js:328:13)
    at C:\Users\srikanth naidu\Fundoo-Notes\node_modules\express\lib\router\index.js:286:9
    at Function.process_params (C:\Users\srikanth naidu\Fundoo-Notes\node_modules\express\lib\router\index.js:346:12)
    at next (C:\Users\srikanth naidu\Fundoo-Notes\node_modules\express\lib\router\index.js:280:10)
    at C:\Users\srikanth naidu\Fundoo-Notes\node_modules\body-parser\lib\read.js:137:5
    at AsyncResource.runInAsyncScope (node:async_hooks:203:9)
    at invokeCallback (C:\Users\srikanth naidu\Fundoo-Notes\node_modules\raw-body\index.js:231:16)
    at done (C:\Users\srikanth naidu\Fundoo-Notes\node_modules\raw-body\index.js:220:7)
    at IncomingMessage.onEnd (C:\Users\srikanth naidu\Fundoo-Notes\node_modules\raw-body\index.js:280:7)
    at IncomingMessage.emit (node:events:525:35)
    at IncomingMessage.emit (node:domain:489:12)
    at endReadableNT (node:internal/streams/readable:1358:12)
    at processTicksAndRejections (node:internal/process/task_queues:83:21) 
    url - /api/v1/users/send_mail 
    method - POST 
    IP - ::1
   {"timestamp":"2023-02-10T09:30:48.065Z"}
info: Server started at http://localhost:3000/api/v1/ {"timestamp":"2023-02-10T09:32:06.338Z"}
info: Connected to the database. {"timestamp":"2023-02-10T09:32:06.375Z"}
error: 
    status - 500 
    message - ReferenceError: google is not defined
    at _callee3$ (C:\Users\srikanth naidu\Fundoo-Notes\src\controllers\/user.controller.js:45:9)
    at tryCatch (C:\Users\srikanth naidu\Fundoo-Notes\node_modules\@babel\runtime\helpers\regeneratorRuntime.js:44:17)
    at Generator.<anonymous> (C:\Users\srikanth naidu\Fundoo-Notes\node_modules\@babel\runtime\helpers\regeneratorRuntime.js:125:22)
    at Generator.next (C:\Users\srikanth naidu\Fundoo-Notes\node_modules\@babel\runtime\helpers\regeneratorRuntime.js:69:21)
    at asyncGeneratorStep (C:\Users\srikanth naidu\Fundoo-Notes\node_modules\@babel\runtime\helpers\asyncToGenerator.js:3:24)
    at _next (C:\Users\srikanth naidu\Fundoo-Notes\node_modules\@babel\runtime\helpers\asyncToGenerator.js:22:9)
    at C:\Users\srikanth naidu\Fundoo-Notes\node_modules\@babel\runtime\helpers\asyncToGenerator.js:27:7
    at new Promise (<anonymous>)
    at C:\Users\srikanth naidu\Fundoo-Notes\node_modules\@babel\runtime\helpers\asyncToGenerator.js:19:12
    at sendMail (C:\Users\srikanth naidu\Fundoo-Notes\src\controllers\/user.controller.js:43:22)
    at Layer.handle [as handle_request] (C:\Users\srikanth naidu\Fundoo-Notes\node_modules\express\lib\router\layer.js:95:5)
    at next (C:\Users\srikanth naidu\Fundoo-Notes\node_modules\express\lib\router\route.js:144:13)
    at Route.dispatch (C:\Users\srikanth naidu\Fundoo-Notes\node_modules\express\lib\router\route.js:114:3)
    at Layer.handle [as handle_request] (C:\Users\srikanth naidu\Fundoo-Notes\node_modules\express\lib\router\layer.js:95:5)
    at C:\Users\srikanth naidu\Fundoo-Notes\node_modules\express\lib\router\index.js:284:15
    at Function.process_params (C:\Users\srikanth naidu\Fundoo-Notes\node_modules\express\lib\router\index.js:346:12)
    at next (C:\Users\srikanth naidu\Fundoo-Notes\node_modules\express\lib\router\index.js:280:10)
    at Function.handle (C:\Users\srikanth naidu\Fundoo-Notes\node_modules\express\lib\router\index.js:175:3)
    at router (C:\Users\srikanth naidu\Fundoo-Notes\node_modules\express\lib\router\index.js:47:12)
    at Layer.handle [as handle_request] (C:\Users\srikanth naidu\Fundoo-Notes\node_modules\express\lib\router\layer.js:95:5)
    at trim_prefix (C:\Users\srikanth naidu\Fundoo-Notes\node_modules\express\lib\router\index.js:328:13)
    at C:\Users\srikanth naidu\Fundoo-Notes\node_modules\express\lib\router\index.js:286:9
    at Function.process_params (C:\Users\srikanth naidu\Fundoo-Notes\node_modules\express\lib\router\index.js:346:12)
    at next (C:\Users\srikanth naidu\Fundoo-Notes\node_modules\express\lib\router\index.js:280:10)
    at Function.handle (C:\Users\srikanth naidu\Fundoo-Notes\node_modules\express\lib\router\index.js:175:3)
    at router (C:\Users\srikanth naidu\Fundoo-Notes\node_modules\express\lib\router\index.js:47:12)
    at Layer.handle [as handle_request] (C:\Users\srikanth naidu\Fundoo-Notes\node_modules\express\lib\router\layer.js:95:5)
    at trim_prefix (C:\Users\srikanth naidu\Fundoo-Notes\node_modules\express\lib\router\index.js:328:13)
    at C:\Users\srikanth naidu\Fundoo-Notes\node_modules\express\lib\router\index.js:286:9
    at Function.process_params (C:\Users\srikanth naidu\Fundoo-Notes\node_modules\express\lib\router\index.js:346:12)
    at next (C:\Users\srikanth naidu\Fundoo-Notes\node_modules\express\lib\router\index.js:280:10)
    at logger (C:\Users\srikanth naidu\Fundoo-Notes\node_modules\morgan\index.js:144:5)
    at Layer.handle [as handle_request] (C:\Users\srikanth naidu\Fundoo-Notes\node_modules\express\lib\router\layer.js:95:5)
    at trim_prefix (C:\Users\srikanth naidu\Fundoo-Notes\node_modules\express\lib\router\index.js:328:13)
    at C:\Users\srikanth naidu\Fundoo-Notes\node_modules\express\lib\router\index.js:286:9
    at Function.process_params (C:\Users\srikanth naidu\Fundoo-Notes\node_modules\express\lib\router\index.js:346:12)
    at next (C:\Users\srikanth naidu\Fundoo-Notes\node_modules\express\lib\router\index.js:280:10)
    at C:\Users\srikanth naidu\Fundoo-Notes\node_modules\body-parser\lib\read.js:137:5
    at AsyncResource.runInAsyncScope (node:async_hooks:203:9)
    at invokeCallback (C:\Users\srikanth naidu\Fundoo-Notes\node_modules\raw-body\index.js:231:16)
    at done (C:\Users\srikanth naidu\Fundoo-Notes\node_modules\raw-body\index.js:220:7)
    at IncomingMessage.onEnd (C:\Users\srikanth naidu\Fundoo-Notes\node_modules\raw-body\index.js:280:7)
    at IncomingMessage.emit (node:events:525:35)
    at IncomingMessage.emit (node:domain:489:12)
    at endReadableNT (node:internal/streams/readable:1358:12)
    at processTicksAndRejections (node:internal/process/task_queues:83:21) 
    url - /api/v1/users/send_mail 
    method - POST 
    IP - ::1
   {"timestamp":"2023-02-10T09:32:11.348Z"}
info: Server started at http://localhost:3000/api/v1/ {"timestamp":"2023-02-10T13:09:59.964Z"}
info: Connected to the database. {"timestamp":"2023-02-10T13:10:00.022Z"}
