info: Server started at http://localhost:3000/api/v1/ {"timestamp":"2023-02-14T06:54:15.826Z"}
info: Server started at http://localhost:3000/api/v1/ {"timestamp":"2023-02-14T07:14:30.524Z"}
info: Server started at http://localhost:3000/api/v1/ {"timestamp":"2023-02-14T07:17:37.683Z"}
info: Server started at http://localhost:3000/api/v1/ {"timestamp":"2023-02-14T07:18:37.906Z"}
info: Server started at http://localhost:3000/api/v1/ {"timestamp":"2023-02-14T07:19:18.015Z"}
info: Server started at http://localhost:3000/api/v1/ {"timestamp":"2023-02-14T07:24:25.343Z"}
info: Server started at http://localhost:3000/api/v1/ {"timestamp":"2023-02-14T07:32:19.757Z"}
info: Server started at http://localhost:3000/api/v1/ {"timestamp":"2023-02-14T07:34:29.920Z"}
info: Server started at http://localhost:3000/api/v1/ {"timestamp":"2023-02-14T08:43:10.880Z"}
info: Server started at http://localhost:3000/api/v1/ {"timestamp":"2023-02-14T08:57:05.619Z"}
info: Server started at http://localhost:3000/api/v1/ {"timestamp":"2023-02-14T11:41:26.378Z"}
info: Server started at http://localhost:3000/api/v1/ {"timestamp":"2023-02-14T11:51:58.611Z"}
info: Server started at http://localhost:3000/api/v1/ {"timestamp":"2023-02-14T12:00:10.752Z"}
info: Server started at http://localhost:3000/api/v1/ {"timestamp":"2023-02-14T12:01:41.908Z"}
info: Server started at http://localhost:3000/api/v1/ {"timestamp":"2023-02-14T12:10:29.634Z"}
info: Server started at http://localhost:3000/api/v1/ {"timestamp":"2023-02-14T12:10:45.032Z"}
info: Server started at http://localhost:3000/api/v1/ {"timestamp":"2023-02-14T12:14:02.030Z"}
info: Server started at http://localhost:3000/api/v1/ {"timestamp":"2023-02-14T12:14:56.181Z"}
info: Connected to the database. {"timestamp":"2023-02-14T12:15:03.781Z"}
info: Server started at http://localhost:3000/api/v1/ {"timestamp":"2023-02-14T12:15:46.612Z"}
info: Connected to the database. {"timestamp":"2023-02-14T12:15:53.788Z"}
info: Server started at http://localhost:3000/api/v1/ {"timestamp":"2023-02-14T12:28:19.245Z"}
error: 
    status - 500 
    message - ValidationError: "firstname" is required 
    url - /api/v1/users/Register 
    method - POST 
    IP - ::ffff:127.0.0.1
   {"timestamp":"2023-02-14T12:28:19.287Z"}
error: 
    status - 500 
    message - ValidationError: "firstname" is required 
    url - /api/v1/users/register 
    method - POST 
    IP - ::ffff:127.0.0.1
   {"timestamp":"2023-02-14T12:28:19.426Z"}
error: 
    status - 500 
    message - ValidationError: "firstname" is required 
    url - /api/v1/users/register 
    method - POST 
    IP - ::ffff:127.0.0.1
   {"timestamp":"2023-02-14T12:28:19.452Z"}
error: 
    status - 500 
    message - ValidationError: "firstname" is required 
    url - /api/v1/users/register 
    method - POST 
    IP - ::ffff:127.0.0.1
   {"timestamp":"2023-02-14T12:28:19.480Z"}
info: Server started at http://localhost:3000/api/v1/ {"timestamp":"2023-02-14T12:29:37.904Z"}
error: 
    status - 500 
    message - ValidationError: "firstname" is required 
    url - /api/v1/users/Register 
    method - POST 
    IP - ::ffff:127.0.0.1
   {"timestamp":"2023-02-14T12:29:37.945Z"}
error: 
    status - 500 
    message - ValidationError: "firstname" is required 
    url - /api/v1/users/Register 
    method - POST 
    IP - ::ffff:127.0.0.1
   {"timestamp":"2023-02-14T12:29:38.036Z"}
error: 
    status - 500 
    message - ValidationError: "firstname" is required 
    url - /api/v1/users/Register 
    method - POST 
    IP - ::ffff:127.0.0.1
   {"timestamp":"2023-02-14T12:29:38.070Z"}
error: 
    status - 500 
    message - ValidationError: "firstname" is required 
    url - /api/v1/users/Register 
    method - POST 
    IP - ::ffff:127.0.0.1
   {"timestamp":"2023-02-14T12:29:38.094Z"}
info: Server started at http://localhost:3000/api/v1/ {"timestamp":"2023-02-14T12:31:36.030Z"}
info: Connected to the database. {"timestamp":"2023-02-14T12:31:43.652Z"}
error: 
    status - 500 
    message - ValidationError: "firstname" is required 
    url - /api/v1/users/Register 
    method - POST 
    IP - ::ffff:127.0.0.1
   {"timestamp":"2023-02-14T12:31:44.884Z"}
error: 
    status - 500 
    message - ValidationError: "firstname" is required 
    url - /api/v1/users/Register 
    method - POST 
    IP - ::ffff:127.0.0.1
   {"timestamp":"2023-02-14T12:31:44.951Z"}
error: 
    status - 500 
    message - ValidationError: "firstname" is required 
    url - /api/v1/users/Register 
    method - POST 
    IP - ::ffff:127.0.0.1
   {"timestamp":"2023-02-14T12:31:44.969Z"}
error: 
    status - 500 
    message - Error: Please enter email and password
    at _callee2$ (C:\Users\srikanth naidu\Fundoo-Notes\src\services\/user.service.js:40:11)
    at tryCatch (C:\Users\srikanth naidu\Fundoo-Notes\node_modules\@babel\runtime\helpers\regeneratorRuntime.js:44:17)
    at Generator.<anonymous> (C:\Users\srikanth naidu\Fundoo-Notes\node_modules\@babel\runtime\helpers\regeneratorRuntime.js:125:22)
    at Generator.next (C:\Users\srikanth naidu\Fundoo-Notes\node_modules\@babel\runtime\helpers\regeneratorRuntime.js:69:21)
    at asyncGeneratorStep (C:\Users\srikanth naidu\Fundoo-Notes\node_modules\@babel\runtime\helpers\asyncToGenerator.js:3:24)
    at _next (C:\Users\srikanth naidu\Fundoo-Notes\node_modules\@babel\runtime\helpers\asyncToGenerator.js:22:9)
    at processTicksAndRejections (node:internal/process/task_queues:96:5) 
    url - /api/v1/users/login 
    method - POST 
    IP - ::ffff:127.0.0.1
   {"timestamp":"2023-02-14T12:31:45.502Z"}
error: 
    status - 500 
    message - Error: Invalid Password please select forgot password http://localhost:3000/api/v1/users/forgotpwd or reset passwor click here http://localhost:3000/api/v1/users/resetpwd 
    at _callee2$ (C:\Users\srikanth naidu\Fundoo-Notes\src\services\/user.service.js:36:13)
    at tryCatch (C:\Users\srikanth naidu\Fundoo-Notes\node_modules\@babel\runtime\helpers\regeneratorRuntime.js:44:17)
    at Generator.<anonymous> (C:\Users\srikanth naidu\Fundoo-Notes\node_modules\@babel\runtime\helpers\regeneratorRuntime.js:125:22)
    at Generator.next (C:\Users\srikanth naidu\Fundoo-Notes\node_modules\@babel\runtime\helpers\regeneratorRuntime.js:69:21)
    at asyncGeneratorStep (C:\Users\srikanth naidu\Fundoo-Notes\node_modules\@babel\runtime\helpers\asyncToGenerator.js:3:24)
    at _next (C:\Users\srikanth naidu\Fundoo-Notes\node_modules\@babel\runtime\helpers\asyncToGenerator.js:22:9) 
    url - /api/v1/users/login 
    method - POST 
    IP - ::ffff:127.0.0.1
   {"timestamp":"2023-02-14T12:31:45.791Z"}
info: Server started at http://localhost:3000/api/v1/ {"timestamp":"2023-02-14T12:33:02.256Z"}
info: Connected to the database. {"timestamp":"2023-02-14T12:33:02.342Z"}
error: 
    status - 500 
    message - Error: Already Exist EmailId
    at _callee$ (C:\Users\srikanth naidu\Fundoo-Notes\src\services\/user.service.js:17:11)
    at tryCatch (C:\Users\srikanth naidu\Fundoo-Notes\node_modules\@babel\runtime\helpers\regeneratorRuntime.js:44:17)
    at Generator.<anonymous> (C:\Users\srikanth naidu\Fundoo-Notes\node_modules\@babel\runtime\helpers\regeneratorRuntime.js:125:22)
    at Generator.next (C:\Users\srikanth naidu\Fundoo-Notes\node_modules\@babel\runtime\helpers\regeneratorRuntime.js:69:21)
    at asyncGeneratorStep (C:\Users\srikanth naidu\Fundoo-Notes\node_modules\@babel\runtime\helpers\asyncToGenerator.js:3:24)
    at _next (C:\Users\srikanth naidu\Fundoo-Notes\node_modules\@babel\runtime\helpers\asyncToGenerator.js:22:9)
    at processTicksAndRejections (node:internal/process/task_queues:96:5) 
    url - /api/v1/users/Register 
    method - POST 
    IP - ::1
   {"timestamp":"2023-02-14T12:33:45.850Z"}
error: 
    status - 500 
    message - Error: Invalid Password please select forgot password http://localhost:3000/api/v1/users/forgotpwd or reset passwor click here http://localhost:3000/api/v1/users/resetpwd 
    at _callee2$ (C:\Users\srikanth naidu\Fundoo-Notes\src\services\/user.service.js:36:13)
    at tryCatch (C:\Users\srikanth naidu\Fundoo-Notes\node_modules\@babel\runtime\helpers\regeneratorRuntime.js:44:17)
    at Generator.<anonymous> (C:\Users\srikanth naidu\Fundoo-Notes\node_modules\@babel\runtime\helpers\regeneratorRuntime.js:125:22)
    at Generator.next (C:\Users\srikanth naidu\Fundoo-Notes\node_modules\@babel\runtime\helpers\regeneratorRuntime.js:69:21)
    at asyncGeneratorStep (C:\Users\srikanth naidu\Fundoo-Notes\node_modules\@babel\runtime\helpers\asyncToGenerator.js:3:24)
    at _next (C:\Users\srikanth naidu\Fundoo-Notes\node_modules\@babel\runtime\helpers\asyncToGenerator.js:22:9) 
    url - /api/v1/users/Login 
    method - POST 
    IP - ::1
   {"timestamp":"2023-02-14T12:34:02.682Z"}
info: Server started at http://localhost:3000/api/v1/ {"timestamp":"2023-02-14T12:34:30.556Z"}
info: Connected to the database. {"timestamp":"2023-02-14T12:34:30.589Z"}
info: Server started at http://localhost:3000/api/v1/ {"timestamp":"2023-02-14T12:34:59.695Z"}
info: Connected to the database. {"timestamp":"2023-02-14T12:35:07.124Z"}
error: 
    status - 500 
    message - ValidationError: "firstname" is required 
    url - /api/v1/users/Register 
    method - POST 
    IP - ::ffff:127.0.0.1
   {"timestamp":"2023-02-14T12:35:08.398Z"}
error: 
    status - 500 
    message - ValidationError: "firstname" is required 
    url - /api/v1/users/Register 
    method - POST 
    IP - ::ffff:127.0.0.1
   {"timestamp":"2023-02-14T12:35:08.420Z"}
error: 
    status - 500 
    message - ValidationError: "firstname" is required 
    url - /api/v1/users/Register 
    method - POST 
    IP - ::ffff:127.0.0.1
   {"timestamp":"2023-02-14T12:35:08.439Z"}
error: 
    status - 500 
    message - Error: Please enter email and password
    at _callee2$ (C:\Users\srikanth naidu\Fundoo-Notes\src\services\/user.service.js:40:11)
    at tryCatch (C:\Users\srikanth naidu\Fundoo-Notes\node_modules\@babel\runtime\helpers\regeneratorRuntime.js:44:17)
    at Generator.<anonymous> (C:\Users\srikanth naidu\Fundoo-Notes\node_modules\@babel\runtime\helpers\regeneratorRuntime.js:125:22)
    at Generator.next (C:\Users\srikanth naidu\Fundoo-Notes\node_modules\@babel\runtime\helpers\regeneratorRuntime.js:69:21)
    at asyncGeneratorStep (C:\Users\srikanth naidu\Fundoo-Notes\node_modules\@babel\runtime\helpers\asyncToGenerator.js:3:24)
    at _next (C:\Users\srikanth naidu\Fundoo-Notes\node_modules\@babel\runtime\helpers\asyncToGenerator.js:22:9)
    at processTicksAndRejections (node:internal/process/task_queues:96:5) 
    url - /api/v1/users/login 
    method - POST 
    IP - ::ffff:127.0.0.1
   {"timestamp":"2023-02-14T12:35:08.984Z"}
error: 
    status - 500 
    message - Error: Invalid Password please select forgot password http://localhost:3000/api/v1/users/forgotpwd or reset passwor click here http://localhost:3000/api/v1/users/resetpwd 
    at _callee2$ (C:\Users\srikanth naidu\Fundoo-Notes\src\services\/user.service.js:36:13)
    at tryCatch (C:\Users\srikanth naidu\Fundoo-Notes\node_modules\@babel\runtime\helpers\regeneratorRuntime.js:44:17)
    at Generator.<anonymous> (C:\Users\srikanth naidu\Fundoo-Notes\node_modules\@babel\runtime\helpers\regeneratorRuntime.js:125:22)
    at Generator.next (C:\Users\srikanth naidu\Fundoo-Notes\node_modules\@babel\runtime\helpers\regeneratorRuntime.js:69:21)
    at asyncGeneratorStep (C:\Users\srikanth naidu\Fundoo-Notes\node_modules\@babel\runtime\helpers\asyncToGenerator.js:3:24)
    at _next (C:\Users\srikanth naidu\Fundoo-Notes\node_modules\@babel\runtime\helpers\asyncToGenerator.js:22:9) 
    url - /api/v1/users/login 
    method - POST 
    IP - ::ffff:127.0.0.1
   {"timestamp":"2023-02-14T12:35:09.278Z"}
info: Server started at http://localhost:3000/api/v1/ {"timestamp":"2023-02-14T12:36:01.880Z"}
info: Connected to the database. {"timestamp":"2023-02-14T12:36:09.442Z"}
error: 
    status - 500 
    message - ValidationError: "firstname" is required 
    url - /api/v1/users/Register 
    method - POST 
    IP - ::ffff:127.0.0.1
   {"timestamp":"2023-02-14T12:36:10.697Z"}
error: 
    status - 500 
    message - ValidationError: "firstname" is required 
    url - /api/v1/users/Register 
    method - POST 
    IP - ::ffff:127.0.0.1
   {"timestamp":"2023-02-14T12:36:10.769Z"}
error: 
    status - 500 
    message - ValidationError: "firstname" is required 
    url - /api/v1/users/Register 
    method - POST 
    IP - ::ffff:127.0.0.1
   {"timestamp":"2023-02-14T12:36:10.783Z"}
error: 
    status - 500 
    message - Error: Please enter email and password
    at _callee2$ (C:\Users\srikanth naidu\Fundoo-Notes\src\services\/user.service.js:40:11)
    at tryCatch (C:\Users\srikanth naidu\Fundoo-Notes\node_modules\@babel\runtime\helpers\regeneratorRuntime.js:44:17)
    at Generator.<anonymous> (C:\Users\srikanth naidu\Fundoo-Notes\node_modules\@babel\runtime\helpers\regeneratorRuntime.js:125:22)
    at Generator.next (C:\Users\srikanth naidu\Fundoo-Notes\node_modules\@babel\runtime\helpers\regeneratorRuntime.js:69:21)
    at asyncGeneratorStep (C:\Users\srikanth naidu\Fundoo-Notes\node_modules\@babel\runtime\helpers\asyncToGenerator.js:3:24)
    at _next (C:\Users\srikanth naidu\Fundoo-Notes\node_modules\@babel\runtime\helpers\asyncToGenerator.js:22:9)
    at processTicksAndRejections (node:internal/process/task_queues:96:5) 
    url - /api/v1/users/login 
    method - POST 
    IP - ::ffff:127.0.0.1
   {"timestamp":"2023-02-14T12:36:11.312Z"}
error: 
    status - 500 
    message - Error: Invalid Password please select forgot password http://localhost:3000/api/v1/users/forgotpwd or reset passwor click here http://localhost:3000/api/v1/users/resetpwd 
    at _callee2$ (C:\Users\srikanth naidu\Fundoo-Notes\src\services\/user.service.js:36:13)
    at tryCatch (C:\Users\srikanth naidu\Fundoo-Notes\node_modules\@babel\runtime\helpers\regeneratorRuntime.js:44:17)
    at Generator.<anonymous> (C:\Users\srikanth naidu\Fundoo-Notes\node_modules\@babel\runtime\helpers\regeneratorRuntime.js:125:22)
    at Generator.next (C:\Users\srikanth naidu\Fundoo-Notes\node_modules\@babel\runtime\helpers\regeneratorRuntime.js:69:21)
    at asyncGeneratorStep (C:\Users\srikanth naidu\Fundoo-Notes\node_modules\@babel\runtime\helpers\asyncToGenerator.js:3:24)
    at _next (C:\Users\srikanth naidu\Fundoo-Notes\node_modules\@babel\runtime\helpers\asyncToGenerator.js:22:9) 
    url - /api/v1/users/login 
    method - POST 
    IP - ::ffff:127.0.0.1
   {"timestamp":"2023-02-14T12:36:11.609Z"}
info: Server started at http://localhost:3000/api/v1/ {"timestamp":"2023-02-14T12:36:53.894Z"}
info: Connected to the database. {"timestamp":"2023-02-14T12:37:01.254Z"}
error: 
    status - 500 
    message - ValidationError: "firstname" is required 
    url - /api/v1/users/Register 
    method - POST 
    IP - ::ffff:127.0.0.1
   {"timestamp":"2023-02-14T12:37:02.530Z"}
error: 
    status - 500 
    message - ValidationError: "firstname" is required 
    url - /api/v1/users/Register 
    method - POST 
    IP - ::ffff:127.0.0.1
   {"timestamp":"2023-02-14T12:37:02.545Z"}
error: 
    status - 500 
    message - ValidationError: "firstname" is required 
    url - /api/v1/users/Register 
    method - POST 
    IP - ::ffff:127.0.0.1
   {"timestamp":"2023-02-14T12:37:02.617Z"}
error: 
    status - 500 
    message - Error: Please enter email and password
    at _callee2$ (C:\Users\srikanth naidu\Fundoo-Notes\src\services\/user.service.js:40:11)
    at tryCatch (C:\Users\srikanth naidu\Fundoo-Notes\node_modules\@babel\runtime\helpers\regeneratorRuntime.js:44:17)
    at Generator.<anonymous> (C:\Users\srikanth naidu\Fundoo-Notes\node_modules\@babel\runtime\helpers\regeneratorRuntime.js:125:22)
    at Generator.next (C:\Users\srikanth naidu\Fundoo-Notes\node_modules\@babel\runtime\helpers\regeneratorRuntime.js:69:21)
    at asyncGeneratorStep (C:\Users\srikanth naidu\Fundoo-Notes\node_modules\@babel\runtime\helpers\asyncToGenerator.js:3:24)
    at _next (C:\Users\srikanth naidu\Fundoo-Notes\node_modules\@babel\runtime\helpers\asyncToGenerator.js:22:9)
    at processTicksAndRejections (node:internal/process/task_queues:96:5) 
    url - /api/v1/users/login 
    method - POST 
    IP - ::ffff:127.0.0.1
   {"timestamp":"2023-02-14T12:37:03.156Z"}
error: 
    status - 500 
    message - Error: Invalid Password please select forgot password http://localhost:3000/api/v1/users/forgotpwd or reset passwor click here http://localhost:3000/api/v1/users/resetpwd 
    at _callee2$ (C:\Users\srikanth naidu\Fundoo-Notes\src\services\/user.service.js:36:13)
    at tryCatch (C:\Users\srikanth naidu\Fundoo-Notes\node_modules\@babel\runtime\helpers\regeneratorRuntime.js:44:17)
    at Generator.<anonymous> (C:\Users\srikanth naidu\Fundoo-Notes\node_modules\@babel\runtime\helpers\regeneratorRuntime.js:125:22)
    at Generator.next (C:\Users\srikanth naidu\Fundoo-Notes\node_modules\@babel\runtime\helpers\regeneratorRuntime.js:69:21)
    at asyncGeneratorStep (C:\Users\srikanth naidu\Fundoo-Notes\node_modules\@babel\runtime\helpers\asyncToGenerator.js:3:24)
    at _next (C:\Users\srikanth naidu\Fundoo-Notes\node_modules\@babel\runtime\helpers\asyncToGenerator.js:22:9) 
    url - /api/v1/users/login 
    method - POST 
    IP - ::ffff:127.0.0.1
   {"timestamp":"2023-02-14T12:37:03.444Z"}
info: Server started at http://localhost:3000/api/v1/ {"timestamp":"2023-02-14T12:37:46.765Z"}
info: Connected to the database. {"timestamp":"2023-02-14T12:37:54.340Z"}
error: 
    status - 500 
    message - ValidationError: "firstname" is required 
    url - /api/v1/users/Register 
    method - POST 
    IP - ::ffff:127.0.0.1
   {"timestamp":"2023-02-14T12:37:55.604Z"}
error: 
    status - 500 
    message - ValidationError: "firstname" is required 
    url - /api/v1/users/Register 
    method - POST 
    IP - ::ffff:127.0.0.1
   {"timestamp":"2023-02-14T12:37:55.617Z"}
error: 
    status - 500 
    message - ValidationError: "firstname" is required 
    url - /api/v1/users/Register 
    method - POST 
    IP - ::ffff:127.0.0.1
   {"timestamp":"2023-02-14T12:37:55.628Z"}
error: 
    status - 500 
    message - Error: Please enter email and password
    at _callee2$ (C:\Users\srikanth naidu\Fundoo-Notes\src\services\/user.service.js:40:11)
    at tryCatch (C:\Users\srikanth naidu\Fundoo-Notes\node_modules\@babel\runtime\helpers\regeneratorRuntime.js:44:17)
    at Generator.<anonymous> (C:\Users\srikanth naidu\Fundoo-Notes\node_modules\@babel\runtime\helpers\regeneratorRuntime.js:125:22)
    at Generator.next (C:\Users\srikanth naidu\Fundoo-Notes\node_modules\@babel\runtime\helpers\regeneratorRuntime.js:69:21)
    at asyncGeneratorStep (C:\Users\srikanth naidu\Fundoo-Notes\node_modules\@babel\runtime\helpers\asyncToGenerator.js:3:24)
    at _next (C:\Users\srikanth naidu\Fundoo-Notes\node_modules\@babel\runtime\helpers\asyncToGenerator.js:22:9)
    at processTicksAndRejections (node:internal/process/task_queues:96:5) 
    url - /api/v1/users/login 
    method - POST 
    IP - ::ffff:127.0.0.1
   {"timestamp":"2023-02-14T12:37:56.159Z"}
error: 
    status - 500 
    message - Error: Invalid Password please select forgot password http://localhost:3000/api/v1/users/forgotpwd or reset passwor click here http://localhost:3000/api/v1/users/resetpwd 
    at _callee2$ (C:\Users\srikanth naidu\Fundoo-Notes\src\services\/user.service.js:36:13)
    at tryCatch (C:\Users\srikanth naidu\Fundoo-Notes\node_modules\@babel\runtime\helpers\regeneratorRuntime.js:44:17)
    at Generator.<anonymous> (C:\Users\srikanth naidu\Fundoo-Notes\node_modules\@babel\runtime\helpers\regeneratorRuntime.js:125:22)
    at Generator.next (C:\Users\srikanth naidu\Fundoo-Notes\node_modules\@babel\runtime\helpers\regeneratorRuntime.js:69:21)
    at asyncGeneratorStep (C:\Users\srikanth naidu\Fundoo-Notes\node_modules\@babel\runtime\helpers\asyncToGenerator.js:3:24)
    at _next (C:\Users\srikanth naidu\Fundoo-Notes\node_modules\@babel\runtime\helpers\asyncToGenerator.js:22:9) 
    url - /api/v1/users/login 
    method - POST 
    IP - ::ffff:127.0.0.1
   {"timestamp":"2023-02-14T12:37:56.469Z"}
info: Server started at http://localhost:3000/api/v1/ {"timestamp":"2023-02-14T12:39:45.638Z"}
info: Connected to the database. {"timestamp":"2023-02-14T12:39:53.023Z"}
error: 
    status - 500 
    message - ValidationError: "firstname" is required 
    url - /api/v1/users/Register 
    method - POST 
    IP - ::ffff:127.0.0.1
   {"timestamp":"2023-02-14T12:39:54.219Z"}
error: 
    status - 500 
    message - ValidationError: "firstname" is required 
    url - /api/v1/users/Register 
    method - POST 
    IP - ::ffff:127.0.0.1
   {"timestamp":"2023-02-14T12:39:54.231Z"}
error: 
    status - 500 
    message - ValidationError: "firstname" is required 
    url - /api/v1/users/Register 
    method - POST 
    IP - ::ffff:127.0.0.1
   {"timestamp":"2023-02-14T12:39:54.239Z"}
error: 
    status - 500 
    message - Error: Please enter email and password
    at _callee2$ (C:\Users\srikanth naidu\Fundoo-Notes\src\services\/user.service.js:40:11)
    at tryCatch (C:\Users\srikanth naidu\Fundoo-Notes\node_modules\@babel\runtime\helpers\regeneratorRuntime.js:44:17)
    at Generator.<anonymous> (C:\Users\srikanth naidu\Fundoo-Notes\node_modules\@babel\runtime\helpers\regeneratorRuntime.js:125:22)
    at Generator.next (C:\Users\srikanth naidu\Fundoo-Notes\node_modules\@babel\runtime\helpers\regeneratorRuntime.js:69:21)
    at asyncGeneratorStep (C:\Users\srikanth naidu\Fundoo-Notes\node_modules\@babel\runtime\helpers\asyncToGenerator.js:3:24)
    at _next (C:\Users\srikanth naidu\Fundoo-Notes\node_modules\@babel\runtime\helpers\asyncToGenerator.js:22:9)
    at processTicksAndRejections (node:internal/process/task_queues:96:5) 
    url - /api/v1/users/login 
    method - POST 
    IP - ::ffff:127.0.0.1
   {"timestamp":"2023-02-14T12:39:54.775Z"}
error: 
    status - 500 
    message - Error: Invalid Password please select forgot password http://localhost:3000/api/v1/users/forgotpwd or reset passwor click here http://localhost:3000/api/v1/users/resetpwd 
    at _callee2$ (C:\Users\srikanth naidu\Fundoo-Notes\src\services\/user.service.js:36:13)
    at tryCatch (C:\Users\srikanth naidu\Fundoo-Notes\node_modules\@babel\runtime\helpers\regeneratorRuntime.js:44:17)
    at Generator.<anonymous> (C:\Users\srikanth naidu\Fundoo-Notes\node_modules\@babel\runtime\helpers\regeneratorRuntime.js:125:22)
    at Generator.next (C:\Users\srikanth naidu\Fundoo-Notes\node_modules\@babel\runtime\helpers\regeneratorRuntime.js:69:21)
    at asyncGeneratorStep (C:\Users\srikanth naidu\Fundoo-Notes\node_modules\@babel\runtime\helpers\asyncToGenerator.js:3:24)
    at _next (C:\Users\srikanth naidu\Fundoo-Notes\node_modules\@babel\runtime\helpers\asyncToGenerator.js:22:9) 
    url - /api/v1/users/login 
    method - POST 
    IP - ::ffff:127.0.0.1
   {"timestamp":"2023-02-14T12:39:55.097Z"}
info: Server started at http://localhost:3000/api/v1/ {"timestamp":"2023-02-14T12:48:00.924Z"}
info: Connected to the database. {"timestamp":"2023-02-14T12:48:08.626Z"}
error: 
    status - 500 
    message - ValidationError: "firstname" is required 
    url - /api/v1/users/Register 
    method - POST 
    IP - ::ffff:127.0.0.1
   {"timestamp":"2023-02-14T12:48:09.811Z"}
error: 
    status - 500 
    message - ValidationError: "firstname" is required 
    url - /api/v1/users/Register 
    method - POST 
    IP - ::ffff:127.0.0.1
   {"timestamp":"2023-02-14T12:48:09.824Z"}
error: 
    status - 500 
    message - ValidationError: "firstname" is required 
    url - /api/v1/users/Register 
    method - POST 
    IP - ::ffff:127.0.0.1
   {"timestamp":"2023-02-14T12:48:09.840Z"}
error: 
    status - 500 
    message - ValidationError: "firstname" is required 
    url - /api/v1/users/Register 
    method - POST 
    IP - ::ffff:127.0.0.1
   {"timestamp":"2023-02-14T12:48:09.849Z"}
error: 
    status - 500 
    message - Error: Please enter email and password
    at _callee2$ (C:\Users\srikanth naidu\Fundoo-Notes\src\services\/user.service.js:40:11)
    at tryCatch (C:\Users\srikanth naidu\Fundoo-Notes\node_modules\@babel\runtime\helpers\regeneratorRuntime.js:44:17)
    at Generator.<anonymous> (C:\Users\srikanth naidu\Fundoo-Notes\node_modules\@babel\runtime\helpers\regeneratorRuntime.js:125:22)
    at Generator.next (C:\Users\srikanth naidu\Fundoo-Notes\node_modules\@babel\runtime\helpers\regeneratorRuntime.js:69:21)
    at asyncGeneratorStep (C:\Users\srikanth naidu\Fundoo-Notes\node_modules\@babel\runtime\helpers\asyncToGenerator.js:3:24)
    at _next (C:\Users\srikanth naidu\Fundoo-Notes\node_modules\@babel\runtime\helpers\asyncToGenerator.js:22:9)
    at processTicksAndRejections (node:internal/process/task_queues:96:5) 
    url - /api/v1/users/login 
    method - POST 
    IP - ::ffff:127.0.0.1
   {"timestamp":"2023-02-14T12:48:10.355Z"}
error: 
    status - 500 
    message - Error: Invalid Password please select forgot password http://localhost:3000/api/v1/users/forgotpwd or reset passwor click here http://localhost:3000/api/v1/users/resetpwd 
    at _callee2$ (C:\Users\srikanth naidu\Fundoo-Notes\src\services\/user.service.js:36:13)
    at tryCatch (C:\Users\srikanth naidu\Fundoo-Notes\node_modules\@babel\runtime\helpers\regeneratorRuntime.js:44:17)
    at Generator.<anonymous> (C:\Users\srikanth naidu\Fundoo-Notes\node_modules\@babel\runtime\helpers\regeneratorRuntime.js:125:22)
    at Generator.next (C:\Users\srikanth naidu\Fundoo-Notes\node_modules\@babel\runtime\helpers\regeneratorRuntime.js:69:21)
    at asyncGeneratorStep (C:\Users\srikanth naidu\Fundoo-Notes\node_modules\@babel\runtime\helpers\asyncToGenerator.js:3:24)
    at _next (C:\Users\srikanth naidu\Fundoo-Notes\node_modules\@babel\runtime\helpers\asyncToGenerator.js:22:9) 
    url - /api/v1/users/login 
    method - POST 
    IP - ::ffff:127.0.0.1
   {"timestamp":"2023-02-14T12:48:10.665Z"}
