info: Server started at http://localhost:3000/api/v1/ {"timestamp":"2023-02-07T03:13:05.831Z"}
info: Connected to the database. {"timestamp":"2023-02-07T03:13:13.270Z"}
info: Server started at http://localhost:3000/api/v1/ {"timestamp":"2023-02-07T03:14:35.626Z"}
info: Connected to the database. {"timestamp":"2023-02-07T03:14:42.945Z"}
error: 
    status - 500 
    message - Error: Already Exist EmailId
    at _callee$ (C:\Users\srikanth naidu\Fundoo-Notes\src\services\/user.service.js:7:11)
    at tryCatch (C:\Users\srikanth naidu\Fundoo-Notes\node_modules\@babel\runtime\helpers\regeneratorRuntime.js:44:17)
    at Generator.<anonymous> (C:\Users\srikanth naidu\Fundoo-Notes\node_modules\@babel\runtime\helpers\regeneratorRuntime.js:125:22)
    at Generator.next (C:\Users\srikanth naidu\Fundoo-Notes\node_modules\@babel\runtime\helpers\regeneratorRuntime.js:69:21)
    at asyncGeneratorStep (C:\Users\srikanth naidu\Fundoo-Notes\node_modules\@babel\runtime\helpers\asyncToGenerator.js:3:24)
    at _next (C:\Users\srikanth naidu\Fundoo-Notes\node_modules\@babel\runtime\helpers\asyncToGenerator.js:22:9)
    at processTicksAndRejections (node:internal/process/task_queues:96:5) 
    url - /api/v1/users/Register 
    method - POST 
    IP - ::1
   {"timestamp":"2023-02-07T03:16:59.403Z"}
info: Server started at http://localhost:3000/api/v1/ {"timestamp":"2023-02-07T03:28:47.625Z"}
info: Connected to the database. {"timestamp":"2023-02-07T03:28:55.030Z"}
error: 
    status - 500 
    message - Error: Already Exist EmailId
    at _callee$ (C:\Users\srikanth naidu\Fundoo-Notes\src\services\/user.service.js:7:11)
    at tryCatch (C:\Users\srikanth naidu\Fundoo-Notes\node_modules\@babel\runtime\helpers\regeneratorRuntime.js:44:17)
    at Generator.<anonymous> (C:\Users\srikanth naidu\Fundoo-Notes\node_modules\@babel\runtime\helpers\regeneratorRuntime.js:125:22)
    at Generator.next (C:\Users\srikanth naidu\Fundoo-Notes\node_modules\@babel\runtime\helpers\regeneratorRuntime.js:69:21)
    at asyncGeneratorStep (C:\Users\srikanth naidu\Fundoo-Notes\node_modules\@babel\runtime\helpers\asyncToGenerator.js:3:24)
    at _next (C:\Users\srikanth naidu\Fundoo-Notes\node_modules\@babel\runtime\helpers\asyncToGenerator.js:22:9)
    at processTicksAndRejections (node:internal/process/task_queues:96:5) 
    url - /api/v1/users/Register 
    method - POST 
    IP - ::1
   {"timestamp":"2023-02-07T03:34:59.537Z"}
