info: Server started at http://localhost:4000/api/v1/ {"timestamp":"2023-02-06T05:59:00.404Z"}
info: Connected to the database. {"timestamp":"2023-02-06T05:59:09.152Z"}
error: 
    status - 500 
    message - ValidationError: "FirstName" is required 
    url - /api/v1/users/ 
    method - POST 
    IP - ::1
   {"timestamp":"2023-02-06T06:01:39.025Z"}
error: 
    status - 500 
    message - ValidationError: "FirstName" is required 
    url - /api/v1/users/ 
    method - POST 
    IP - ::1
   {"timestamp":"2023-02-06T06:02:33.684Z"}
info: Server started at http://localhost:4000/api/v1/ {"timestamp":"2023-02-06T07:18:04.149Z"}
info: Connected to the database. {"timestamp":"2023-02-06T07:18:12.443Z"}
info: Server started at http://localhost:4000/api/v1/ {"timestamp":"2023-02-06T07:19:32.425Z"}
info: Connected to the database. {"timestamp":"2023-02-06T07:19:39.868Z"}
info: Server started at http://localhost:4000/api/v1/ {"timestamp":"2023-02-06T11:13:42.523Z"}
info: Connected to the database. {"timestamp":"2023-02-06T11:13:50.247Z"}
error: 
      status - 400
      message - Authorization token is required 
      url - /api/v1/users/62245d1d6de1962078d2799b/ 
      method - GET 
      IP - ::1
     {"timestamp":"2023-02-06T11:15:47.070Z"}
error: 
      status - 400
      message - Authorization token is required 
      url - /api/v1/users/62245d1d6de1962078d2799b 
      method - GET 
      IP - ::1
     {"timestamp":"2023-02-06T11:16:03.621Z"}
error: 
    status - 500 
    message - CastError: Cast to ObjectId failed for value "{ _id: '3e0e19cd6637d1dec3f5df4' }" (type Object) at path "_id" for model "User"
    at model.Query.exec (C:\Users\srikanth naidu\Fundoo-Notes\node_modules\mongoose\lib\query.js:4498:21)
    at model.Query.Query.then (C:\Users\srikanth naidu\Fundoo-Notes\node_modules\mongoose\lib\query.js:4592:15)
    at processTicksAndRejections (node:internal/process/task_queues:96:5) 
    url - /api/v1/users/3e0e19cd6637d1dec3f5df4/ 
    method - PUT 
    IP - ::1
   {"timestamp":"2023-02-06T11:17:04.138Z"}
info: Server started at http://localhost:4000/api/v1/ {"timestamp":"2023-02-06T11:27:36.266Z"}
info: Connected to the database. {"timestamp":"2023-02-06T11:27:43.669Z"}
info: Server started at http://localhost:3000/api/v1/ {"timestamp":"2023-02-06T11:36:35.796Z"}
info: Connected to the database. {"timestamp":"2023-02-06T11:36:43.378Z"}
info: Server started at http://localhost:3000/api/v1/ {"timestamp":"2023-02-06T13:15:13.666Z"}
info: Connected to the database. {"timestamp":"2023-02-06T13:15:21.486Z"}
info: Server started at http://localhost:3000/api/v1/ {"timestamp":"2023-02-06T13:26:11.375Z"}
info: Connected to the database. {"timestamp":"2023-02-06T13:26:14.235Z"}
error: 
    status - 500 
    message - Error: Already Exist EmailId
    at _callee$ (C:\Users\srikanth naidu\Fundoo-Notes\src\services\/user.service.js:7:11)
    at tryCatch (C:\Users\srikanth naidu\Fundoo-Notes\node_modules\@babel\runtime\helpers\regeneratorRuntime.js:44:17)
    at Generator.<anonymous> (C:\Users\srikanth naidu\Fundoo-Notes\node_modules\@babel\runtime\helpers\regeneratorRuntime.js:125:22)
    at Generator.next (C:\Users\srikanth naidu\Fundoo-Notes\node_modules\@babel\runtime\helpers\regeneratorRuntime.js:69:21)
    at asyncGeneratorStep (C:\Users\srikanth naidu\Fundoo-Notes\node_modules\@babel\runtime\helpers\asyncToGenerator.js:3:24)
    at _next (C:\Users\srikanth naidu\Fundoo-Notes\node_modules\@babel\runtime\helpers\asyncToGenerator.js:22:9)
    at processTicksAndRejections (node:internal/process/task_queues:96:5) 
    url - /api/v1/users/Register 
    method - POST 
    IP - ::1
   {"timestamp":"2023-02-06T13:35:28.735Z"}
error: 
    status - 500 
    message - Error: Already Exist EmailId
    at _callee$ (C:\Users\srikanth naidu\Fundoo-Notes\src\services\/user.service.js:7:11)
    at tryCatch (C:\Users\srikanth naidu\Fundoo-Notes\node_modules\@babel\runtime\helpers\regeneratorRuntime.js:44:17)
    at Generator.<anonymous> (C:\Users\srikanth naidu\Fundoo-Notes\node_modules\@babel\runtime\helpers\regeneratorRuntime.js:125:22)
    at Generator.next (C:\Users\srikanth naidu\Fundoo-Notes\node_modules\@babel\runtime\helpers\regeneratorRuntime.js:69:21)
    at asyncGeneratorStep (C:\Users\srikanth naidu\Fundoo-Notes\node_modules\@babel\runtime\helpers\asyncToGenerator.js:3:24)
    at _next (C:\Users\srikanth naidu\Fundoo-Notes\node_modules\@babel\runtime\helpers\asyncToGenerator.js:22:9)
    at processTicksAndRejections (node:internal/process/task_queues:96:5) 
    url - /api/v1/users/Register 
    method - POST 
    IP - ::1
   {"timestamp":"2023-02-06T13:37:15.450Z"}
error: 
    status - 500 
    message - Error: Already Exist EmailId
    at _callee$ (C:\Users\srikanth naidu\Fundoo-Notes\src\services\/user.service.js:7:11)
    at tryCatch (C:\Users\srikanth naidu\Fundoo-Notes\node_modules\@babel\runtime\helpers\regeneratorRuntime.js:44:17)
    at Generator.<anonymous> (C:\Users\srikanth naidu\Fundoo-Notes\node_modules\@babel\runtime\helpers\regeneratorRuntime.js:125:22)
    at Generator.next (C:\Users\srikanth naidu\Fundoo-Notes\node_modules\@babel\runtime\helpers\regeneratorRuntime.js:69:21)
    at asyncGeneratorStep (C:\Users\srikanth naidu\Fundoo-Notes\node_modules\@babel\runtime\helpers\asyncToGenerator.js:3:24)
    at _next (C:\Users\srikanth naidu\Fundoo-Notes\node_modules\@babel\runtime\helpers\asyncToGenerator.js:22:9)
    at processTicksAndRejections (node:internal/process/task_queues:96:5) 
    url - /api/v1/users/Register 
    method - POST 
    IP - ::1
   {"timestamp":"2023-02-06T13:37:43.954Z"}
error: 
    status - 500 
    message - TypeError: UserService.login is not a function
    at _callee2$ (C:\Users\srikanth naidu\Fundoo-Notes\src\controllers\/user.controller.js:32:36)
    at tryCatch (C:\Users\srikanth naidu\Fundoo-Notes\node_modules\@babel\runtime\helpers\regeneratorRuntime.js:44:17)
    at Generator.<anonymous> (C:\Users\srikanth naidu\Fundoo-Notes\node_modules\@babel\runtime\helpers\regeneratorRuntime.js:125:22)
    at Generator.next (C:\Users\srikanth naidu\Fundoo-Notes\node_modules\@babel\runtime\helpers\regeneratorRuntime.js:69:21)
    at asyncGeneratorStep (C:\Users\srikanth naidu\Fundoo-Notes\node_modules\@babel\runtime\helpers\asyncToGenerator.js:3:24)
    at _next (C:\Users\srikanth naidu\Fundoo-Notes\node_modules\@babel\runtime\helpers\asyncToGenerator.js:22:9)
    at C:\Users\srikanth naidu\Fundoo-Notes\node_modules\@babel\runtime\helpers\asyncToGenerator.js:27:7
    at new Promise (<anonymous>)
    at C:\Users\srikanth naidu\Fundoo-Notes\node_modules\@babel\runtime\helpers\asyncToGenerator.js:19:12
    at login (C:\Users\srikanth naidu\Fundoo-Notes\src\controllers\/user.controller.js:30:20)
    at Layer.handle [as handle_request] (C:\Users\srikanth naidu\Fundoo-Notes\node_modules\express\lib\router\layer.js:95:5)
    at next (C:\Users\srikanth naidu\Fundoo-Notes\node_modules\express\lib\router\route.js:144:13)
    at Route.dispatch (C:\Users\srikanth naidu\Fundoo-Notes\node_modules\express\lib\router\route.js:114:3)
    at Layer.handle [as handle_request] (C:\Users\srikanth naidu\Fundoo-Notes\node_modules\express\lib\router\layer.js:95:5)
    at C:\Users\srikanth naidu\Fundoo-Notes\node_modules\express\lib\router\index.js:284:15
    at Function.process_params (C:\Users\srikanth naidu\Fundoo-Notes\node_modules\express\lib\router\index.js:346:12) 
    url - /api/v1/users/Login 
    method - POST 
    IP - ::1
   {"timestamp":"2023-02-06T13:39:26.931Z"}
error: 
    status - 500 
    message - ValidationError: "EmailId" is not allowed to be empty 
    url - /api/v1/users/Register 
    method - POST 
    IP - ::1
   {"timestamp":"2023-02-06T13:39:52.385Z"}
error: 
    status - 500 
    message - ValidationError: "EmailId" length must be at least 3 characters long 
    url - /api/v1/users/Register 
    method - POST 
    IP - ::1
   {"timestamp":"2023-02-06T13:40:03.094Z"}
error: 
    status - 500 
    message - Error: Already Exist EmailId
    at _callee$ (C:\Users\srikanth naidu\Fundoo-Notes\src\services\/user.service.js:7:11)
    at tryCatch (C:\Users\srikanth naidu\Fundoo-Notes\node_modules\@babel\runtime\helpers\regeneratorRuntime.js:44:17)
    at Generator.<anonymous> (C:\Users\srikanth naidu\Fundoo-Notes\node_modules\@babel\runtime\helpers\regeneratorRuntime.js:125:22)
    at Generator.next (C:\Users\srikanth naidu\Fundoo-Notes\node_modules\@babel\runtime\helpers\regeneratorRuntime.js:69:21)
    at asyncGeneratorStep (C:\Users\srikanth naidu\Fundoo-Notes\node_modules\@babel\runtime\helpers\asyncToGenerator.js:3:24)
    at _next (C:\Users\srikanth naidu\Fundoo-Notes\node_modules\@babel\runtime\helpers\asyncToGenerator.js:22:9)
    at processTicksAndRejections (node:internal/process/task_queues:96:5) 
    url - /api/v1/users/Register 
    method - POST 
    IP - ::1
   {"timestamp":"2023-02-06T13:40:11.896Z"}
error: 
    status - 500 
    message - Error: Already Exist EmailId
    at _callee$ (C:\Users\srikanth naidu\Fundoo-Notes\src\services\/user.service.js:7:11)
    at tryCatch (C:\Users\srikanth naidu\Fundoo-Notes\node_modules\@babel\runtime\helpers\regeneratorRuntime.js:44:17)
    at Generator.<anonymous> (C:\Users\srikanth naidu\Fundoo-Notes\node_modules\@babel\runtime\helpers\regeneratorRuntime.js:125:22)
    at Generator.next (C:\Users\srikanth naidu\Fundoo-Notes\node_modules\@babel\runtime\helpers\regeneratorRuntime.js:69:21)
    at asyncGeneratorStep (C:\Users\srikanth naidu\Fundoo-Notes\node_modules\@babel\runtime\helpers\asyncToGenerator.js:3:24)
    at _next (C:\Users\srikanth naidu\Fundoo-Notes\node_modules\@babel\runtime\helpers\asyncToGenerator.js:22:9)
    at processTicksAndRejections (node:internal/process/task_queues:96:5) 
    url - /api/v1/users/Register 
    method - POST 
    IP - ::1
   {"timestamp":"2023-02-06T13:42:58.869Z"}
error: 
    status - 500 
    message - Error: Already Exist EmailId
    at _callee$ (C:\Users\srikanth naidu\Fundoo-Notes\src\services\/user.service.js:7:11)
    at tryCatch (C:\Users\srikanth naidu\Fundoo-Notes\node_modules\@babel\runtime\helpers\regeneratorRuntime.js:44:17)
    at Generator.<anonymous> (C:\Users\srikanth naidu\Fundoo-Notes\node_modules\@babel\runtime\helpers\regeneratorRuntime.js:125:22)
    at Generator.next (C:\Users\srikanth naidu\Fundoo-Notes\node_modules\@babel\runtime\helpers\regeneratorRuntime.js:69:21)
    at asyncGeneratorStep (C:\Users\srikanth naidu\Fundoo-Notes\node_modules\@babel\runtime\helpers\asyncToGenerator.js:3:24)
    at _next (C:\Users\srikanth naidu\Fundoo-Notes\node_modules\@babel\runtime\helpers\asyncToGenerator.js:22:9)
    at processTicksAndRejections (node:internal/process/task_queues:96:5) 
    url - /api/v1/users/Register 
    method - POST 
    IP - ::1
   {"timestamp":"2023-02-06T13:44:07.394Z"}
error: 
    status - 500 
    message - Error: Already Exist EmailId
    at _callee$ (C:\Users\srikanth naidu\Fundoo-Notes\src\services\/user.service.js:7:11)
    at tryCatch (C:\Users\srikanth naidu\Fundoo-Notes\node_modules\@babel\runtime\helpers\regeneratorRuntime.js:44:17)
    at Generator.<anonymous> (C:\Users\srikanth naidu\Fundoo-Notes\node_modules\@babel\runtime\helpers\regeneratorRuntime.js:125:22)
    at Generator.next (C:\Users\srikanth naidu\Fundoo-Notes\node_modules\@babel\runtime\helpers\regeneratorRuntime.js:69:21)
    at asyncGeneratorStep (C:\Users\srikanth naidu\Fundoo-Notes\node_modules\@babel\runtime\helpers\asyncToGenerator.js:3:24)
    at _next (C:\Users\srikanth naidu\Fundoo-Notes\node_modules\@babel\runtime\helpers\asyncToGenerator.js:22:9)
    at processTicksAndRejections (node:internal/process/task_queues:96:5) 
    url - /api/v1/users/Register/ 
    method - POST 
    IP - ::1
   {"timestamp":"2023-02-06T13:44:24.507Z"}
error: 
    status - 500 
    message - TypeError: UserService.login is not a function
    at _callee2$ (C:\Users\srikanth naidu\Fundoo-Notes\src\controllers\/user.controller.js:32:36)
    at tryCatch (C:\Users\srikanth naidu\Fundoo-Notes\node_modules\@babel\runtime\helpers\regeneratorRuntime.js:44:17)
    at Generator.<anonymous> (C:\Users\srikanth naidu\Fundoo-Notes\node_modules\@babel\runtime\helpers\regeneratorRuntime.js:125:22)
    at Generator.next (C:\Users\srikanth naidu\Fundoo-Notes\node_modules\@babel\runtime\helpers\regeneratorRuntime.js:69:21)
    at asyncGeneratorStep (C:\Users\srikanth naidu\Fundoo-Notes\node_modules\@babel\runtime\helpers\asyncToGenerator.js:3:24)
    at _next (C:\Users\srikanth naidu\Fundoo-Notes\node_modules\@babel\runtime\helpers\asyncToGenerator.js:22:9)
    at C:\Users\srikanth naidu\Fundoo-Notes\node_modules\@babel\runtime\helpers\asyncToGenerator.js:27:7
    at new Promise (<anonymous>)
    at C:\Users\srikanth naidu\Fundoo-Notes\node_modules\@babel\runtime\helpers\asyncToGenerator.js:19:12
    at login (C:\Users\srikanth naidu\Fundoo-Notes\src\controllers\/user.controller.js:30:20)
    at Layer.handle [as handle_request] (C:\Users\srikanth naidu\Fundoo-Notes\node_modules\express\lib\router\layer.js:95:5)
    at next (C:\Users\srikanth naidu\Fundoo-Notes\node_modules\express\lib\router\route.js:144:13)
    at Route.dispatch (C:\Users\srikanth naidu\Fundoo-Notes\node_modules\express\lib\router\route.js:114:3)
    at Layer.handle [as handle_request] (C:\Users\srikanth naidu\Fundoo-Notes\node_modules\express\lib\router\layer.js:95:5)
    at C:\Users\srikanth naidu\Fundoo-Notes\node_modules\express\lib\router\index.js:284:15
    at Function.process_params (C:\Users\srikanth naidu\Fundoo-Notes\node_modules\express\lib\router\index.js:346:12) 
    url - /api/v1/users/login/ 
    method - POST 
    IP - ::1
   {"timestamp":"2023-02-06T13:45:23.627Z"}
error: 
    status - 500 
    message - TypeError: UserService.login is not a function
    at _callee2$ (C:\Users\srikanth naidu\Fundoo-Notes\src\controllers\/user.controller.js:32:36)
    at tryCatch (C:\Users\srikanth naidu\Fundoo-Notes\node_modules\@babel\runtime\helpers\regeneratorRuntime.js:44:17)
    at Generator.<anonymous> (C:\Users\srikanth naidu\Fundoo-Notes\node_modules\@babel\runtime\helpers\regeneratorRuntime.js:125:22)
    at Generator.next (C:\Users\srikanth naidu\Fundoo-Notes\node_modules\@babel\runtime\helpers\regeneratorRuntime.js:69:21)
    at asyncGeneratorStep (C:\Users\srikanth naidu\Fundoo-Notes\node_modules\@babel\runtime\helpers\asyncToGenerator.js:3:24)
    at _next (C:\Users\srikanth naidu\Fundoo-Notes\node_modules\@babel\runtime\helpers\asyncToGenerator.js:22:9)
    at C:\Users\srikanth naidu\Fundoo-Notes\node_modules\@babel\runtime\helpers\asyncToGenerator.js:27:7
    at new Promise (<anonymous>)
    at C:\Users\srikanth naidu\Fundoo-Notes\node_modules\@babel\runtime\helpers\asyncToGenerator.js:19:12
    at login (C:\Users\srikanth naidu\Fundoo-Notes\src\controllers\/user.controller.js:30:20)
    at Layer.handle [as handle_request] (C:\Users\srikanth naidu\Fundoo-Notes\node_modules\express\lib\router\layer.js:95:5)
    at next (C:\Users\srikanth naidu\Fundoo-Notes\node_modules\express\lib\router\route.js:144:13)
    at Route.dispatch (C:\Users\srikanth naidu\Fundoo-Notes\node_modules\express\lib\router\route.js:114:3)
    at Layer.handle [as handle_request] (C:\Users\srikanth naidu\Fundoo-Notes\node_modules\express\lib\router\layer.js:95:5)
    at C:\Users\srikanth naidu\Fundoo-Notes\node_modules\express\lib\router\index.js:284:15
    at Function.process_params (C:\Users\srikanth naidu\Fundoo-Notes\node_modules\express\lib\router\index.js:346:12) 
    url - /api/v1/users/login 
    method - POST 
    IP - ::1
   {"timestamp":"2023-02-06T13:48:23.012Z"}
error: 
    status - 500 
    message - Error: Already Exist EmailId
    at _callee$ (C:\Users\srikanth naidu\Fundoo-Notes\src\services\/user.service.js:7:11)
    at tryCatch (C:\Users\srikanth naidu\Fundoo-Notes\node_modules\@babel\runtime\helpers\regeneratorRuntime.js:44:17)
    at Generator.<anonymous> (C:\Users\srikanth naidu\Fundoo-Notes\node_modules\@babel\runtime\helpers\regeneratorRuntime.js:125:22)
    at Generator.next (C:\Users\srikanth naidu\Fundoo-Notes\node_modules\@babel\runtime\helpers\regeneratorRuntime.js:69:21)
    at asyncGeneratorStep (C:\Users\srikanth naidu\Fundoo-Notes\node_modules\@babel\runtime\helpers\asyncToGenerator.js:3:24)
    at _next (C:\Users\srikanth naidu\Fundoo-Notes\node_modules\@babel\runtime\helpers\asyncToGenerator.js:22:9)
    at runMicrotasks (<anonymous>)
    at processTicksAndRejections (node:internal/process/task_queues:96:5) 
    url - /api/v1/users/Register 
    method - POST 
    IP - ::1
   {"timestamp":"2023-02-06T14:05:24.334Z"}
error: 
    status - 500 
    message - Error: Already Exist EmailId
    at _callee$ (C:\Users\srikanth naidu\Fundoo-Notes\src\services\/user.service.js:7:11)
    at tryCatch (C:\Users\srikanth naidu\Fundoo-Notes\node_modules\@babel\runtime\helpers\regeneratorRuntime.js:44:17)
    at Generator.<anonymous> (C:\Users\srikanth naidu\Fundoo-Notes\node_modules\@babel\runtime\helpers\regeneratorRuntime.js:125:22)
    at Generator.next (C:\Users\srikanth naidu\Fundoo-Notes\node_modules\@babel\runtime\helpers\regeneratorRuntime.js:69:21)
    at asyncGeneratorStep (C:\Users\srikanth naidu\Fundoo-Notes\node_modules\@babel\runtime\helpers\asyncToGenerator.js:3:24)
    at _next (C:\Users\srikanth naidu\Fundoo-Notes\node_modules\@babel\runtime\helpers\asyncToGenerator.js:22:9)
    at runMicrotasks (<anonymous>)
    at processTicksAndRejections (node:internal/process/task_queues:96:5) 
    url - /api/v1/users/Register 
    method - POST 
    IP - ::1
   {"timestamp":"2023-02-06T14:05:39.703Z"}
error: 
    status - 500 
    message - Error: Already Exist EmailId
    at _callee$ (C:\Users\srikanth naidu\Fundoo-Notes\src\services\/user.service.js:7:11)
    at tryCatch (C:\Users\srikanth naidu\Fundoo-Notes\node_modules\@babel\runtime\helpers\regeneratorRuntime.js:44:17)
    at Generator.<anonymous> (C:\Users\srikanth naidu\Fundoo-Notes\node_modules\@babel\runtime\helpers\regeneratorRuntime.js:125:22)
    at Generator.next (C:\Users\srikanth naidu\Fundoo-Notes\node_modules\@babel\runtime\helpers\regeneratorRuntime.js:69:21)
    at asyncGeneratorStep (C:\Users\srikanth naidu\Fundoo-Notes\node_modules\@babel\runtime\helpers\asyncToGenerator.js:3:24)
    at _next (C:\Users\srikanth naidu\Fundoo-Notes\node_modules\@babel\runtime\helpers\asyncToGenerator.js:22:9)
    at runMicrotasks (<anonymous>)
    at processTicksAndRejections (node:internal/process/task_queues:96:5) 
    url - /api/v1/users/Register 
    method - POST 
    IP - ::1
   {"timestamp":"2023-02-06T14:08:29.481Z"}
info: Server started at http://localhost:3000/api/v1/ {"timestamp":"2023-02-06T15:31:03.554Z"}
info: Connected to the database. {"timestamp":"2023-02-06T15:31:12.181Z"}
info: Server started at http://localhost:3000/api/v1/ {"timestamp":"2023-02-06T15:32:40.167Z"}
info: Connected to the database. {"timestamp":"2023-02-06T15:32:47.495Z"}
info: Server started at http://localhost:3000/api/v1/ {"timestamp":"2023-02-06T15:34:08.993Z"}
info: Connected to the database. {"timestamp":"2023-02-06T15:34:16.890Z"}
error: 
    status - 500 
    message - ValidationError: "firstname" is required 
    url - /api/v1/users/Register 
    method - POST 
    IP - ::1
   {"timestamp":"2023-02-06T15:36:14.198Z"}
error: 
    status - 500 
    message - ValidationError: "email" must be a valid email 
    url - /api/v1/users/Register 
    method - POST 
    IP - ::1
   {"timestamp":"2023-02-06T15:38:33.239Z"}
error: 
    status - 500 
    message - ValidationError: "email" must be a valid email 
    url - /api/v1/users/Register 
    method - POST 
    IP - ::1
   {"timestamp":"2023-02-06T15:39:13.638Z"}
error: 
    status - 500 
    message - Error: Already Exist EmailId
    at _callee$ (C:\Users\srikanth naidu\Fundoo-Notes\src\services\/user.service.js:7:11)
    at tryCatch (C:\Users\srikanth naidu\Fundoo-Notes\node_modules\@babel\runtime\helpers\regeneratorRuntime.js:44:17)
    at Generator.<anonymous> (C:\Users\srikanth naidu\Fundoo-Notes\node_modules\@babel\runtime\helpers\regeneratorRuntime.js:125:22)
    at Generator.next (C:\Users\srikanth naidu\Fundoo-Notes\node_modules\@babel\runtime\helpers\regeneratorRuntime.js:69:21)
    at asyncGeneratorStep (C:\Users\srikanth naidu\Fundoo-Notes\node_modules\@babel\runtime\helpers\asyncToGenerator.js:3:24)
    at _next (C:\Users\srikanth naidu\Fundoo-Notes\node_modules\@babel\runtime\helpers\asyncToGenerator.js:22:9)
    at processTicksAndRejections (node:internal/process/task_queues:96:5) 
    url - /api/v1/users/Register 
    method - POST 
    IP - ::1
   {"timestamp":"2023-02-06T15:41:24.285Z"}
