error: uncaughtException: listen EADDRINUSE: address already in use :::3000
Error: listen EADDRINUSE: address already in use :::3000
    at Server.setupListenHandle [as _listen2] (node:net:1432:16)
    at listenInCluster (node:net:1480:12)
    at Server.listen (node:net:1568:7)
    at Function.listen (C:\Users\srikanth naidu\Fundoo-Notes\node_modules\express\lib\application.js:635:24)
    at Object.<anonymous> (C:\Users\srikanth naidu\Fundoo-Notes\src\/index.js:37:5)
    at Module._compile (node:internal/modules/cjs/loader:1126:14)
    at Module._compile (C:\Users\srikanth naidu\Fundoo-Notes\node_modules\pirates\lib\index.js:136:24)
    at Module._extensions..js (node:internal/modules/cjs/loader:1180:10)
    at Object.newLoader [as .js] (C:\Users\srikanth naidu\Fundoo-Notes\node_modules\pirates\lib\index.js:141:7)
    at Module.load (node:internal/modules/cjs/loader:1004:32)
    at Function.Module._load (node:internal/modules/cjs/loader:839:12)
    at Function.runMain (node:internal/modules/run_main:81:12)
    at Object.<anonymous> (C:\Users\srikanth naidu\Fundoo-Notes\node_modules\@babel\node\src\_babel-node.ts:223:12)
    at Module._compile (node:internal/modules/cjs/loader:1126:14)
    at Object.Module._extensions..js (node:internal/modules/cjs/loader:1180:10)
    at Module.load (node:internal/modules/cjs/loader:1004:32)
    at Function.Module._load (node:internal/modules/cjs/loader:839:12)
    at Function.executeUserEntryPoint [as runMain] (node:internal/modules/run_main:81:12)
    at node:internal/main/run_main_module:17:47 {"date":"Mon Feb 06 2023 11:13:12 GMT+0530 (India Standard Time)","error":{"address":"::","code":"EADDRINUSE","errno":-4091,"port":3000,"syscall":"listen"},"exception":true,"os":{"loadavg":[0,0,0],"uptime":586952},"process":{"argv":["node","C:\\Users\\srikanth naidu\\Fundoo-Notes\\src\\index.js"],"cwd":"C:\\Users\\srikanth naidu\\Fundoo-Notes","execPath":"C:\\Program Files\\nodejs\\node.exe","gid":null,"memoryUsage":{"arrayBuffers":19154884,"external":23368703,"heapTotal":82722816,"heapUsed":57002920,"rss":117641216},"pid":24344,"uid":null,"version":"v16.17.1"},"stack":"Error: listen EADDRINUSE: address already in use :::3000\n    at Server.setupListenHandle [as _listen2] (node:net:1432:16)\n    at listenInCluster (node:net:1480:12)\n    at Server.listen (node:net:1568:7)\n    at Function.listen (C:\\Users\\srikanth naidu\\Fundoo-Notes\\node_modules\\express\\lib\\application.js:635:24)\n    at Object.<anonymous> (C:\\Users\\srikanth naidu\\Fundoo-Notes\\src\\/index.js:37:5)\n    at Module._compile (node:internal/modules/cjs/loader:1126:14)\n    at Module._compile (C:\\Users\\srikanth naidu\\Fundoo-Notes\\node_modules\\pirates\\lib\\index.js:136:24)\n    at Module._extensions..js (node:internal/modules/cjs/loader:1180:10)\n    at Object.newLoader [as .js] (C:\\Users\\srikanth naidu\\Fundoo-Notes\\node_modules\\pirates\\lib\\index.js:141:7)\n    at Module.load (node:internal/modules/cjs/loader:1004:32)\n    at Function.Module._load (node:internal/modules/cjs/loader:839:12)\n    at Function.runMain (node:internal/modules/run_main:81:12)\n    at Object.<anonymous> (C:\\Users\\srikanth naidu\\Fundoo-Notes\\node_modules\\@babel\\node\\src\\_babel-node.ts:223:12)\n    at Module._compile (node:internal/modules/cjs/loader:1126:14)\n    at Object.Module._extensions..js (node:internal/modules/cjs/loader:1180:10)\n    at Module.load (node:internal/modules/cjs/loader:1004:32)\n    at Function.Module._load (node:internal/modules/cjs/loader:839:12)\n    at Function.executeUserEntryPoint [as runMain] (node:internal/modules/run_main:81:12)\n    at node:internal/main/run_main_module:17:47","trace":[{"column":16,"file":"node:net","function":"Server.setupListenHandle [as _listen2]","line":1432,"method":"setupListenHandle [as _listen2]","native":false},{"column":12,"file":"node:net","function":"listenInCluster","line":1480,"method":null,"native":false},{"column":7,"file":"node:net","function":"Server.listen","line":1568,"method":"listen","native":false},{"column":24,"file":"C:\\Users\\srikanth naidu\\Fundoo-Notes\\node_modules\\express\\lib\\application.js","function":"Function.listen","line":635,"method":"listen","native":false},{"column":5,"file":"C:\\Users\\srikanth naidu\\Fundoo-Notes\\src\\/index.js","function":null,"line":37,"method":null,"native":false},{"column":14,"file":"node:internal/modules/cjs/loader","function":"Module._compile","line":1126,"method":"_compile","native":false},{"column":24,"file":"C:\\Users\\srikanth naidu\\Fundoo-Notes\\node_modules\\pirates\\lib\\index.js","function":"Module._compile","line":136,"method":"_compile","native":false},{"column":10,"file":"node:internal/modules/cjs/loader","function":"Module._extensions..js","line":1180,"method":".js","native":false},{"column":7,"file":"C:\\Users\\srikanth naidu\\Fundoo-Notes\\node_modules\\pirates\\lib\\index.js","function":"Object.newLoader [as .js]","line":141,"method":"js]","native":false},{"column":32,"file":"node:internal/modules/cjs/loader","function":"Module.load","line":1004,"method":"load","native":false},{"column":12,"file":"node:internal/modules/cjs/loader","function":"Module._load","line":839,"method":"_load","native":false},{"column":12,"file":"node:internal/modules/run_main","function":"Function.runMain","line":81,"method":"runMain","native":false},{"column":12,"file":"C:\\Users\\srikanth naidu\\Fundoo-Notes\\node_modules\\@babel\\node\\src\\_babel-node.ts","function":null,"line":223,"method":null,"native":false},{"column":14,"file":"node:internal/modules/cjs/loader","function":"Module._compile","line":1126,"method":"_compile","native":false},{"column":10,"file":"node:internal/modules/cjs/loader","function":"Module._extensions..js","line":1180,"method":".js","native":false},{"column":32,"file":"node:internal/modules/cjs/loader","function":"Module.load","line":1004,"method":"load","native":false},{"column":12,"file":"node:internal/modules/cjs/loader","function":"Module._load","line":839,"method":"_load","native":false},{"column":12,"file":"node:internal/modules/run_main","function":"Function.executeUserEntryPoint [as runMain]","line":81,"method":"executeUserEntryPoint [as runMain]","native":false},{"column":47,"file":"node:internal/main/run_main_module","function":null,"line":17,"method":null,"native":false}]}
error: uncaughtException: listen EADDRINUSE: address already in use :::3000
Error: listen EADDRINUSE: address already in use :::3000
    at Server.setupListenHandle [as _listen2] (node:net:1432:16)
    at listenInCluster (node:net:1480:12)
    at Server.listen (node:net:1568:7)
    at Function.listen (C:\Users\srikanth naidu\Fundoo-Notes\node_modules\express\lib\application.js:635:24)
    at Object.<anonymous> (C:\Users\srikanth naidu\Fundoo-Notes\src\/index.js:37:5)
    at Module._compile (node:internal/modules/cjs/loader:1126:14)
    at Module._compile (C:\Users\srikanth naidu\Fundoo-Notes\node_modules\pirates\lib\index.js:136:24)
    at Module._extensions..js (node:internal/modules/cjs/loader:1180:10)
    at Object.newLoader [as .js] (C:\Users\srikanth naidu\Fundoo-Notes\node_modules\pirates\lib\index.js:141:7)
    at Module.load (node:internal/modules/cjs/loader:1004:32)
    at Function.Module._load (node:internal/modules/cjs/loader:839:12)
    at Function.runMain (node:internal/modules/run_main:81:12)
    at Object.<anonymous> (C:\Users\srikanth naidu\Fundoo-Notes\node_modules\@babel\node\src\_babel-node.ts:223:12)
    at Module._compile (node:internal/modules/cjs/loader:1126:14)
    at Object.Module._extensions..js (node:internal/modules/cjs/loader:1180:10)
    at Module.load (node:internal/modules/cjs/loader:1004:32) {"date":"Mon Feb 06 2023 11:13:28 GMT+0530 (India Standard Time)","error":{"address":"::","code":"EADDRINUSE","errno":-4091,"port":3000,"syscall":"listen"},"exception":true,"os":{"loadavg":[0,0,0],"uptime":586967},"process":{"argv":["node","C:\\Users\\srikanth naidu\\Fundoo-Notes\\src\\index.js"],"cwd":"C:\\Users\\srikanth naidu\\Fundoo-Notes","execPath":"C:\\Program Files\\nodejs\\node.exe","gid":null,"memoryUsage":{"arrayBuffers":18929756,"external":21942692,"heapTotal":81162240,"heapUsed":48684120,"rss":112693248},"pid":16268,"uid":null,"version":"v16.17.1"},"stack":"Error: listen EADDRINUSE: address already in use :::3000\n    at Server.setupListenHandle [as _listen2] (node:net:1432:16)\n    at listenInCluster (node:net:1480:12)\n    at Server.listen (node:net:1568:7)\n    at Function.listen (C:\\Users\\srikanth naidu\\Fundoo-Notes\\node_modules\\express\\lib\\application.js:635:24)\n    at Object.<anonymous> (C:\\Users\\srikanth naidu\\Fundoo-Notes\\src\\/index.js:37:5)\n    at Module._compile (node:internal/modules/cjs/loader:1126:14)\n    at Module._compile (C:\\Users\\srikanth naidu\\Fundoo-Notes\\node_modules\\pirates\\lib\\index.js:136:24)\n    at Module._extensions..js (node:internal/modules/cjs/loader:1180:10)\n    at Object.newLoader [as .js] (C:\\Users\\srikanth naidu\\Fundoo-Notes\\node_modules\\pirates\\lib\\index.js:141:7)\n    at Module.load (node:internal/modules/cjs/loader:1004:32)\n    at Function.Module._load (node:internal/modules/cjs/loader:839:12)\n    at Function.runMain (node:internal/modules/run_main:81:12)\n    at Object.<anonymous> (C:\\Users\\srikanth naidu\\Fundoo-Notes\\node_modules\\@babel\\node\\src\\_babel-node.ts:223:12)\n    at Module._compile (node:internal/modules/cjs/loader:1126:14)\n    at Object.Module._extensions..js (node:internal/modules/cjs/loader:1180:10)\n    at Module.load (node:internal/modules/cjs/loader:1004:32)","trace":[{"column":16,"file":"node:net","function":"Server.setupListenHandle [as _listen2]","line":1432,"method":"setupListenHandle [as _listen2]","native":false},{"column":12,"file":"node:net","function":"listenInCluster","line":1480,"method":null,"native":false},{"column":7,"file":"node:net","function":"Server.listen","line":1568,"method":"listen","native":false},{"column":24,"file":"C:\\Users\\srikanth naidu\\Fundoo-Notes\\node_modules\\express\\lib\\application.js","function":"Function.listen","line":635,"method":"listen","native":false},{"column":5,"file":"C:\\Users\\srikanth naidu\\Fundoo-Notes\\src\\/index.js","function":null,"line":37,"method":null,"native":false},{"column":14,"file":"node:internal/modules/cjs/loader","function":"Module._compile","line":1126,"method":"_compile","native":false},{"column":24,"file":"C:\\Users\\srikanth naidu\\Fundoo-Notes\\node_modules\\pirates\\lib\\index.js","function":"Module._compile","line":136,"method":"_compile","native":false},{"column":10,"file":"node:internal/modules/cjs/loader","function":"Module._extensions..js","line":1180,"method":".js","native":false},{"column":7,"file":"C:\\Users\\srikanth naidu\\Fundoo-Notes\\node_modules\\pirates\\lib\\index.js","function":"Object.newLoader [as .js]","line":141,"method":"js]","native":false},{"column":32,"file":"node:internal/modules/cjs/loader","function":"Module.load","line":1004,"method":"load","native":false},{"column":12,"file":"node:internal/modules/cjs/loader","function":"Module._load","line":839,"method":"_load","native":false},{"column":12,"file":"node:internal/modules/run_main","function":"Function.runMain","line":81,"method":"runMain","native":false},{"column":12,"file":"C:\\Users\\srikanth naidu\\Fundoo-Notes\\node_modules\\@babel\\node\\src\\_babel-node.ts","function":null,"line":223,"method":null,"native":false},{"column":14,"file":"node:internal/modules/cjs/loader","function":"Module._compile","line":1126,"method":"_compile","native":false},{"column":10,"file":"node:internal/modules/cjs/loader","function":"Module._extensions..js","line":1180,"method":".js","native":false},{"column":32,"file":"node:internal/modules/cjs/loader","function":"Module.load","line":1004,"method":"load","native":false}]}
error: uncaughtException: listen EADDRINUSE: address already in use :::3000
Error: listen EADDRINUSE: address already in use :::3000
    at Server.setupListenHandle [as _listen2] (node:net:1432:16)
    at listenInCluster (node:net:1480:12)
    at Server.listen (node:net:1568:7)
    at Function.listen (C:\Users\srikanth naidu\Fundoo-Notes\node_modules\express\lib\application.js:635:24)
    at Object.<anonymous> (C:\Users\srikanth naidu\Fundoo-Notes\src\/index.js:37:5)
    at Module._compile (node:internal/modules/cjs/loader:1126:14)
    at Module._compile (C:\Users\srikanth naidu\Fundoo-Notes\node_modules\pirates\lib\index.js:136:24)
    at Module._extensions..js (node:internal/modules/cjs/loader:1180:10)
    at Object.newLoader [as .js] (C:\Users\srikanth naidu\Fundoo-Notes\node_modules\pirates\lib\index.js:141:7)
    at Module.load (node:internal/modules/cjs/loader:1004:32)
    at Function.Module._load (node:internal/modules/cjs/loader:839:12)
    at Function.runMain (node:internal/modules/run_main:81:12)
    at Object.<anonymous> (C:\Users\srikanth naidu\Fundoo-Notes\node_modules\@babel\node\src\_babel-node.ts:223:12)
    at Module._compile (node:internal/modules/cjs/loader:1126:14)
    at Object.Module._extensions..js (node:internal/modules/cjs/loader:1180:10)
    at Module.load (node:internal/modules/cjs/loader:1004:32) {"date":"Mon Feb 06 2023 11:14:15 GMT+0530 (India Standard Time)","error":{"address":"::","code":"EADDRINUSE","errno":-4091,"port":3000,"syscall":"listen"},"exception":true,"os":{"loadavg":[0,0,0],"uptime":587015},"process":{"argv":["node","C:\\Users\\srikanth naidu\\Fundoo-Notes\\src\\index.js"],"cwd":"C:\\Users\\srikanth naidu\\Fundoo-Notes","execPath":"C:\\Program Files\\nodejs\\node.exe","gid":null,"memoryUsage":{"arrayBuffers":19138156,"external":30666602,"heapTotal":78540800,"heapUsed":51423920,"rss":110485504},"pid":11312,"uid":null,"version":"v16.17.1"},"stack":"Error: listen EADDRINUSE: address already in use :::3000\n    at Server.setupListenHandle [as _listen2] (node:net:1432:16)\n    at listenInCluster (node:net:1480:12)\n    at Server.listen (node:net:1568:7)\n    at Function.listen (C:\\Users\\srikanth naidu\\Fundoo-Notes\\node_modules\\express\\lib\\application.js:635:24)\n    at Object.<anonymous> (C:\\Users\\srikanth naidu\\Fundoo-Notes\\src\\/index.js:37:5)\n    at Module._compile (node:internal/modules/cjs/loader:1126:14)\n    at Module._compile (C:\\Users\\srikanth naidu\\Fundoo-Notes\\node_modules\\pirates\\lib\\index.js:136:24)\n    at Module._extensions..js (node:internal/modules/cjs/loader:1180:10)\n    at Object.newLoader [as .js] (C:\\Users\\srikanth naidu\\Fundoo-Notes\\node_modules\\pirates\\lib\\index.js:141:7)\n    at Module.load (node:internal/modules/cjs/loader:1004:32)\n    at Function.Module._load (node:internal/modules/cjs/loader:839:12)\n    at Function.runMain (node:internal/modules/run_main:81:12)\n    at Object.<anonymous> (C:\\Users\\srikanth naidu\\Fundoo-Notes\\node_modules\\@babel\\node\\src\\_babel-node.ts:223:12)\n    at Module._compile (node:internal/modules/cjs/loader:1126:14)\n    at Object.Module._extensions..js (node:internal/modules/cjs/loader:1180:10)\n    at Module.load (node:internal/modules/cjs/loader:1004:32)","trace":[{"column":16,"file":"node:net","function":"Server.setupListenHandle [as _listen2]","line":1432,"method":"setupListenHandle [as _listen2]","native":false},{"column":12,"file":"node:net","function":"listenInCluster","line":1480,"method":null,"native":false},{"column":7,"file":"node:net","function":"Server.listen","line":1568,"method":"listen","native":false},{"column":24,"file":"C:\\Users\\srikanth naidu\\Fundoo-Notes\\node_modules\\express\\lib\\application.js","function":"Function.listen","line":635,"method":"listen","native":false},{"column":5,"file":"C:\\Users\\srikanth naidu\\Fundoo-Notes\\src\\/index.js","function":null,"line":37,"method":null,"native":false},{"column":14,"file":"node:internal/modules/cjs/loader","function":"Module._compile","line":1126,"method":"_compile","native":false},{"column":24,"file":"C:\\Users\\srikanth naidu\\Fundoo-Notes\\node_modules\\pirates\\lib\\index.js","function":"Module._compile","line":136,"method":"_compile","native":false},{"column":10,"file":"node:internal/modules/cjs/loader","function":"Module._extensions..js","line":1180,"method":".js","native":false},{"column":7,"file":"C:\\Users\\srikanth naidu\\Fundoo-Notes\\node_modules\\pirates\\lib\\index.js","function":"Object.newLoader [as .js]","line":141,"method":"js]","native":false},{"column":32,"file":"node:internal/modules/cjs/loader","function":"Module.load","line":1004,"method":"load","native":false},{"column":12,"file":"node:internal/modules/cjs/loader","function":"Module._load","line":839,"method":"_load","native":false},{"column":12,"file":"node:internal/modules/run_main","function":"Function.runMain","line":81,"method":"runMain","native":false},{"column":12,"file":"C:\\Users\\srikanth naidu\\Fundoo-Notes\\node_modules\\@babel\\node\\src\\_babel-node.ts","function":null,"line":223,"method":null,"native":false},{"column":14,"file":"node:internal/modules/cjs/loader","function":"Module._compile","line":1126,"method":"_compile","native":false},{"column":10,"file":"node:internal/modules/cjs/loader","function":"Module._extensions..js","line":1180,"method":".js","native":false},{"column":32,"file":"node:internal/modules/cjs/loader","function":"Module.load","line":1004,"method":"load","native":false}]}
error: uncaughtException: listen EADDRINUSE: address already in use :::3000
Error: listen EADDRINUSE: address already in use :::3000
    at Server.setupListenHandle [as _listen2] (node:net:1432:16)
    at listenInCluster (node:net:1480:12)
    at Server.listen (node:net:1568:7)
    at Function.listen (C:\Users\srikanth naidu\Fundoo-Notes\node_modules\express\lib\application.js:635:24)
    at Object.<anonymous> (C:\Users\srikanth naidu\Fundoo-Notes\src\/index.js:37:5)
    at Module._compile (node:internal/modules/cjs/loader:1126:14)
    at Module._compile (C:\Users\srikanth naidu\Fundoo-Notes\node_modules\pirates\lib\index.js:136:24)
    at Module._extensions..js (node:internal/modules/cjs/loader:1180:10)
    at Object.newLoader [as .js] (C:\Users\srikanth naidu\Fundoo-Notes\node_modules\pirates\lib\index.js:141:7)
    at Module.load (node:internal/modules/cjs/loader:1004:32)
    at Function.Module._load (node:internal/modules/cjs/loader:839:12)
    at Function.runMain (node:internal/modules/run_main:81:12)
    at Object.<anonymous> (C:\Users\srikanth naidu\Fundoo-Notes\node_modules\@babel\node\src\_babel-node.ts:223:12)
    at Module._compile (node:internal/modules/cjs/loader:1126:14)
    at Object.Module._extensions..js (node:internal/modules/cjs/loader:1180:10)
    at Module.load (node:internal/modules/cjs/loader:1004:32) {"date":"Mon Feb 06 2023 11:18:05 GMT+0530 (India Standard Time)","error":{"address":"::","code":"EADDRINUSE","errno":-4091,"port":3000,"syscall":"listen"},"exception":true,"os":{"loadavg":[0,0,0],"uptime":587245},"process":{"argv":["node","C:\\Users\\srikanth naidu\\Fundoo-Notes\\src\\index.js"],"cwd":"C:\\Users\\srikanth naidu\\Fundoo-Notes","execPath":"C:\\Program Files\\nodejs\\node.exe","gid":null,"memoryUsage":{"arrayBuffers":19267799,"external":30666602,"heapTotal":78016512,"heapUsed":54857896,"rss":112168960},"pid":17340,"uid":null,"version":"v16.17.1"},"stack":"Error: listen EADDRINUSE: address already in use :::3000\n    at Server.setupListenHandle [as _listen2] (node:net:1432:16)\n    at listenInCluster (node:net:1480:12)\n    at Server.listen (node:net:1568:7)\n    at Function.listen (C:\\Users\\srikanth naidu\\Fundoo-Notes\\node_modules\\express\\lib\\application.js:635:24)\n    at Object.<anonymous> (C:\\Users\\srikanth naidu\\Fundoo-Notes\\src\\/index.js:37:5)\n    at Module._compile (node:internal/modules/cjs/loader:1126:14)\n    at Module._compile (C:\\Users\\srikanth naidu\\Fundoo-Notes\\node_modules\\pirates\\lib\\index.js:136:24)\n    at Module._extensions..js (node:internal/modules/cjs/loader:1180:10)\n    at Object.newLoader [as .js] (C:\\Users\\srikanth naidu\\Fundoo-Notes\\node_modules\\pirates\\lib\\index.js:141:7)\n    at Module.load (node:internal/modules/cjs/loader:1004:32)\n    at Function.Module._load (node:internal/modules/cjs/loader:839:12)\n    at Function.runMain (node:internal/modules/run_main:81:12)\n    at Object.<anonymous> (C:\\Users\\srikanth naidu\\Fundoo-Notes\\node_modules\\@babel\\node\\src\\_babel-node.ts:223:12)\n    at Module._compile (node:internal/modules/cjs/loader:1126:14)\n    at Object.Module._extensions..js (node:internal/modules/cjs/loader:1180:10)\n    at Module.load (node:internal/modules/cjs/loader:1004:32)","trace":[{"column":16,"file":"node:net","function":"Server.setupListenHandle [as _listen2]","line":1432,"method":"setupListenHandle [as _listen2]","native":false},{"column":12,"file":"node:net","function":"listenInCluster","line":1480,"method":null,"native":false},{"column":7,"file":"node:net","function":"Server.listen","line":1568,"method":"listen","native":false},{"column":24,"file":"C:\\Users\\srikanth naidu\\Fundoo-Notes\\node_modules\\express\\lib\\application.js","function":"Function.listen","line":635,"method":"listen","native":false},{"column":5,"file":"C:\\Users\\srikanth naidu\\Fundoo-Notes\\src\\/index.js","function":null,"line":37,"method":null,"native":false},{"column":14,"file":"node:internal/modules/cjs/loader","function":"Module._compile","line":1126,"method":"_compile","native":false},{"column":24,"file":"C:\\Users\\srikanth naidu\\Fundoo-Notes\\node_modules\\pirates\\lib\\index.js","function":"Module._compile","line":136,"method":"_compile","native":false},{"column":10,"file":"node:internal/modules/cjs/loader","function":"Module._extensions..js","line":1180,"method":".js","native":false},{"column":7,"file":"C:\\Users\\srikanth naidu\\Fundoo-Notes\\node_modules\\pirates\\lib\\index.js","function":"Object.newLoader [as .js]","line":141,"method":"js]","native":false},{"column":32,"file":"node:internal/modules/cjs/loader","function":"Module.load","line":1004,"method":"load","native":false},{"column":12,"file":"node:internal/modules/cjs/loader","function":"Module._load","line":839,"method":"_load","native":false},{"column":12,"file":"node:internal/modules/run_main","function":"Function.runMain","line":81,"method":"runMain","native":false},{"column":12,"file":"C:\\Users\\srikanth naidu\\Fundoo-Notes\\node_modules\\@babel\\node\\src\\_babel-node.ts","function":null,"line":223,"method":null,"native":false},{"column":14,"file":"node:internal/modules/cjs/loader","function":"Module._compile","line":1126,"method":"_compile","native":false},{"column":10,"file":"node:internal/modules/cjs/loader","function":"Module._extensions..js","line":1180,"method":".js","native":false},{"column":32,"file":"node:internal/modules/cjs/loader","function":"Module.load","line":1004,"method":"load","native":false}]}
error: uncaughtException: listen EADDRINUSE: address already in use :::3000
Error: listen EADDRINUSE: address already in use :::3000
    at Server.setupListenHandle [as _listen2] (node:net:1432:16)
    at listenInCluster (node:net:1480:12)
    at Server.listen (node:net:1568:7)
    at Function.listen (C:\Users\srikanth naidu\Fundoo-Notes\node_modules\express\lib\application.js:635:24)
    at Object.<anonymous> (C:\Users\srikanth naidu\Fundoo-Notes\src\/index.js:37:5)
    at Module._compile (node:internal/modules/cjs/loader:1126:14)
    at Module._compile (C:\Users\srikanth naidu\Fundoo-Notes\node_modules\pirates\lib\index.js:136:24)
    at Module._extensions..js (node:internal/modules/cjs/loader:1180:10)
    at Object.newLoader [as .js] (C:\Users\srikanth naidu\Fundoo-Notes\node_modules\pirates\lib\index.js:141:7)
    at Module.load (node:internal/modules/cjs/loader:1004:32)
    at Function.Module._load (node:internal/modules/cjs/loader:839:12)
    at Function.runMain (node:internal/modules/run_main:81:12)
    at Object.<anonymous> (C:\Users\srikanth naidu\Fundoo-Notes\node_modules\@babel\node\src\_babel-node.ts:223:12)
    at Module._compile (node:internal/modules/cjs/loader:1126:14)
    at Object.Module._extensions..js (node:internal/modules/cjs/loader:1180:10)
    at Module.load (node:internal/modules/cjs/loader:1004:32) {"date":"Mon Feb 06 2023 11:24:30 GMT+0530 (India Standard Time)","error":{"address":"::","code":"EADDRINUSE","errno":-4091,"port":3000,"syscall":"listen"},"exception":true,"os":{"loadavg":[0,0,0],"uptime":587629},"process":{"argv":["node","C:\\Users\\srikanth naidu\\Fundoo-Notes\\src\\index.js"],"cwd":"C:\\Users\\srikanth naidu\\Fundoo-Notes","execPath":"C:\\Program Files\\nodejs\\node.exe","gid":null,"memoryUsage":{"arrayBuffers":18951552,"external":21933894,"heapTotal":81686528,"heapUsed":48743648,"rss":113897472},"pid":29312,"uid":null,"version":"v16.17.1"},"stack":"Error: listen EADDRINUSE: address already in use :::3000\n    at Server.setupListenHandle [as _listen2] (node:net:1432:16)\n    at listenInCluster (node:net:1480:12)\n    at Server.listen (node:net:1568:7)\n    at Function.listen (C:\\Users\\srikanth naidu\\Fundoo-Notes\\node_modules\\express\\lib\\application.js:635:24)\n    at Object.<anonymous> (C:\\Users\\srikanth naidu\\Fundoo-Notes\\src\\/index.js:37:5)\n    at Module._compile (node:internal/modules/cjs/loader:1126:14)\n    at Module._compile (C:\\Users\\srikanth naidu\\Fundoo-Notes\\node_modules\\pirates\\lib\\index.js:136:24)\n    at Module._extensions..js (node:internal/modules/cjs/loader:1180:10)\n    at Object.newLoader [as .js] (C:\\Users\\srikanth naidu\\Fundoo-Notes\\node_modules\\pirates\\lib\\index.js:141:7)\n    at Module.load (node:internal/modules/cjs/loader:1004:32)\n    at Function.Module._load (node:internal/modules/cjs/loader:839:12)\n    at Function.runMain (node:internal/modules/run_main:81:12)\n    at Object.<anonymous> (C:\\Users\\srikanth naidu\\Fundoo-Notes\\node_modules\\@babel\\node\\src\\_babel-node.ts:223:12)\n    at Module._compile (node:internal/modules/cjs/loader:1126:14)\n    at Object.Module._extensions..js (node:internal/modules/cjs/loader:1180:10)\n    at Module.load (node:internal/modules/cjs/loader:1004:32)","trace":[{"column":16,"file":"node:net","function":"Server.setupListenHandle [as _listen2]","line":1432,"method":"setupListenHandle [as _listen2]","native":false},{"column":12,"file":"node:net","function":"listenInCluster","line":1480,"method":null,"native":false},{"column":7,"file":"node:net","function":"Server.listen","line":1568,"method":"listen","native":false},{"column":24,"file":"C:\\Users\\srikanth naidu\\Fundoo-Notes\\node_modules\\express\\lib\\application.js","function":"Function.listen","line":635,"method":"listen","native":false},{"column":5,"file":"C:\\Users\\srikanth naidu\\Fundoo-Notes\\src\\/index.js","function":null,"line":37,"method":null,"native":false},{"column":14,"file":"node:internal/modules/cjs/loader","function":"Module._compile","line":1126,"method":"_compile","native":false},{"column":24,"file":"C:\\Users\\srikanth naidu\\Fundoo-Notes\\node_modules\\pirates\\lib\\index.js","function":"Module._compile","line":136,"method":"_compile","native":false},{"column":10,"file":"node:internal/modules/cjs/loader","function":"Module._extensions..js","line":1180,"method":".js","native":false},{"column":7,"file":"C:\\Users\\srikanth naidu\\Fundoo-Notes\\node_modules\\pirates\\lib\\index.js","function":"Object.newLoader [as .js]","line":141,"method":"js]","native":false},{"column":32,"file":"node:internal/modules/cjs/loader","function":"Module.load","line":1004,"method":"load","native":false},{"column":12,"file":"node:internal/modules/cjs/loader","function":"Module._load","line":839,"method":"_load","native":false},{"column":12,"file":"node:internal/modules/run_main","function":"Function.runMain","line":81,"method":"runMain","native":false},{"column":12,"file":"C:\\Users\\srikanth naidu\\Fundoo-Notes\\node_modules\\@babel\\node\\src\\_babel-node.ts","function":null,"line":223,"method":null,"native":false},{"column":14,"file":"node:internal/modules/cjs/loader","function":"Module._compile","line":1126,"method":"_compile","native":false},{"column":10,"file":"node:internal/modules/cjs/loader","function":"Module._extensions..js","line":1180,"method":".js","native":false},{"column":32,"file":"node:internal/modules/cjs/loader","function":"Module.load","line":1004,"method":"load","native":false}]}
info: ::1 - - [06/Feb/2023:06:00:13 +0000] "GET /api/v1/ HTTP/1.1" 200 9 "-" "PostmanRuntime/7.30.1"

info: ::1 - - [06/Feb/2023:06:01:26 +0000] "POST /api/v1/ HTTP/1.1" 404 47 "-" "PostmanRuntime/7.30.1"

info: ::1 - - [06/Feb/2023:06:01:39 +0000] "POST /api/v1/users/ HTTP/1.1" 500 60 "-" "PostmanRuntime/7.30.1"

info: ::1 - - [06/Feb/2023:06:02:33 +0000] "POST /api/v1/users/ HTTP/1.1" 500 60 "-" "PostmanRuntime/7.30.1"

info: ::1 - - [06/Feb/2023:06:04:24 +0000] "POST /api/v1/users/ HTTP/1.1" 201 277 "-" "PostmanRuntime/7.30.1"

info: ::1 - - [06/Feb/2023:07:18:15 +0000] "POST /api/v1/users/ HTTP/1.1" 201 277 "-" "PostmanRuntime/7.30.1"

info: ::1 - - [06/Feb/2023:11:14:42 +0000] "PUT /api/v1/users/ HTTP/1.1" 404 47 "-" "PostmanRuntime/7.30.1"

info: ::1 - - [06/Feb/2023:11:14:51 +0000] "GET /api/v1/users/ HTTP/1.1" 200 63892 "-" "PostmanRuntime/7.30.1"

info: ::1 - - [06/Feb/2023:11:15:47 +0000] "GET /api/v1/users/62245d1d6de1962078d2799b/ HTTP/1.1" 400 56 "-" "PostmanRuntime/7.30.1"

info: ::1 - - [06/Feb/2023:11:16:03 +0000] "GET /api/v1/users/62245d1d6de1962078d2799b HTTP/1.1" 400 56 "-" "PostmanRuntime/7.30.1"

info: ::1 - - [06/Feb/2023:11:16:14 +0000] "GET /api/v1/users/ HTTP/1.1" 200 63892 "-" "PostmanRuntime/7.30.1"

info: ::1 - - [06/Feb/2023:11:16:44 +0000] "POST /api/v1/users/ HTTP/1.1" 201 277 "-" "PostmanRuntime/7.30.1"

info: ::1 - - [06/Feb/2023:11:17:04 +0000] "PUT /api/v1/users/3e0e19cd6637d1dec3f5df4/ HTTP/1.1" 500 156 "-" "PostmanRuntime/7.30.1"

info: ::1 - - [06/Feb/2023:11:17:27 +0000] "PUT /api/v1/users/ HTTP/1.1" 404 47 "-" "PostmanRuntime/7.30.1"

info: ::1 - - [06/Feb/2023:11:17:36 +0000] "POST /api/v1/users/ HTTP/1.1" 201 277 "-" "PostmanRuntime/7.30.1"

info: ::1 - - [06/Feb/2023:11:17:55 +0000] "PUT /api/v1/users/63e0e1d0d6637d1dec3f5df6/ HTTP/1.1" 202 277 "-" "PostmanRuntime/7.30.1"

error: uncaughtException: listen EADDRINUSE: address already in use :::4000
Error: listen EADDRINUSE: address already in use :::4000
    at Server.setupListenHandle [as _listen2] (node:net:1432:16)
    at listenInCluster (node:net:1480:12)
    at Server.listen (node:net:1568:7)
    at Function.listen (C:\Users\srikanth naidu\Fundoo-Notes\node_modules\express\lib\application.js:635:24)
    at Object.<anonymous> (C:\Users\srikanth naidu\Fundoo-Notes\src\/index.js:37:5)
    at Module._compile (node:internal/modules/cjs/loader:1126:14)
    at Module._compile (C:\Users\srikanth naidu\Fundoo-Notes\node_modules\pirates\lib\index.js:136:24)
    at Module._extensions..js (node:internal/modules/cjs/loader:1180:10)
    at Object.newLoader [as .js] (C:\Users\srikanth naidu\Fundoo-Notes\node_modules\pirates\lib\index.js:141:7)
    at Module.load (node:internal/modules/cjs/loader:1004:32)
    at Function.Module._load (node:internal/modules/cjs/loader:839:12)
    at Function.runMain (node:internal/modules/run_main:81:12)
    at Object.<anonymous> (C:\Users\srikanth naidu\Fundoo-Notes\node_modules\@babel\node\src\_babel-node.ts:223:12)
    at Module._compile (node:internal/modules/cjs/loader:1126:14)
    at Object.Module._extensions..js (node:internal/modules/cjs/loader:1180:10)
    at Module.load (node:internal/modules/cjs/loader:1004:32) {"date":"Mon Feb 06 2023 17:01:41 GMT+0530 (India Standard Time)","error":{"address":"::","code":"EADDRINUSE","errno":-4091,"port":4000,"syscall":"listen"},"exception":true,"os":{"loadavg":[0,0,0],"uptime":11095},"process":{"argv":["node","C:\\Users\\srikanth naidu\\Fundoo-Notes\\src\\index.js"],"cwd":"C:\\Users\\srikanth naidu\\Fundoo-Notes","execPath":"C:\\Program Files\\nodejs\\node.exe","gid":null,"memoryUsage":{"arrayBuffers":19267795,"external":30666598,"heapTotal":78278656,"heapUsed":54631032,"rss":110854144},"pid":3800,"uid":null,"version":"v16.17.1"},"stack":"Error: listen EADDRINUSE: address already in use :::4000\n    at Server.setupListenHandle [as _listen2] (node:net:1432:16)\n    at listenInCluster (node:net:1480:12)\n    at Server.listen (node:net:1568:7)\n    at Function.listen (C:\\Users\\srikanth naidu\\Fundoo-Notes\\node_modules\\express\\lib\\application.js:635:24)\n    at Object.<anonymous> (C:\\Users\\srikanth naidu\\Fundoo-Notes\\src\\/index.js:37:5)\n    at Module._compile (node:internal/modules/cjs/loader:1126:14)\n    at Module._compile (C:\\Users\\srikanth naidu\\Fundoo-Notes\\node_modules\\pirates\\lib\\index.js:136:24)\n    at Module._extensions..js (node:internal/modules/cjs/loader:1180:10)\n    at Object.newLoader [as .js] (C:\\Users\\srikanth naidu\\Fundoo-Notes\\node_modules\\pirates\\lib\\index.js:141:7)\n    at Module.load (node:internal/modules/cjs/loader:1004:32)\n    at Function.Module._load (node:internal/modules/cjs/loader:839:12)\n    at Function.runMain (node:internal/modules/run_main:81:12)\n    at Object.<anonymous> (C:\\Users\\srikanth naidu\\Fundoo-Notes\\node_modules\\@babel\\node\\src\\_babel-node.ts:223:12)\n    at Module._compile (node:internal/modules/cjs/loader:1126:14)\n    at Object.Module._extensions..js (node:internal/modules/cjs/loader:1180:10)\n    at Module.load (node:internal/modules/cjs/loader:1004:32)","trace":[{"column":16,"file":"node:net","function":"Server.setupListenHandle [as _listen2]","line":1432,"method":"setupListenHandle [as _listen2]","native":false},{"column":12,"file":"node:net","function":"listenInCluster","line":1480,"method":null,"native":false},{"column":7,"file":"node:net","function":"Server.listen","line":1568,"method":"listen","native":false},{"column":24,"file":"C:\\Users\\srikanth naidu\\Fundoo-Notes\\node_modules\\express\\lib\\application.js","function":"Function.listen","line":635,"method":"listen","native":false},{"column":5,"file":"C:\\Users\\srikanth naidu\\Fundoo-Notes\\src\\/index.js","function":null,"line":37,"method":null,"native":false},{"column":14,"file":"node:internal/modules/cjs/loader","function":"Module._compile","line":1126,"method":"_compile","native":false},{"column":24,"file":"C:\\Users\\srikanth naidu\\Fundoo-Notes\\node_modules\\pirates\\lib\\index.js","function":"Module._compile","line":136,"method":"_compile","native":false},{"column":10,"file":"node:internal/modules/cjs/loader","function":"Module._extensions..js","line":1180,"method":".js","native":false},{"column":7,"file":"C:\\Users\\srikanth naidu\\Fundoo-Notes\\node_modules\\pirates\\lib\\index.js","function":"Object.newLoader [as .js]","line":141,"method":"js]","native":false},{"column":32,"file":"node:internal/modules/cjs/loader","function":"Module.load","line":1004,"method":"load","native":false},{"column":12,"file":"node:internal/modules/cjs/loader","function":"Module._load","line":839,"method":"_load","native":false},{"column":12,"file":"node:internal/modules/run_main","function":"Function.runMain","line":81,"method":"runMain","native":false},{"column":12,"file":"C:\\Users\\srikanth naidu\\Fundoo-Notes\\node_modules\\@babel\\node\\src\\_babel-node.ts","function":null,"line":223,"method":null,"native":false},{"column":14,"file":"node:internal/modules/cjs/loader","function":"Module._compile","line":1126,"method":"_compile","native":false},{"column":10,"file":"node:internal/modules/cjs/loader","function":"Module._extensions..js","line":1180,"method":".js","native":false},{"column":32,"file":"node:internal/modules/cjs/loader","function":"Module.load","line":1004,"method":"load","native":false}]}
error: uncaughtException: listen EADDRINUSE: address already in use :::4000
Error: listen EADDRINUSE: address already in use :::4000
    at Server.setupListenHandle [as _listen2] (node:net:1432:16)
    at listenInCluster (node:net:1480:12)
    at Server.listen (node:net:1568:7)
    at Function.listen (C:\Users\srikanth naidu\Fundoo-Notes\node_modules\express\lib\application.js:635:24)
    at Object.<anonymous> (C:\Users\srikanth naidu\Fundoo-Notes\src\/index.js:37:5)
    at Module._compile (node:internal/modules/cjs/loader:1126:14)
    at Module._compile (C:\Users\srikanth naidu\Fundoo-Notes\node_modules\pirates\lib\index.js:136:24)
    at Module._extensions..js (node:internal/modules/cjs/loader:1180:10)
    at Object.newLoader [as .js] (C:\Users\srikanth naidu\Fundoo-Notes\node_modules\pirates\lib\index.js:141:7)
    at Module.load (node:internal/modules/cjs/loader:1004:32)
    at Function.Module._load (node:internal/modules/cjs/loader:839:12)
    at Function.runMain (node:internal/modules/run_main:81:12)
    at Object.<anonymous> (C:\Users\srikanth naidu\Fundoo-Notes\node_modules\@babel\node\src\_babel-node.ts:223:12)
    at Module._compile (node:internal/modules/cjs/loader:1126:14)
    at Object.Module._extensions..js (node:internal/modules/cjs/loader:1180:10)
    at Module.load (node:internal/modules/cjs/loader:1004:32) {"date":"Mon Feb 06 2023 17:04:03 GMT+0530 (India Standard Time)","error":{"address":"::","code":"EADDRINUSE","errno":-4091,"port":4000,"syscall":"listen"},"exception":true,"os":{"loadavg":[0,0,0],"uptime":11237},"process":{"argv":["node","C:\\Users\\srikanth naidu\\Fundoo-Notes\\src\\index.js"],"cwd":"C:\\Users\\srikanth naidu\\Fundoo-Notes","execPath":"C:\\Program Files\\nodejs\\node.exe","gid":null,"memoryUsage":{"arrayBuffers":19259603,"external":30666598,"heapTotal":78016512,"heapUsed":54511376,"rss":111120384},"pid":3976,"uid":null,"version":"v16.17.1"},"stack":"Error: listen EADDRINUSE: address already in use :::4000\n    at Server.setupListenHandle [as _listen2] (node:net:1432:16)\n    at listenInCluster (node:net:1480:12)\n    at Server.listen (node:net:1568:7)\n    at Function.listen (C:\\Users\\srikanth naidu\\Fundoo-Notes\\node_modules\\express\\lib\\application.js:635:24)\n    at Object.<anonymous> (C:\\Users\\srikanth naidu\\Fundoo-Notes\\src\\/index.js:37:5)\n    at Module._compile (node:internal/modules/cjs/loader:1126:14)\n    at Module._compile (C:\\Users\\srikanth naidu\\Fundoo-Notes\\node_modules\\pirates\\lib\\index.js:136:24)\n    at Module._extensions..js (node:internal/modules/cjs/loader:1180:10)\n    at Object.newLoader [as .js] (C:\\Users\\srikanth naidu\\Fundoo-Notes\\node_modules\\pirates\\lib\\index.js:141:7)\n    at Module.load (node:internal/modules/cjs/loader:1004:32)\n    at Function.Module._load (node:internal/modules/cjs/loader:839:12)\n    at Function.runMain (node:internal/modules/run_main:81:12)\n    at Object.<anonymous> (C:\\Users\\srikanth naidu\\Fundoo-Notes\\node_modules\\@babel\\node\\src\\_babel-node.ts:223:12)\n    at Module._compile (node:internal/modules/cjs/loader:1126:14)\n    at Object.Module._extensions..js (node:internal/modules/cjs/loader:1180:10)\n    at Module.load (node:internal/modules/cjs/loader:1004:32)","trace":[{"column":16,"file":"node:net","function":"Server.setupListenHandle [as _listen2]","line":1432,"method":"setupListenHandle [as _listen2]","native":false},{"column":12,"file":"node:net","function":"listenInCluster","line":1480,"method":null,"native":false},{"column":7,"file":"node:net","function":"Server.listen","line":1568,"method":"listen","native":false},{"column":24,"file":"C:\\Users\\srikanth naidu\\Fundoo-Notes\\node_modules\\express\\lib\\application.js","function":"Function.listen","line":635,"method":"listen","native":false},{"column":5,"file":"C:\\Users\\srikanth naidu\\Fundoo-Notes\\src\\/index.js","function":null,"line":37,"method":null,"native":false},{"column":14,"file":"node:internal/modules/cjs/loader","function":"Module._compile","line":1126,"method":"_compile","native":false},{"column":24,"file":"C:\\Users\\srikanth naidu\\Fundoo-Notes\\node_modules\\pirates\\lib\\index.js","function":"Module._compile","line":136,"method":"_compile","native":false},{"column":10,"file":"node:internal/modules/cjs/loader","function":"Module._extensions..js","line":1180,"method":".js","native":false},{"column":7,"file":"C:\\Users\\srikanth naidu\\Fundoo-Notes\\node_modules\\pirates\\lib\\index.js","function":"Object.newLoader [as .js]","line":141,"method":"js]","native":false},{"column":32,"file":"node:internal/modules/cjs/loader","function":"Module.load","line":1004,"method":"load","native":false},{"column":12,"file":"node:internal/modules/cjs/loader","function":"Module._load","line":839,"method":"_load","native":false},{"column":12,"file":"node:internal/modules/run_main","function":"Function.runMain","line":81,"method":"runMain","native":false},{"column":12,"file":"C:\\Users\\srikanth naidu\\Fundoo-Notes\\node_modules\\@babel\\node\\src\\_babel-node.ts","function":null,"line":223,"method":null,"native":false},{"column":14,"file":"node:internal/modules/cjs/loader","function":"Module._compile","line":1126,"method":"_compile","native":false},{"column":10,"file":"node:internal/modules/cjs/loader","function":"Module._extensions..js","line":1180,"method":".js","native":false},{"column":32,"file":"node:internal/modules/cjs/loader","function":"Module.load","line":1004,"method":"load","native":false}]}
info: ::1 - - [06/Feb/2023:13:17:05 +0000] "GET /api/v1/ HTTP/1.1" 200 9 "-" "PostmanRuntime/7.30.1"

info: ::1 - - [06/Feb/2023:13:17:16 +0000] "POST /api/v1/ HTTP/1.1" 404 47 "-" "PostmanRuntime/7.30.1"

info: ::1 - - [06/Feb/2023:13:17:26 +0000] "POST /api/v1/users/ HTTP/1.1" 404 47 "-" "PostmanRuntime/7.30.1"

info: ::1 - - [06/Feb/2023:13:18:07 +0000] "POST /api/v1/users HTTP/1.1" 404 47 "-" "PostmanRuntime/7.30.1"

info: ::1 - - [06/Feb/2023:13:21:07 +0000] "PUT /api/v1/users HTTP/1.1" 404 47 "-" "PostmanRuntime/7.30.1"

info: ::1 - - [06/Feb/2023:13:21:27 +0000] "POST /api/v1/users/ HTTP/1.1" 404 47 "-" "PostmanRuntime/7.30.1"

info: ::1 - - [06/Feb/2023:13:23:17 +0000] "POST /api/v1/Register HTTP/1.1" 404 47 "-" "PostmanRuntime/7.30.1"

info: ::1 - - [06/Feb/2023:13:23:25 +0000] "POST /api/v1/Register/ HTTP/1.1" 404 47 "-" "PostmanRuntime/7.30.1"

info: ::1 - - [06/Feb/2023:13:24:56 +0000] "GET /api/v1/Register HTTP/1.1" 404 47 "-" "PostmanRuntime/7.30.1"

info: ::1 - - [06/Feb/2023:13:25:13 +0000] "GET /api/v1/ HTTP/1.1" 200 9 "-" "PostmanRuntime/7.30.1"

info: ::1 - - [06/Feb/2023:13:35:22 +0000] "GET /api/v1/users/Register HTTP/1.1" 404 47 "-" "PostmanRuntime/7.30.1"

info: ::1 - - [06/Feb/2023:13:35:28 +0000] "POST /api/v1/users/Register HTTP/1.1" 500 56 "-" "PostmanRuntime/7.30.1"

info: ::1 - - [06/Feb/2023:13:37:15 +0000] "POST /api/v1/users/Register HTTP/1.1" 500 56 "-" "PostmanRuntime/7.30.1"

info: ::1 - - [06/Feb/2023:13:37:43 +0000] "POST /api/v1/users/Register HTTP/1.1" 500 56 "-" "PostmanRuntime/7.30.1"

info: ::1 - - [06/Feb/2023:13:37:57 +0000] "PUT /api/v1/users/Register HTTP/1.1" 404 47 "-" "PostmanRuntime/7.30.1"

info: ::1 - - [06/Feb/2023:13:38:28 +0000] "PUT /api/v1/users/Register/ HTTP/1.1" 404 47 "-" "PostmanRuntime/7.30.1"

info: ::1 - - [06/Feb/2023:13:38:39 +0000] "PUT /api/v1/users/Login HTTP/1.1" 404 47 "-" "PostmanRuntime/7.30.1"

info: ::1 - - [06/Feb/2023:13:39:26 +0000] "POST /api/v1/users/Login HTTP/1.1" 500 70 "-" "PostmanRuntime/7.30.1"

info: ::1 - - [06/Feb/2023:13:39:52 +0000] "POST /api/v1/users/Register HTTP/1.1" 500 73 "-" "PostmanRuntime/7.30.1"

info: ::1 - - [06/Feb/2023:13:40:03 +0000] "POST /api/v1/users/Register HTTP/1.1" 500 88 "-" "PostmanRuntime/7.30.1"

info: ::1 - - [06/Feb/2023:13:40:11 +0000] "POST /api/v1/users/Register HTTP/1.1" 500 56 "-" "PostmanRuntime/7.30.1"

info: ::1 - - [06/Feb/2023:13:42:43 +0000] "GET /api/v1/users/ HTTP/1.1" 404 47 "-" "PostmanRuntime/7.30.1"

info: ::1 - - [06/Feb/2023:13:42:49 +0000] "POST /api/v1/users/ HTTP/1.1" 404 47 "-" "PostmanRuntime/7.30.1"

info: ::1 - - [06/Feb/2023:13:42:58 +0000] "POST /api/v1/users/Register HTTP/1.1" 500 56 "-" "PostmanRuntime/7.30.1"

info: ::1 - - [06/Feb/2023:13:44:07 +0000] "POST /api/v1/users/Register HTTP/1.1" 500 56 "-" "PostmanRuntime/7.30.1"

info: ::1 - - [06/Feb/2023:13:44:24 +0000] "POST /api/v1/users/Register/ HTTP/1.1" 500 56 "-" "PostmanRuntime/7.30.1"

info: ::1 - - [06/Feb/2023:13:45:23 +0000] "POST /api/v1/users/login/ HTTP/1.1" 500 70 "-" "PostmanRuntime/7.30.1"

info: ::1 - - [06/Feb/2023:13:48:23 +0000] "POST /api/v1/users/login HTTP/1.1" 500 70 "-" "PostmanRuntime/7.30.1"

info: ::1 - - [06/Feb/2023:13:48:45 +0000] "PUT /api/v1/users/login HTTP/1.1" 404 47 "-" "PostmanRuntime/7.30.1"

info: ::1 - - [06/Feb/2023:13:48:52 +0000] "PUT /api/v1/users/login/ HTTP/1.1" 404 47 "-" "PostmanRuntime/7.30.1"

error: uncaughtException: listen EADDRINUSE: address already in use :::3000
Error: listen EADDRINUSE: address already in use :::3000
    at Server.setupListenHandle [as _listen2] (node:net:1432:16)
    at listenInCluster (node:net:1480:12)
    at Server.listen (node:net:1568:7)
    at Function.listen (C:\Users\srikanth naidu\Fundoo-Notes\node_modules\express\lib\application.js:635:24)
    at Object.<anonymous> (C:\Users\srikanth naidu\Fundoo-Notes\src\/index.js:37:5)
    at Module._compile (node:internal/modules/cjs/loader:1126:14)
    at Module._compile (C:\Users\srikanth naidu\Fundoo-Notes\node_modules\pirates\lib\index.js:136:24)
    at Module._extensions..js (node:internal/modules/cjs/loader:1180:10)
    at Object.newLoader [as .js] (C:\Users\srikanth naidu\Fundoo-Notes\node_modules\pirates\lib\index.js:141:7)
    at Module.load (node:internal/modules/cjs/loader:1004:32)
    at Function.Module._load (node:internal/modules/cjs/loader:839:12)
    at Function.runMain (node:internal/modules/run_main:81:12)
    at Object.<anonymous> (C:\Users\srikanth naidu\Fundoo-Notes\node_modules\@babel\node\src\_babel-node.ts:223:12)
    at Module._compile (node:internal/modules/cjs/loader:1126:14)
    at Object.Module._extensions..js (node:internal/modules/cjs/loader:1180:10)
    at Module.load (node:internal/modules/cjs/loader:1004:32)
    at Function.Module._load (node:internal/modules/cjs/loader:839:12)
    at Function.executeUserEntryPoint [as runMain] (node:internal/modules/run_main:81:12)
    at node:internal/main/run_main_module:17:47 {"date":"Mon Feb 06 2023 19:33:26 GMT+0530 (India Standard Time)","error":{"address":"::","code":"EADDRINUSE","errno":-4091,"port":3000,"syscall":"listen"},"exception":true,"os":{"loadavg":[0,0,0],"uptime":20201},"process":{"argv":["node","C:\\Users\\srikanth naidu\\Fundoo-Notes\\src\\index.js"],"cwd":"C:\\Users\\srikanth naidu\\Fundoo-Notes","execPath":"C:\\Program Files\\nodejs\\node.exe","gid":null,"memoryUsage":{"arrayBuffers":19075317,"external":23340529,"heapTotal":82440192,"heapUsed":51946016,"rss":117796864},"pid":10304,"uid":null,"version":"v16.17.1"},"stack":"Error: listen EADDRINUSE: address already in use :::3000\n    at Server.setupListenHandle [as _listen2] (node:net:1432:16)\n    at listenInCluster (node:net:1480:12)\n    at Server.listen (node:net:1568:7)\n    at Function.listen (C:\\Users\\srikanth naidu\\Fundoo-Notes\\node_modules\\express\\lib\\application.js:635:24)\n    at Object.<anonymous> (C:\\Users\\srikanth naidu\\Fundoo-Notes\\src\\/index.js:37:5)\n    at Module._compile (node:internal/modules/cjs/loader:1126:14)\n    at Module._compile (C:\\Users\\srikanth naidu\\Fundoo-Notes\\node_modules\\pirates\\lib\\index.js:136:24)\n    at Module._extensions..js (node:internal/modules/cjs/loader:1180:10)\n    at Object.newLoader [as .js] (C:\\Users\\srikanth naidu\\Fundoo-Notes\\node_modules\\pirates\\lib\\index.js:141:7)\n    at Module.load (node:internal/modules/cjs/loader:1004:32)\n    at Function.Module._load (node:internal/modules/cjs/loader:839:12)\n    at Function.runMain (node:internal/modules/run_main:81:12)\n    at Object.<anonymous> (C:\\Users\\srikanth naidu\\Fundoo-Notes\\node_modules\\@babel\\node\\src\\_babel-node.ts:223:12)\n    at Module._compile (node:internal/modules/cjs/loader:1126:14)\n    at Object.Module._extensions..js (node:internal/modules/cjs/loader:1180:10)\n    at Module.load (node:internal/modules/cjs/loader:1004:32)\n    at Function.Module._load (node:internal/modules/cjs/loader:839:12)\n    at Function.executeUserEntryPoint [as runMain] (node:internal/modules/run_main:81:12)\n    at node:internal/main/run_main_module:17:47","trace":[{"column":16,"file":"node:net","function":"Server.setupListenHandle [as _listen2]","line":1432,"method":"setupListenHandle [as _listen2]","native":false},{"column":12,"file":"node:net","function":"listenInCluster","line":1480,"method":null,"native":false},{"column":7,"file":"node:net","function":"Server.listen","line":1568,"method":"listen","native":false},{"column":24,"file":"C:\\Users\\srikanth naidu\\Fundoo-Notes\\node_modules\\express\\lib\\application.js","function":"Function.listen","line":635,"method":"listen","native":false},{"column":5,"file":"C:\\Users\\srikanth naidu\\Fundoo-Notes\\src\\/index.js","function":null,"line":37,"method":null,"native":false},{"column":14,"file":"node:internal/modules/cjs/loader","function":"Module._compile","line":1126,"method":"_compile","native":false},{"column":24,"file":"C:\\Users\\srikanth naidu\\Fundoo-Notes\\node_modules\\pirates\\lib\\index.js","function":"Module._compile","line":136,"method":"_compile","native":false},{"column":10,"file":"node:internal/modules/cjs/loader","function":"Module._extensions..js","line":1180,"method":".js","native":false},{"column":7,"file":"C:\\Users\\srikanth naidu\\Fundoo-Notes\\node_modules\\pirates\\lib\\index.js","function":"Object.newLoader [as .js]","line":141,"method":"js]","native":false},{"column":32,"file":"node:internal/modules/cjs/loader","function":"Module.load","line":1004,"method":"load","native":false},{"column":12,"file":"node:internal/modules/cjs/loader","function":"Module._load","line":839,"method":"_load","native":false},{"column":12,"file":"node:internal/modules/run_main","function":"Function.runMain","line":81,"method":"runMain","native":false},{"column":12,"file":"C:\\Users\\srikanth naidu\\Fundoo-Notes\\node_modules\\@babel\\node\\src\\_babel-node.ts","function":null,"line":223,"method":null,"native":false},{"column":14,"file":"node:internal/modules/cjs/loader","function":"Module._compile","line":1126,"method":"_compile","native":false},{"column":10,"file":"node:internal/modules/cjs/loader","function":"Module._extensions..js","line":1180,"method":".js","native":false},{"column":32,"file":"node:internal/modules/cjs/loader","function":"Module.load","line":1004,"method":"load","native":false},{"column":12,"file":"node:internal/modules/cjs/loader","function":"Module._load","line":839,"method":"_load","native":false},{"column":12,"file":"node:internal/modules/run_main","function":"Function.executeUserEntryPoint [as runMain]","line":81,"method":"executeUserEntryPoint [as runMain]","native":false},{"column":47,"file":"node:internal/main/run_main_module","function":null,"line":17,"method":null,"native":false}]}
info: ::1 - - [06/Feb/2023:14:04:06 +0000] "PUT /api/v1/users/ HTTP/1.1" 404 47 "-" "PostmanRuntime/7.30.1"

info: ::1 - - [06/Feb/2023:14:04:14 +0000] "GET /api/v1/users/ HTTP/1.1" 404 47 "-" "PostmanRuntime/7.30.1"

info: ::1 - - [06/Feb/2023:14:04:20 +0000] "GET /api/v1/ HTTP/1.1" 200 9 "-" "PostmanRuntime/7.30.1"

info: ::1 - - [06/Feb/2023:14:04:56 +0000] "GET /api/v1/Register HTTP/1.1" 404 47 "-" "PostmanRuntime/7.30.1"

info: ::1 - - [06/Feb/2023:14:05:02 +0000] "POST /api/v1/Register HTTP/1.1" 404 47 "-" "PostmanRuntime/7.30.1"

info: ::1 - - [06/Feb/2023:14:05:24 +0000] "POST /api/v1/users/Register HTTP/1.1" 500 56 "-" "PostmanRuntime/7.30.1"

info: ::1 - - [06/Feb/2023:14:05:39 +0000] "POST /api/v1/users/Register HTTP/1.1" 500 56 "-" "PostmanRuntime/7.30.1"

error: uncaughtException: listen EADDRINUSE: address already in use :::3000
Error: listen EADDRINUSE: address already in use :::3000
    at Server.setupListenHandle [as _listen2] (node:net:1432:16)
    at listenInCluster (node:net:1480:12)
    at Server.listen (node:net:1568:7)
    at Function.listen (C:\Users\srikanth naidu\Fundoo-Notes\node_modules\express\lib\application.js:635:24)
    at Object.<anonymous> (C:\Users\srikanth naidu\Fundoo-Notes\src\/index.js:37:5)
    at Module._compile (node:internal/modules/cjs/loader:1126:14)
    at Module._compile (C:\Users\srikanth naidu\Fundoo-Notes\node_modules\pirates\lib\index.js:136:24)
    at Module._extensions..js (node:internal/modules/cjs/loader:1180:10)
    at Object.newLoader [as .js] (C:\Users\srikanth naidu\Fundoo-Notes\node_modules\pirates\lib\index.js:141:7)
    at Module.load (node:internal/modules/cjs/loader:1004:32)
    at Function.Module._load (node:internal/modules/cjs/loader:839:12)
    at Function.runMain (node:internal/modules/run_main:81:12)
    at Object.<anonymous> (C:\Users\srikanth naidu\Fundoo-Notes\node_modules\@babel\node\src\_babel-node.ts:223:12)
    at Module._compile (node:internal/modules/cjs/loader:1126:14)
    at Object.Module._extensions..js (node:internal/modules/cjs/loader:1180:10)
    at Module.load (node:internal/modules/cjs/loader:1004:32)
    at Function.Module._load (node:internal/modules/cjs/loader:839:12)
    at Function.executeUserEntryPoint [as runMain] (node:internal/modules/run_main:81:12)
    at node:internal/main/run_main_module:17:47 {"date":"Mon Feb 06 2023 19:38:18 GMT+0530 (India Standard Time)","error":{"address":"::","code":"EADDRINUSE","errno":-4091,"port":3000,"syscall":"listen"},"exception":true,"os":{"loadavg":[0,0,0],"uptime":20492},"process":{"argv":["node","C:\\Users\\srikanth naidu\\Fundoo-Notes\\src\\index.js"],"cwd":"C:\\Users\\srikanth naidu\\Fundoo-Notes","execPath":"C:\\Program Files\\nodejs\\node.exe","gid":null,"memoryUsage":{"arrayBuffers":18969511,"external":23152205,"heapTotal":82178048,"heapUsed":49720032,"rss":117936128},"pid":18416,"uid":null,"version":"v16.17.1"},"stack":"Error: listen EADDRINUSE: address already in use :::3000\n    at Server.setupListenHandle [as _listen2] (node:net:1432:16)\n    at listenInCluster (node:net:1480:12)\n    at Server.listen (node:net:1568:7)\n    at Function.listen (C:\\Users\\srikanth naidu\\Fundoo-Notes\\node_modules\\express\\lib\\application.js:635:24)\n    at Object.<anonymous> (C:\\Users\\srikanth naidu\\Fundoo-Notes\\src\\/index.js:37:5)\n    at Module._compile (node:internal/modules/cjs/loader:1126:14)\n    at Module._compile (C:\\Users\\srikanth naidu\\Fundoo-Notes\\node_modules\\pirates\\lib\\index.js:136:24)\n    at Module._extensions..js (node:internal/modules/cjs/loader:1180:10)\n    at Object.newLoader [as .js] (C:\\Users\\srikanth naidu\\Fundoo-Notes\\node_modules\\pirates\\lib\\index.js:141:7)\n    at Module.load (node:internal/modules/cjs/loader:1004:32)\n    at Function.Module._load (node:internal/modules/cjs/loader:839:12)\n    at Function.runMain (node:internal/modules/run_main:81:12)\n    at Object.<anonymous> (C:\\Users\\srikanth naidu\\Fundoo-Notes\\node_modules\\@babel\\node\\src\\_babel-node.ts:223:12)\n    at Module._compile (node:internal/modules/cjs/loader:1126:14)\n    at Object.Module._extensions..js (node:internal/modules/cjs/loader:1180:10)\n    at Module.load (node:internal/modules/cjs/loader:1004:32)\n    at Function.Module._load (node:internal/modules/cjs/loader:839:12)\n    at Function.executeUserEntryPoint [as runMain] (node:internal/modules/run_main:81:12)\n    at node:internal/main/run_main_module:17:47","trace":[{"column":16,"file":"node:net","function":"Server.setupListenHandle [as _listen2]","line":1432,"method":"setupListenHandle [as _listen2]","native":false},{"column":12,"file":"node:net","function":"listenInCluster","line":1480,"method":null,"native":false},{"column":7,"file":"node:net","function":"Server.listen","line":1568,"method":"listen","native":false},{"column":24,"file":"C:\\Users\\srikanth naidu\\Fundoo-Notes\\node_modules\\express\\lib\\application.js","function":"Function.listen","line":635,"method":"listen","native":false},{"column":5,"file":"C:\\Users\\srikanth naidu\\Fundoo-Notes\\src\\/index.js","function":null,"line":37,"method":null,"native":false},{"column":14,"file":"node:internal/modules/cjs/loader","function":"Module._compile","line":1126,"method":"_compile","native":false},{"column":24,"file":"C:\\Users\\srikanth naidu\\Fundoo-Notes\\node_modules\\pirates\\lib\\index.js","function":"Module._compile","line":136,"method":"_compile","native":false},{"column":10,"file":"node:internal/modules/cjs/loader","function":"Module._extensions..js","line":1180,"method":".js","native":false},{"column":7,"file":"C:\\Users\\srikanth naidu\\Fundoo-Notes\\node_modules\\pirates\\lib\\index.js","function":"Object.newLoader [as .js]","line":141,"method":"js]","native":false},{"column":32,"file":"node:internal/modules/cjs/loader","function":"Module.load","line":1004,"method":"load","native":false},{"column":12,"file":"node:internal/modules/cjs/loader","function":"Module._load","line":839,"method":"_load","native":false},{"column":12,"file":"node:internal/modules/run_main","function":"Function.runMain","line":81,"method":"runMain","native":false},{"column":12,"file":"C:\\Users\\srikanth naidu\\Fundoo-Notes\\node_modules\\@babel\\node\\src\\_babel-node.ts","function":null,"line":223,"method":null,"native":false},{"column":14,"file":"node:internal/modules/cjs/loader","function":"Module._compile","line":1126,"method":"_compile","native":false},{"column":10,"file":"node:internal/modules/cjs/loader","function":"Module._extensions..js","line":1180,"method":".js","native":false},{"column":32,"file":"node:internal/modules/cjs/loader","function":"Module.load","line":1004,"method":"load","native":false},{"column":12,"file":"node:internal/modules/cjs/loader","function":"Module._load","line":839,"method":"_load","native":false},{"column":12,"file":"node:internal/modules/run_main","function":"Function.executeUserEntryPoint [as runMain]","line":81,"method":"executeUserEntryPoint [as runMain]","native":false},{"column":47,"file":"node:internal/main/run_main_module","function":null,"line":17,"method":null,"native":false}]}
info: ::1 - - [06/Feb/2023:14:08:29 +0000] "POST /api/v1/users/Register HTTP/1.1" 500 56 "-" "PostmanRuntime/7.30.1"

error: uncaughtException: listen EADDRINUSE: address already in use :::4000
Error: listen EADDRINUSE: address already in use :::4000
    at Server.setupListenHandle [as _listen2] (node:net:1432:16)
    at listenInCluster (node:net:1480:12)
    at Server.listen (node:net:1568:7)
    at Function.listen (C:\Users\srikanth naidu\Fundoo-Notes\node_modules\express\lib\application.js:635:24)
    at Object.<anonymous> (C:\Users\srikanth naidu\Fundoo-Notes\src\/index.js:37:5)
    at Module._compile (node:internal/modules/cjs/loader:1126:14)
    at Module._compile (C:\Users\srikanth naidu\Fundoo-Notes\node_modules\pirates\lib\index.js:136:24)
    at Module._extensions..js (node:internal/modules/cjs/loader:1180:10)
    at Object.newLoader [as .js] (C:\Users\srikanth naidu\Fundoo-Notes\node_modules\pirates\lib\index.js:141:7)
    at Module.load (node:internal/modules/cjs/loader:1004:32)
    at Function.Module._load (node:internal/modules/cjs/loader:839:12)
    at Function.runMain (node:internal/modules/run_main:81:12)
    at Object.<anonymous> (C:\Users\srikanth naidu\Fundoo-Notes\node_modules\@babel\node\src\_babel-node.ts:223:12)
    at Module._compile (node:internal/modules/cjs/loader:1126:14)
    at Object.Module._extensions..js (node:internal/modules/cjs/loader:1180:10)
    at Module.load (node:internal/modules/cjs/loader:1004:32) {"date":"Mon Feb 06 2023 19:38:49 GMT+0530 (India Standard Time)","error":{"address":"::","code":"EADDRINUSE","errno":-4091,"port":4000,"syscall":"listen"},"exception":true,"os":{"loadavg":[0,0,0],"uptime":20524},"process":{"argv":["node","C:\\Users\\srikanth naidu\\Fundoo-Notes\\src\\index.js"],"cwd":"C:\\Users\\srikanth naidu\\Fundoo-Notes","execPath":"C:\\Program Files\\nodejs\\node.exe","gid":null,"memoryUsage":{"arrayBuffers":19112593,"external":30519224,"heapTotal":78016512,"heapUsed":51009288,"rss":110845952},"pid":18852,"uid":null,"version":"v16.17.1"},"stack":"Error: listen EADDRINUSE: address already in use :::4000\n    at Server.setupListenHandle [as _listen2] (node:net:1432:16)\n    at listenInCluster (node:net:1480:12)\n    at Server.listen (node:net:1568:7)\n    at Function.listen (C:\\Users\\srikanth naidu\\Fundoo-Notes\\node_modules\\express\\lib\\application.js:635:24)\n    at Object.<anonymous> (C:\\Users\\srikanth naidu\\Fundoo-Notes\\src\\/index.js:37:5)\n    at Module._compile (node:internal/modules/cjs/loader:1126:14)\n    at Module._compile (C:\\Users\\srikanth naidu\\Fundoo-Notes\\node_modules\\pirates\\lib\\index.js:136:24)\n    at Module._extensions..js (node:internal/modules/cjs/loader:1180:10)\n    at Object.newLoader [as .js] (C:\\Users\\srikanth naidu\\Fundoo-Notes\\node_modules\\pirates\\lib\\index.js:141:7)\n    at Module.load (node:internal/modules/cjs/loader:1004:32)\n    at Function.Module._load (node:internal/modules/cjs/loader:839:12)\n    at Function.runMain (node:internal/modules/run_main:81:12)\n    at Object.<anonymous> (C:\\Users\\srikanth naidu\\Fundoo-Notes\\node_modules\\@babel\\node\\src\\_babel-node.ts:223:12)\n    at Module._compile (node:internal/modules/cjs/loader:1126:14)\n    at Object.Module._extensions..js (node:internal/modules/cjs/loader:1180:10)\n    at Module.load (node:internal/modules/cjs/loader:1004:32)","trace":[{"column":16,"file":"node:net","function":"Server.setupListenHandle [as _listen2]","line":1432,"method":"setupListenHandle [as _listen2]","native":false},{"column":12,"file":"node:net","function":"listenInCluster","line":1480,"method":null,"native":false},{"column":7,"file":"node:net","function":"Server.listen","line":1568,"method":"listen","native":false},{"column":24,"file":"C:\\Users\\srikanth naidu\\Fundoo-Notes\\node_modules\\express\\lib\\application.js","function":"Function.listen","line":635,"method":"listen","native":false},{"column":5,"file":"C:\\Users\\srikanth naidu\\Fundoo-Notes\\src\\/index.js","function":null,"line":37,"method":null,"native":false},{"column":14,"file":"node:internal/modules/cjs/loader","function":"Module._compile","line":1126,"method":"_compile","native":false},{"column":24,"file":"C:\\Users\\srikanth naidu\\Fundoo-Notes\\node_modules\\pirates\\lib\\index.js","function":"Module._compile","line":136,"method":"_compile","native":false},{"column":10,"file":"node:internal/modules/cjs/loader","function":"Module._extensions..js","line":1180,"method":".js","native":false},{"column":7,"file":"C:\\Users\\srikanth naidu\\Fundoo-Notes\\node_modules\\pirates\\lib\\index.js","function":"Object.newLoader [as .js]","line":141,"method":"js]","native":false},{"column":32,"file":"node:internal/modules/cjs/loader","function":"Module.load","line":1004,"method":"load","native":false},{"column":12,"file":"node:internal/modules/cjs/loader","function":"Module._load","line":839,"method":"_load","native":false},{"column":12,"file":"node:internal/modules/run_main","function":"Function.runMain","line":81,"method":"runMain","native":false},{"column":12,"file":"C:\\Users\\srikanth naidu\\Fundoo-Notes\\node_modules\\@babel\\node\\src\\_babel-node.ts","function":null,"line":223,"method":null,"native":false},{"column":14,"file":"node:internal/modules/cjs/loader","function":"Module._compile","line":1126,"method":"_compile","native":false},{"column":10,"file":"node:internal/modules/cjs/loader","function":"Module._extensions..js","line":1180,"method":".js","native":false},{"column":32,"file":"node:internal/modules/cjs/loader","function":"Module.load","line":1004,"method":"load","native":false}]}
info: ::1 - - [06/Feb/2023:15:35:32 +0000] "GET /api/v1/ HTTP/1.1" 200 9 "-" "PostmanRuntime/7.30.1"

info: ::1 - - [06/Feb/2023:15:36:14 +0000] "POST /api/v1/users/Register HTTP/1.1" 500 60 "-" "PostmanRuntime/7.30.1"

info: ::1 - - [06/Feb/2023:15:38:33 +0000] "POST /api/v1/users/Register HTTP/1.1" 500 66 "-" "PostmanRuntime/7.30.1"

info: ::1 - - [06/Feb/2023:15:39:13 +0000] "POST /api/v1/users/Register HTTP/1.1" 500 66 "-" "PostmanRuntime/7.30.1"

info: ::1 - - [06/Feb/2023:15:39:38 +0000] "POST /api/v1/users/Register HTTP/1.1" 201 279 "-" "PostmanRuntime/7.30.1"

info: ::1 - - [06/Feb/2023:15:40:42 +0000] "PUT /api/v1/users/Register/63e11f3a5418d60c146ad775 HTTP/1.1" 404 47 "-" "PostmanRuntime/7.30.1"

info: ::1 - - [06/Feb/2023:15:41:08 +0000] "PUT /api/v1/users/Register HTTP/1.1" 404 47 "-" "PostmanRuntime/7.30.1"

info: ::1 - - [06/Feb/2023:15:41:24 +0000] "POST /api/v1/users/Register HTTP/1.1" 500 56 "-" "PostmanRuntime/7.30.1"

info: ::1 - - [06/Feb/2023:15:41:44 +0000] "POST /api/v1/users/Register HTTP/1.1" 201 276 "-" "PostmanRuntime/7.30.1"

info: ::1 - - [07/Feb/2023:03:16:34 +0000] "GET /api/v1/ HTTP/1.1" 200 9 "-" "PostmanRuntime/7.30.1"

info: ::1 - - [07/Feb/2023:03:16:59 +0000] "POST /api/v1/users/Register HTTP/1.1" 500 56 "-" "PostmanRuntime/7.30.1"

info: ::1 - - [07/Feb/2023:03:17:17 +0000] "POST /api/v1/users/Register HTTP/1.1" 201 274 "-" "PostmanRuntime/7.30.1"

info: ::1 - - [07/Feb/2023:03:34:51 +0000] "POST /api/v1/user/Register HTTP/1.1" 404 47 "-" "PostmanRuntime/7.30.1"

info: ::1 - - [07/Feb/2023:03:34:59 +0000] "POST /api/v1/users/Register HTTP/1.1" 500 56 "-" "PostmanRuntime/7.30.1"

error: uncaughtException: listen EADDRINUSE: address already in use :::3000
Error: listen EADDRINUSE: address already in use :::3000
    at Server.setupListenHandle [as _listen2] (node:net:1432:16)
    at listenInCluster (node:net:1480:12)
    at Server.listen (node:net:1568:7)
    at Function.listen (C:\Users\srikanth naidu\Fundoo-Notes\node_modules\express\lib\application.js:635:24)
    at Object.<anonymous> (C:\Users\srikanth naidu\Fundoo-Notes\src\/index.js:37:5)
    at Module._compile (node:internal/modules/cjs/loader:1126:14)
    at Module._compile (C:\Users\srikanth naidu\Fundoo-Notes\node_modules\pirates\lib\index.js:136:24)
    at Module._extensions..js (node:internal/modules/cjs/loader:1180:10)
    at Object.newLoader [as .js] (C:\Users\srikanth naidu\Fundoo-Notes\node_modules\pirates\lib\index.js:141:7)
    at Module.load (node:internal/modules/cjs/loader:1004:32)
    at Function.Module._load (node:internal/modules/cjs/loader:839:12)
    at Function.runMain (node:internal/modules/run_main:81:12)
    at Object.<anonymous> (C:\Users\srikanth naidu\Fundoo-Notes\node_modules\@babel\node\src\_babel-node.ts:223:12)
    at Module._compile (node:internal/modules/cjs/loader:1126:14)
    at Object.Module._extensions..js (node:internal/modules/cjs/loader:1180:10)
    at Module.load (node:internal/modules/cjs/loader:1004:32)
    at Function.Module._load (node:internal/modules/cjs/loader:839:12)
    at Function.executeUserEntryPoint [as runMain] (node:internal/modules/run_main:81:12)
    at node:internal/main/run_main_module:17:47 {"date":"Tue Feb 07 2023 11:15:17 GMT+0530 (India Standard Time)","error":{"address":"::","code":"EADDRINUSE","errno":-4091,"port":3000,"syscall":"listen"},"exception":true,"os":{"loadavg":[0,0,0],"uptime":76712},"process":{"argv":["node","C:\\Users\\srikanth naidu\\Fundoo-Notes\\src\\index.js"],"cwd":"C:\\Users\\srikanth naidu\\Fundoo-Notes","execPath":"C:\\Program Files\\nodejs\\node.exe","gid":null,"memoryUsage":{"arrayBuffers":19312031,"external":31370406,"heapTotal":82178048,"heapUsed":60089608,"rss":117878784},"pid":2400,"uid":null,"version":"v16.17.1"},"stack":"Error: listen EADDRINUSE: address already in use :::3000\n    at Server.setupListenHandle [as _listen2] (node:net:1432:16)\n    at listenInCluster (node:net:1480:12)\n    at Server.listen (node:net:1568:7)\n    at Function.listen (C:\\Users\\srikanth naidu\\Fundoo-Notes\\node_modules\\express\\lib\\application.js:635:24)\n    at Object.<anonymous> (C:\\Users\\srikanth naidu\\Fundoo-Notes\\src\\/index.js:37:5)\n    at Module._compile (node:internal/modules/cjs/loader:1126:14)\n    at Module._compile (C:\\Users\\srikanth naidu\\Fundoo-Notes\\node_modules\\pirates\\lib\\index.js:136:24)\n    at Module._extensions..js (node:internal/modules/cjs/loader:1180:10)\n    at Object.newLoader [as .js] (C:\\Users\\srikanth naidu\\Fundoo-Notes\\node_modules\\pirates\\lib\\index.js:141:7)\n    at Module.load (node:internal/modules/cjs/loader:1004:32)\n    at Function.Module._load (node:internal/modules/cjs/loader:839:12)\n    at Function.runMain (node:internal/modules/run_main:81:12)\n    at Object.<anonymous> (C:\\Users\\srikanth naidu\\Fundoo-Notes\\node_modules\\@babel\\node\\src\\_babel-node.ts:223:12)\n    at Module._compile (node:internal/modules/cjs/loader:1126:14)\n    at Object.Module._extensions..js (node:internal/modules/cjs/loader:1180:10)\n    at Module.load (node:internal/modules/cjs/loader:1004:32)\n    at Function.Module._load (node:internal/modules/cjs/loader:839:12)\n    at Function.executeUserEntryPoint [as runMain] (node:internal/modules/run_main:81:12)\n    at node:internal/main/run_main_module:17:47","trace":[{"column":16,"file":"node:net","function":"Server.setupListenHandle [as _listen2]","line":1432,"method":"setupListenHandle [as _listen2]","native":false},{"column":12,"file":"node:net","function":"listenInCluster","line":1480,"method":null,"native":false},{"column":7,"file":"node:net","function":"Server.listen","line":1568,"method":"listen","native":false},{"column":24,"file":"C:\\Users\\srikanth naidu\\Fundoo-Notes\\node_modules\\express\\lib\\application.js","function":"Function.listen","line":635,"method":"listen","native":false},{"column":5,"file":"C:\\Users\\srikanth naidu\\Fundoo-Notes\\src\\/index.js","function":null,"line":37,"method":null,"native":false},{"column":14,"file":"node:internal/modules/cjs/loader","function":"Module._compile","line":1126,"method":"_compile","native":false},{"column":24,"file":"C:\\Users\\srikanth naidu\\Fundoo-Notes\\node_modules\\pirates\\lib\\index.js","function":"Module._compile","line":136,"method":"_compile","native":false},{"column":10,"file":"node:internal/modules/cjs/loader","function":"Module._extensions..js","line":1180,"method":".js","native":false},{"column":7,"file":"C:\\Users\\srikanth naidu\\Fundoo-Notes\\node_modules\\pirates\\lib\\index.js","function":"Object.newLoader [as .js]","line":141,"method":"js]","native":false},{"column":32,"file":"node:internal/modules/cjs/loader","function":"Module.load","line":1004,"method":"load","native":false},{"column":12,"file":"node:internal/modules/cjs/loader","function":"Module._load","line":839,"method":"_load","native":false},{"column":12,"file":"node:internal/modules/run_main","function":"Function.runMain","line":81,"method":"runMain","native":false},{"column":12,"file":"C:\\Users\\srikanth naidu\\Fundoo-Notes\\node_modules\\@babel\\node\\src\\_babel-node.ts","function":null,"line":223,"method":null,"native":false},{"column":14,"file":"node:internal/modules/cjs/loader","function":"Module._compile","line":1126,"method":"_compile","native":false},{"column":10,"file":"node:internal/modules/cjs/loader","function":"Module._extensions..js","line":1180,"method":".js","native":false},{"column":32,"file":"node:internal/modules/cjs/loader","function":"Module.load","line":1004,"method":"load","native":false},{"column":12,"file":"node:internal/modules/cjs/loader","function":"Module._load","line":839,"method":"_load","native":false},{"column":12,"file":"node:internal/modules/run_main","function":"Function.executeUserEntryPoint [as runMain]","line":81,"method":"executeUserEntryPoint [as runMain]","native":false},{"column":47,"file":"node:internal/main/run_main_module","function":null,"line":17,"method":null,"native":false}]}
error: uncaughtException: listen EADDRINUSE: address already in use :::3000
Error: listen EADDRINUSE: address already in use :::3000
    at Server.setupListenHandle [as _listen2] (node:net:1432:16)
    at listenInCluster (node:net:1480:12)
    at Server.listen (node:net:1568:7)
    at Function.listen (C:\Users\srikanth naidu\Fundoo-Notes\node_modules\express\lib\application.js:635:24)
    at Object.<anonymous> (C:\Users\srikanth naidu\Fundoo-Notes\src\/index.js:37:5)
    at Module._compile (node:internal/modules/cjs/loader:1126:14)
    at Module._compile (C:\Users\srikanth naidu\Fundoo-Notes\node_modules\pirates\lib\index.js:136:24)
    at Module._extensions..js (node:internal/modules/cjs/loader:1180:10)
    at Object.newLoader [as .js] (C:\Users\srikanth naidu\Fundoo-Notes\node_modules\pirates\lib\index.js:141:7)
    at Module.load (node:internal/modules/cjs/loader:1004:32)
    at Function.Module._load (node:internal/modules/cjs/loader:839:12)
    at Function.runMain (node:internal/modules/run_main:81:12)
    at Object.<anonymous> (C:\Users\srikanth naidu\Fundoo-Notes\node_modules\@babel\node\src\_babel-node.ts:223:12)
    at Module._compile (node:internal/modules/cjs/loader:1126:14)
    at Object.Module._extensions..js (node:internal/modules/cjs/loader:1180:10)
    at Module.load (node:internal/modules/cjs/loader:1004:32) {"date":"Tue Feb 07 2023 11:16:09 GMT+0530 (India Standard Time)","error":{"address":"::","code":"EADDRINUSE","errno":-4091,"port":3000,"syscall":"listen"},"exception":true,"os":{"loadavg":[0,0,0],"uptime":76764},"process":{"argv":["node","C:\\Users\\srikanth naidu\\Fundoo-Notes\\src\\index.js"],"cwd":"C:\\Users\\srikanth naidu\\Fundoo-Notes","execPath":"C:\\Program Files\\nodejs\\node.exe","gid":null,"memoryUsage":{"arrayBuffers":19095330,"external":30527925,"heapTotal":78540800,"heapUsed":49869080,"rss":110989312},"pid":12716,"uid":null,"version":"v16.17.1"},"stack":"Error: listen EADDRINUSE: address already in use :::3000\n    at Server.setupListenHandle [as _listen2] (node:net:1432:16)\n    at listenInCluster (node:net:1480:12)\n    at Server.listen (node:net:1568:7)\n    at Function.listen (C:\\Users\\srikanth naidu\\Fundoo-Notes\\node_modules\\express\\lib\\application.js:635:24)\n    at Object.<anonymous> (C:\\Users\\srikanth naidu\\Fundoo-Notes\\src\\/index.js:37:5)\n    at Module._compile (node:internal/modules/cjs/loader:1126:14)\n    at Module._compile (C:\\Users\\srikanth naidu\\Fundoo-Notes\\node_modules\\pirates\\lib\\index.js:136:24)\n    at Module._extensions..js (node:internal/modules/cjs/loader:1180:10)\n    at Object.newLoader [as .js] (C:\\Users\\srikanth naidu\\Fundoo-Notes\\node_modules\\pirates\\lib\\index.js:141:7)\n    at Module.load (node:internal/modules/cjs/loader:1004:32)\n    at Function.Module._load (node:internal/modules/cjs/loader:839:12)\n    at Function.runMain (node:internal/modules/run_main:81:12)\n    at Object.<anonymous> (C:\\Users\\srikanth naidu\\Fundoo-Notes\\node_modules\\@babel\\node\\src\\_babel-node.ts:223:12)\n    at Module._compile (node:internal/modules/cjs/loader:1126:14)\n    at Object.Module._extensions..js (node:internal/modules/cjs/loader:1180:10)\n    at Module.load (node:internal/modules/cjs/loader:1004:32)","trace":[{"column":16,"file":"node:net","function":"Server.setupListenHandle [as _listen2]","line":1432,"method":"setupListenHandle [as _listen2]","native":false},{"column":12,"file":"node:net","function":"listenInCluster","line":1480,"method":null,"native":false},{"column":7,"file":"node:net","function":"Server.listen","line":1568,"method":"listen","native":false},{"column":24,"file":"C:\\Users\\srikanth naidu\\Fundoo-Notes\\node_modules\\express\\lib\\application.js","function":"Function.listen","line":635,"method":"listen","native":false},{"column":5,"file":"C:\\Users\\srikanth naidu\\Fundoo-Notes\\src\\/index.js","function":null,"line":37,"method":null,"native":false},{"column":14,"file":"node:internal/modules/cjs/loader","function":"Module._compile","line":1126,"method":"_compile","native":false},{"column":24,"file":"C:\\Users\\srikanth naidu\\Fundoo-Notes\\node_modules\\pirates\\lib\\index.js","function":"Module._compile","line":136,"method":"_compile","native":false},{"column":10,"file":"node:internal/modules/cjs/loader","function":"Module._extensions..js","line":1180,"method":".js","native":false},{"column":7,"file":"C:\\Users\\srikanth naidu\\Fundoo-Notes\\node_modules\\pirates\\lib\\index.js","function":"Object.newLoader [as .js]","line":141,"method":"js]","native":false},{"column":32,"file":"node:internal/modules/cjs/loader","function":"Module.load","line":1004,"method":"load","native":false},{"column":12,"file":"node:internal/modules/cjs/loader","function":"Module._load","line":839,"method":"_load","native":false},{"column":12,"file":"node:internal/modules/run_main","function":"Function.runMain","line":81,"method":"runMain","native":false},{"column":12,"file":"C:\\Users\\srikanth naidu\\Fundoo-Notes\\node_modules\\@babel\\node\\src\\_babel-node.ts","function":null,"line":223,"method":null,"native":false},{"column":14,"file":"node:internal/modules/cjs/loader","function":"Module._compile","line":1126,"method":"_compile","native":false},{"column":10,"file":"node:internal/modules/cjs/loader","function":"Module._extensions..js","line":1180,"method":".js","native":false},{"column":32,"file":"node:internal/modules/cjs/loader","function":"Module.load","line":1004,"method":"load","native":false}]}
error: uncaughtException: listen EADDRINUSE: address already in use :::3000
Error: listen EADDRINUSE: address already in use :::3000
    at Server.setupListenHandle [as _listen2] (node:net:1432:16)
    at listenInCluster (node:net:1480:12)
    at Server.listen (node:net:1568:7)
    at Function.listen (C:\Users\srikanth naidu\Fundoo-Notes\node_modules\express\lib\application.js:635:24)
    at Object.<anonymous> (C:\Users\srikanth naidu\Fundoo-Notes\src\/index.js:37:5)
    at Module._compile (node:internal/modules/cjs/loader:1126:14)
    at Module._compile (C:\Users\srikanth naidu\Fundoo-Notes\node_modules\pirates\lib\index.js:136:24)
    at Module._extensions..js (node:internal/modules/cjs/loader:1180:10)
    at Object.newLoader [as .js] (C:\Users\srikanth naidu\Fundoo-Notes\node_modules\pirates\lib\index.js:141:7)
    at Module.load (node:internal/modules/cjs/loader:1004:32)
    at Function.Module._load (node:internal/modules/cjs/loader:839:12)
    at Function.runMain (node:internal/modules/run_main:81:12)
    at Object.<anonymous> (C:\Users\srikanth naidu\Fundoo-Notes\node_modules\@babel\node\src\_babel-node.ts:223:12)
    at Module._compile (node:internal/modules/cjs/loader:1126:14)
    at Object.Module._extensions..js (node:internal/modules/cjs/loader:1180:10)
    at Module.load (node:internal/modules/cjs/loader:1004:32) {"date":"Tue Feb 07 2023 11:16:19 GMT+0530 (India Standard Time)","error":{"address":"::","code":"EADDRINUSE","errno":-4091,"port":3000,"syscall":"listen"},"exception":true,"os":{"loadavg":[0,0,0],"uptime":76773},"process":{"argv":["node","C:\\Users\\srikanth naidu\\Fundoo-Notes\\src\\index.js"],"cwd":"C:\\Users\\srikanth naidu\\Fundoo-Notes","execPath":"C:\\Program Files\\nodejs\\node.exe","gid":null,"memoryUsage":{"arrayBuffers":19139108,"external":30527925,"heapTotal":78016512,"heapUsed":52418016,"rss":110686208},"pid":17312,"uid":null,"version":"v16.17.1"},"stack":"Error: listen EADDRINUSE: address already in use :::3000\n    at Server.setupListenHandle [as _listen2] (node:net:1432:16)\n    at listenInCluster (node:net:1480:12)\n    at Server.listen (node:net:1568:7)\n    at Function.listen (C:\\Users\\srikanth naidu\\Fundoo-Notes\\node_modules\\express\\lib\\application.js:635:24)\n    at Object.<anonymous> (C:\\Users\\srikanth naidu\\Fundoo-Notes\\src\\/index.js:37:5)\n    at Module._compile (node:internal/modules/cjs/loader:1126:14)\n    at Module._compile (C:\\Users\\srikanth naidu\\Fundoo-Notes\\node_modules\\pirates\\lib\\index.js:136:24)\n    at Module._extensions..js (node:internal/modules/cjs/loader:1180:10)\n    at Object.newLoader [as .js] (C:\\Users\\srikanth naidu\\Fundoo-Notes\\node_modules\\pirates\\lib\\index.js:141:7)\n    at Module.load (node:internal/modules/cjs/loader:1004:32)\n    at Function.Module._load (node:internal/modules/cjs/loader:839:12)\n    at Function.runMain (node:internal/modules/run_main:81:12)\n    at Object.<anonymous> (C:\\Users\\srikanth naidu\\Fundoo-Notes\\node_modules\\@babel\\node\\src\\_babel-node.ts:223:12)\n    at Module._compile (node:internal/modules/cjs/loader:1126:14)\n    at Object.Module._extensions..js (node:internal/modules/cjs/loader:1180:10)\n    at Module.load (node:internal/modules/cjs/loader:1004:32)","trace":[{"column":16,"file":"node:net","function":"Server.setupListenHandle [as _listen2]","line":1432,"method":"setupListenHandle [as _listen2]","native":false},{"column":12,"file":"node:net","function":"listenInCluster","line":1480,"method":null,"native":false},{"column":7,"file":"node:net","function":"Server.listen","line":1568,"method":"listen","native":false},{"column":24,"file":"C:\\Users\\srikanth naidu\\Fundoo-Notes\\node_modules\\express\\lib\\application.js","function":"Function.listen","line":635,"method":"listen","native":false},{"column":5,"file":"C:\\Users\\srikanth naidu\\Fundoo-Notes\\src\\/index.js","function":null,"line":37,"method":null,"native":false},{"column":14,"file":"node:internal/modules/cjs/loader","function":"Module._compile","line":1126,"method":"_compile","native":false},{"column":24,"file":"C:\\Users\\srikanth naidu\\Fundoo-Notes\\node_modules\\pirates\\lib\\index.js","function":"Module._compile","line":136,"method":"_compile","native":false},{"column":10,"file":"node:internal/modules/cjs/loader","function":"Module._extensions..js","line":1180,"method":".js","native":false},{"column":7,"file":"C:\\Users\\srikanth naidu\\Fundoo-Notes\\node_modules\\pirates\\lib\\index.js","function":"Object.newLoader [as .js]","line":141,"method":"js]","native":false},{"column":32,"file":"node:internal/modules/cjs/loader","function":"Module.load","line":1004,"method":"load","native":false},{"column":12,"file":"node:internal/modules/cjs/loader","function":"Module._load","line":839,"method":"_load","native":false},{"column":12,"file":"node:internal/modules/run_main","function":"Function.runMain","line":81,"method":"runMain","native":false},{"column":12,"file":"C:\\Users\\srikanth naidu\\Fundoo-Notes\\node_modules\\@babel\\node\\src\\_babel-node.ts","function":null,"line":223,"method":null,"native":false},{"column":14,"file":"node:internal/modules/cjs/loader","function":"Module._compile","line":1126,"method":"_compile","native":false},{"column":10,"file":"node:internal/modules/cjs/loader","function":"Module._extensions..js","line":1180,"method":".js","native":false},{"column":32,"file":"node:internal/modules/cjs/loader","function":"Module.load","line":1004,"method":"load","native":false}]}
error: uncaughtException: listen EADDRINUSE: address already in use :::3000
Error: listen EADDRINUSE: address already in use :::3000
    at Server.setupListenHandle [as _listen2] (node:net:1432:16)
    at listenInCluster (node:net:1480:12)
    at Server.listen (node:net:1568:7)
    at Function.listen (C:\Users\srikanth naidu\Fundoo-Notes\node_modules\express\lib\application.js:635:24)
    at Object.<anonymous> (C:\Users\srikanth naidu\Fundoo-Notes\src\/index.js:37:5)
    at Module._compile (node:internal/modules/cjs/loader:1126:14)
    at Module._compile (C:\Users\srikanth naidu\Fundoo-Notes\node_modules\pirates\lib\index.js:136:24)
    at Module._extensions..js (node:internal/modules/cjs/loader:1180:10)
    at Object.newLoader [as .js] (C:\Users\srikanth naidu\Fundoo-Notes\node_modules\pirates\lib\index.js:141:7)
    at Module.load (node:internal/modules/cjs/loader:1004:32)
    at Function.Module._load (node:internal/modules/cjs/loader:839:12)
    at Function.runMain (node:internal/modules/run_main:81:12)
    at Object.<anonymous> (C:\Users\srikanth naidu\Fundoo-Notes\node_modules\@babel\node\src\_babel-node.ts:223:12)
    at Module._compile (node:internal/modules/cjs/loader:1126:14)
    at Object.Module._extensions..js (node:internal/modules/cjs/loader:1180:10)
    at Module.load (node:internal/modules/cjs/loader:1004:32) {"date":"Tue Feb 07 2023 11:17:08 GMT+0530 (India Standard Time)","error":{"address":"::","code":"EADDRINUSE","errno":-4091,"port":3000,"syscall":"listen"},"exception":true,"os":{"loadavg":[0,0,0],"uptime":76822},"process":{"argv":["node","C:\\Users\\srikanth naidu\\Fundoo-Notes\\src\\index.js"],"cwd":"C:\\Users\\srikanth naidu\\Fundoo-Notes","execPath":"C:\\Program Files\\nodejs\\node.exe","gid":null,"memoryUsage":{"arrayBuffers":18820402,"external":21850464,"heapTotal":81948672,"heapUsed":47345520,"rss":113004544},"pid":12352,"uid":null,"version":"v16.17.1"},"stack":"Error: listen EADDRINUSE: address already in use :::3000\n    at Server.setupListenHandle [as _listen2] (node:net:1432:16)\n    at listenInCluster (node:net:1480:12)\n    at Server.listen (node:net:1568:7)\n    at Function.listen (C:\\Users\\srikanth naidu\\Fundoo-Notes\\node_modules\\express\\lib\\application.js:635:24)\n    at Object.<anonymous> (C:\\Users\\srikanth naidu\\Fundoo-Notes\\src\\/index.js:37:5)\n    at Module._compile (node:internal/modules/cjs/loader:1126:14)\n    at Module._compile (C:\\Users\\srikanth naidu\\Fundoo-Notes\\node_modules\\pirates\\lib\\index.js:136:24)\n    at Module._extensions..js (node:internal/modules/cjs/loader:1180:10)\n    at Object.newLoader [as .js] (C:\\Users\\srikanth naidu\\Fundoo-Notes\\node_modules\\pirates\\lib\\index.js:141:7)\n    at Module.load (node:internal/modules/cjs/loader:1004:32)\n    at Function.Module._load (node:internal/modules/cjs/loader:839:12)\n    at Function.runMain (node:internal/modules/run_main:81:12)\n    at Object.<anonymous> (C:\\Users\\srikanth naidu\\Fundoo-Notes\\node_modules\\@babel\\node\\src\\_babel-node.ts:223:12)\n    at Module._compile (node:internal/modules/cjs/loader:1126:14)\n    at Object.Module._extensions..js (node:internal/modules/cjs/loader:1180:10)\n    at Module.load (node:internal/modules/cjs/loader:1004:32)","trace":[{"column":16,"file":"node:net","function":"Server.setupListenHandle [as _listen2]","line":1432,"method":"setupListenHandle [as _listen2]","native":false},{"column":12,"file":"node:net","function":"listenInCluster","line":1480,"method":null,"native":false},{"column":7,"file":"node:net","function":"Server.listen","line":1568,"method":"listen","native":false},{"column":24,"file":"C:\\Users\\srikanth naidu\\Fundoo-Notes\\node_modules\\express\\lib\\application.js","function":"Function.listen","line":635,"method":"listen","native":false},{"column":5,"file":"C:\\Users\\srikanth naidu\\Fundoo-Notes\\src\\/index.js","function":null,"line":37,"method":null,"native":false},{"column":14,"file":"node:internal/modules/cjs/loader","function":"Module._compile","line":1126,"method":"_compile","native":false},{"column":24,"file":"C:\\Users\\srikanth naidu\\Fundoo-Notes\\node_modules\\pirates\\lib\\index.js","function":"Module._compile","line":136,"method":"_compile","native":false},{"column":10,"file":"node:internal/modules/cjs/loader","function":"Module._extensions..js","line":1180,"method":".js","native":false},{"column":7,"file":"C:\\Users\\srikanth naidu\\Fundoo-Notes\\node_modules\\pirates\\lib\\index.js","function":"Object.newLoader [as .js]","line":141,"method":"js]","native":false},{"column":32,"file":"node:internal/modules/cjs/loader","function":"Module.load","line":1004,"method":"load","native":false},{"column":12,"file":"node:internal/modules/cjs/loader","function":"Module._load","line":839,"method":"_load","native":false},{"column":12,"file":"node:internal/modules/run_main","function":"Function.runMain","line":81,"method":"runMain","native":false},{"column":12,"file":"C:\\Users\\srikanth naidu\\Fundoo-Notes\\node_modules\\@babel\\node\\src\\_babel-node.ts","function":null,"line":223,"method":null,"native":false},{"column":14,"file":"node:internal/modules/cjs/loader","function":"Module._compile","line":1126,"method":"_compile","native":false},{"column":10,"file":"node:internal/modules/cjs/loader","function":"Module._extensions..js","line":1180,"method":".js","native":false},{"column":32,"file":"node:internal/modules/cjs/loader","function":"Module.load","line":1004,"method":"load","native":false}]}
info: ::1 - - [07/Feb/2023:05:48:25 +0000] "GET /api/v1/ HTTP/1.1" 200 9 "-" "PostmanRuntime/7.30.1"

info: ::1 - - [07/Feb/2023:05:48:55 +0000] "POST /api/v1/users/registor HTTP/1.1" 404 47 "-" "PostmanRuntime/7.30.1"

info: ::1 - - [07/Feb/2023:05:49:01 +0000] "POST /api/v1/users/registor/ HTTP/1.1" 404 47 "-" "PostmanRuntime/7.30.1"

info: ::1 - - [07/Feb/2023:05:49:10 +0000] "POST /api/v1/users/ HTTP/1.1" 404 47 "-" "PostmanRuntime/7.30.1"

info: ::1 - - [07/Feb/2023:05:49:23 +0000] "POST /api/v1/user/registor HTTP/1.1" 404 47 "-" "PostmanRuntime/7.30.1"

info: ::1 - - [07/Feb/2023:05:49:31 +0000] "POST /api/v1/user/Registor HTTP/1.1" 404 47 "-" "PostmanRuntime/7.30.1"

